#
# There is insufficient memory for the Java Runtime Environment to continue.
# Native memory allocation (mmap) failed to map 142606336 bytes for committing reserved memory.
# Possible reasons:
#   The system is out of physical RAM or swap space
#   In 32 bit mode, the process size limit was hit
# Possible solutions:
#   Reduce memory load on the system
#   Increase physical memory or swap space
#   Check if swap backing store is full
#   Use 64 bit Java on a 64 bit OS
#   Decrease Java heap size (-Xmx/-Xms)
#   Decrease number of Java threads
#   Decrease Java thread stack sizes (-Xss)
#   Set larger code cache with -XX:ReservedCodeCacheSize=
# This output file may be truncated or incomplete.
#
#  Out of Memory Error (os_linux.cpp:2638), pid=12234, tid=0x00007fb3386f6700
#
# JRE version: OpenJDK Runtime Environment (8.0_101-b13) (build 1.8.0_101-b13)
# Java VM: OpenJDK 64-Bit Server VM (25.101-b13 mixed mode linux-amd64 compressed oops)
# Failed to write core dump. Core dumps have been disabled. To enable core dumping, try "ulimit -c unlimited" before starting Java again
#

---------------  T H R E A D  ---------------

Current thread (0x00007fb348081800):  VMThread [stack: 0x00007fb3385f6000,0x00007fb3386f7000] [id=12238]

Stack: [0x00007fb3385f6000,0x00007fb3386f7000],  sp=0x00007fb3386f52c0,  free space=1020k
Native frames: (J=compiled Java code, j=interpreted, Vv=VM code, C=native code)
V  [libjvm.so+0xa2d5dd]
V  [libjvm.so+0x4d7b69]
V  [libjvm.so+0x89e4c3]
V  [libjvm.so+0x89e869]
V  [libjvm.so+0x8987ea]
V  [libjvm.so+0x90526b]
V  [libjvm.so+0x8f5b79]
V  [libjvm.so+0x8f5cf2]
V  [libjvm.so+0x8f60eb]
V  [libjvm.so+0x8fdea6]
V  [libjvm.so+0x903529]
V  [libjvm.so+0x8be50d]
V  [libjvm.so+0xa2eff7]
V  [libjvm.so+0xa35a92]
V  [libjvm.so+0xa33eb5]
V  [libjvm.so+0xa3437b]
V  [libjvm.so+0xa34852]
V  [libjvm.so+0x8a18b2]

VM_Operation (0x00007fb31cfd5a00): ParallelGCFailedAllocation, mode: safepoint, requested by thread 0x00007fb3484cf800


---------------  P R O C E S S  ---------------

Java Threads: ( => current thread )
  0x00007fb300003000 JavaThread "pool-2-thread-3" [_thread_blocked, id=12266, stack(0x00007fb2f71f5000,0x00007fb2f72f6000)]
  0x00007fb300001800 JavaThread "pool-2-thread-2" [_thread_blocked, id=12265, stack(0x00007fb2f72f6000,0x00007fb2f73f7000)]
  0x00007fb2f8001000 JavaThread "pool-4-thread-3" [_thread_blocked, id=12264, stack(0x00007fb2f73f7000,0x00007fb2f74f8000)]
  0x00007fb304416800 JavaThread "Abandoned connection cleanup thread" daemon [_thread_blocked, id=12263, stack(0x00007fb2f76f8000,0x00007fb2f77f9000)]
  0x00007fb304400000 JavaThread "elasticsearch[importer][generic][T#1]" daemon [_thread_blocked, id=12262, stack(0x00007fb2f78fb000,0x00007fb2f79fc000)]
  0x00007fb30c001000 JavaThread "elasticsearch[importer][transport_client_timer][T#1]{Hashed wheel timer #1}" daemon [_thread_blocked, id=12261, stack(0x00007fb2f79fc000,0x00007fb2f7afd000)]
  0x00007fb3043b9000 JavaThread "elasticsearch[importer][bulk_processor][T#1]" daemon [_thread_blocked, id=12260, stack(0x00007fb2f7cfd000,0x00007fb2f7dfe000)]
  0x00007fb3043b6000 JavaThread "pool-4-thread-2" [_thread_blocked, id=12259, stack(0x00007fb2f7dfe000,0x00007fb2f7eff000)]
  0x00007fb3043b0000 JavaThread "pool-5-thread-1" [_thread_blocked, id=12258, stack(0x00007fb2f7eff000,0x00007fb2f8000000)]
  0x00007fb3042e0000 JavaThread "elasticsearch[importer][transport_client_boss][T#1]{New I/O boss #5}" daemon [_thread_blocked, id=12257, stack(0x00007fb31c0cf000,0x00007fb31c1d0000)]
  0x00007fb3042cd800 JavaThread "elasticsearch[importer][transport_client_worker][T#4]{New I/O worker #4}" daemon [_thread_blocked, id=12256, stack(0x00007fb31c1d0000,0x00007fb31c2d1000)]
  0x00007fb3042cc000 JavaThread "elasticsearch[importer][transport_client_worker][T#3]{New I/O worker #3}" daemon [_thread_blocked, id=12255, stack(0x00007fb31c2d1000,0x00007fb31c3d2000)]
  0x00007fb3042d6800 JavaThread "elasticsearch[importer][transport_client_worker][T#2]{New I/O worker #2}" daemon [_thread_blocked, id=12254, stack(0x00007fb31c3d2000,0x00007fb31c4d3000)]
  0x00007fb3042d1800 JavaThread "elasticsearch[importer][transport_client_worker][T#1]{New I/O worker #1}" daemon [_thread_blocked, id=12253, stack(0x00007fb31c4d3000,0x00007fb31c5d4000)]
  0x00007fb3042bb800 JavaThread "elasticsearch[importer][scheduler][T#1]" daemon [_thread_blocked, id=12252, stack(0x00007fb31c5d4000,0x00007fb31c6d5000)]
  0x00007fb3040ba000 JavaThread "elasticsearch[importer][[timer]]" daemon [_thread_blocked, id=12251, stack(0x00007fb31cad5000,0x00007fb31cbd6000)]
  0x00007fb304012000 JavaThread "pool-4-thread-1" [_thread_blocked, id=12250, stack(0x00007fb31cdd6000,0x00007fb31ced7000)]
  0x00007fb3484cf800 JavaThread "pool-3-thread-1" [_thread_blocked, id=12249, stack(0x00007fb31ced7000,0x00007fb31cfd8000)]
  0x00007fb3484cb800 JavaThread "pool-2-thread-1" [_thread_blocked, id=12248, stack(0x00007fb31cfd8000,0x00007fb31d0d9000)]
  0x00007fb3480d4000 JavaThread "Service Thread" daemon [_thread_blocked, id=12244, stack(0x00007fb31e06c000,0x00007fb31e16d000)]
  0x00007fb3480c9800 JavaThread "C1 CompilerThread1" daemon [_thread_blocked, id=12243, stack(0x00007fb3380f1000,0x00007fb3381f2000)]
  0x00007fb3480bc000 JavaThread "C2 CompilerThread0" daemon [_thread_blocked, id=12242, stack(0x00007fb3381f2000,0x00007fb3382f3000)]
  0x00007fb3480ba000 JavaThread "Signal Dispatcher" daemon [_thread_blocked, id=12241, stack(0x00007fb3382f3000,0x00007fb3383f4000)]
  0x00007fb348090000 JavaThread "Finalizer" daemon [_thread_blocked, id=12240, stack(0x00007fb3383f4000,0x00007fb3384f5000)]
  0x00007fb34808b800 JavaThread "Reference Handler" daemon [_thread_blocked, id=12239, stack(0x00007fb3384f5000,0x00007fb3385f6000)]
  0x00007fb34800a000 JavaThread "main" [_thread_blocked, id=12235, stack(0x00007fb34ff03000,0x00007fb350004000)]

Other Threads:
=>0x00007fb348081800 VMThread [stack: 0x00007fb3385f6000,0x00007fb3386f7000] [id=12238]
  0x00007fb3480d9000 WatcherThread [stack: 0x00007fb31df6b000,0x00007fb31e06c000] [id=12245]

VM state:at safepoint (normal execution)

VM Mutex/Monitor currently owned by a thread:  ([mutex/lock_event])
[0x00007fb3480072b0] ExpandHeap_lock - owner thread: 0x00007fb348081800
[0x00007fb348007930] Threads_lock - owner thread: 0x00007fb348081800
[0x00007fb348007e30] Heap_lock - owner thread: 0x00007fb3484cf800

Heap:
 PSYoungGen      total 130560K, used 30146K [0x00000000ec000000, 0x00000000f9e00000, 0x0000000100000000)
  eden space 31232K, 0% used [0x00000000ec000000,0x00000000ec000000,0x00000000ede80000)
  from space 99328K, 30% used [0x00000000ede80000,0x00000000efbf0bf8,0x00000000f3f80000)
  to   space 93184K, 0% used [0x00000000f4300000,0x00000000f4300000,0x00000000f9e00000)
 ParOldGen       total 212992K, used 212621K [0x00000000c4000000, 0x00000000d1000000, 0x00000000ec000000)
  object space 212992K, 99% used [0x00000000c4000000,0x00000000d0fa3688,0x00000000d1000000)
 Metaspace       used 23996K, capacity 24164K, committed 24576K, reserved 1071104K
  class space    used 2882K, capacity 2949K, committed 3072K, reserved 1048576K

Card table byte_map: [0x00007fb34eeff000,0x00007fb34f0e0000] byte_map_base: 0x00007fb34e8df000

Marking Bits: (ParMarkBitMap*) 0x00007fb350f0dde0
 Begin Bits: [0x00007fb34cdbd000, 0x00007fb34dcbd000)
 End Bits:   [0x00007fb34dcbd000, 0x00007fb34ebbd000)

Polling page: 0x00007fb350f38000

CodeCache: size=245760Kb used=4474Kb max_used=4487Kb free=241285Kb
 bounds [0x00007fb339000000, 0x00007fb339470000, 0x00007fb348000000]
 total_blobs=1867 nmethods=1374 adapters=407
 compilation: enabled

Compilation events (10 events):
Event: 18.120 Thread 0x00007fb3480c9800 nmethod 1377 0x00007fb339112410 code [0x00007fb339112640, 0x00007fb3391131d8]
Event: 18.120 Thread 0x00007fb3480c9800 1378       1       sun.nio.ch.EPollArrayWrapper::interrupted (5 bytes)
Event: 18.121 Thread 0x00007fb3480c9800 nmethod 1378 0x00007fb33910e750 code [0x00007fb33910e8a0, 0x00007fb33910e9b0]
Event: 18.122 Thread 0x00007fb3480c9800 1379       3       java.util.concurrent.locks.ReentrantLock::unlock (10 bytes)
Event: 18.122 Thread 0x00007fb3480c9800 nmethod 1379 0x00007fb339108790 code [0x00007fb339108920, 0x00007fb339108d18]
Event: 18.123 Thread 0x00007fb3480bc000 nmethod 1376% 0x00007fb339463dd0 code [0x00007fb339463fe0, 0x00007fb339464e30]
Event: 18.152 Thread 0x00007fb3480c9800 1380       1       org.jboss.netty.util.HashedWheelTimer::access$400 (5 bytes)
Event: 18.153 Thread 0x00007fb3480c9800 nmethod 1380 0x00007fb3391084d0 code [0x00007fb339108620, 0x00007fb339108710]
Event: 18.153 Thread 0x00007fb3480c9800 1381       1       org.jboss.netty.util.HashedWheelTimer::access$500 (5 bytes)
Event: 18.153 Thread 0x00007fb3480c9800 nmethod 1381 0x00007fb339107610 code [0x00007fb339107760, 0x00007fb339107850]

GC Heap History (10 events):
Event: 12.235 GC heap after
Heap after GC invocations=10 (full 2):
 PSYoungGen      total 81408K, used 35833K [0x00000000ec000000, 0x00000000f7080000, 0x0000000100000000)
  eden space 45568K, 0% used [0x00000000ec000000,0x00000000ec000000,0x00000000eec80000)
  from space 35840K, 99% used [0x00000000f2300000,0x00000000f45fe520,0x00000000f4600000)
  to   space 55808K, 0% used [0x00000000eec80000,0x00000000eec80000,0x00000000f2300000)
 ParOldGen       total 87552K, used 87432K [0x00000000c4000000, 0x00000000c9580000, 0x00000000ec000000)
  object space 87552K, 99% used [0x00000000c4000000,0x00000000c95623d0,0x00000000c9580000)
 Metaspace       used 23994K, capacity 24164K, committed 24576K, reserved 1071104K
  class space    used 2882K, capacity 2949K, committed 3072K, reserved 1048576K
}
Event: 12.235 GC heap before
{Heap before GC invocations=11 (full 3):
 PSYoungGen      total 81408K, used 35833K [0x00000000ec000000, 0x00000000f7080000, 0x0000000100000000)
  eden space 45568K, 0% used [0x00000000ec000000,0x00000000ec000000,0x00000000eec80000)
  from space 35840K, 99% used [0x00000000f2300000,0x00000000f45fe520,0x00000000f4600000)
  to   space 55808K, 0% used [0x00000000eec80000,0x00000000eec80000,0x00000000f2300000)
 ParOldGen       total 87552K, used 87432K [0x00000000c4000000, 0x00000000c9580000, 0x00000000ec000000)
  object space 87552K, 99% used [0x00000000c4000000,0x00000000c95623d0,0x00000000c9580000)
 Metaspace       used 23994K, capacity 24164K, committed 24576K, reserved 1071104K
  class space    used 2882K, capacity 2949K, committed 3072K, reserved 1048576K
Event: 14.192 GC heap after
Heap after GC invocations=11 (full 3):
 PSYoungGen      total 81408K, used 34159K [0x00000000ec000000, 0x00000000f7080000, 0x0000000100000000)
  eden space 45568K, 0% used [0x00000000ec000000,0x00000000ec000000,0x00000000eec80000)
  from space 35840K, 95% used [0x00000000f2300000,0x00000000f445be78,0x00000000f4600000)
  to   space 55808K, 0% used [0x00000000eec80000,0x00000000eec80000,0x00000000f2300000)
 ParOldGen       total 179200K, used 87164K [0x00000000c4000000, 0x00000000cef00000, 0x00000000ec000000)
  object space 179200K, 48% used [0x00000000c4000000,0x00000000c951f1b8,0x00000000cef00000)
 Metaspace       used 23994K, capacity 24164K, committed 24576K, reserved 1071104K
  class space    used 2882K, capacity 2949K, committed 3072K, reserved 1048576K
}
Event: 15.572 GC heap before
{Heap before GC invocations=12 (full 3):
 PSYoungGen      total 81408K, used 79727K [0x00000000ec000000, 0x00000000f7080000, 0x0000000100000000)
  eden space 45568K, 100% used [0x00000000ec000000,0x00000000eec80000,0x00000000eec80000)
  from space 35840K, 95% used [0x00000000f2300000,0x00000000f445be78,0x00000000f4600000)
  to   space 55808K, 0% used [0x00000000eec80000,0x00000000eec80000,0x00000000f2300000)
 ParOldGen       total 179200K, used 87164K [0x00000000c4000000, 0x00000000cef00000, 0x00000000ec000000)
  object space 179200K, 48% used [0x00000000c4000000,0x00000000c951f1b8,0x00000000cef00000)
 Metaspace       used 23994K, capacity 24164K, committed 24576K, reserved 1071104K
  class space    used 2882K, capacity 2949K, committed 3072K, reserved 1048576K
Event: 15.897 GC heap after
Heap after GC invocations=12 (full 3):
 PSYoungGen      total 101376K, used 55797K [0x00000000ec000000, 0x00000000f8a00000, 0x0000000100000000)
  eden space 45568K, 0% used [0x00000000ec000000,0x00000000ec000000,0x00000000eec80000)
  from space 55808K, 99% used [0x00000000eec80000,0x00000000f22fd7a0,0x00000000f2300000)
  to   space 76288K, 0% used [0x00000000f3f80000,0x00000000f3f80000,0x00000000f8a00000)
 ParOldGen       total 179200K, used 111108K [0x00000000c4000000, 0x00000000cef00000, 0x00000000ec000000)
  object space 179200K, 62% used [0x00000000c4000000,0x00000000cac811b8,0x00000000cef00000)
 Metaspace       used 23994K, capacity 24164K, committed 24576K, reserved 1071104K
  class space    used 2882K, capacity 2949K, committed 3072K, reserved 1048576K
}
Event: 17.437 GC heap before
{Heap before GC invocations=13 (full 3):
 PSYoungGen      total 101376K, used 101365K [0x00000000ec000000, 0x00000000f8a00000, 0x0000000100000000)
  eden space 45568K, 100% used [0x00000000ec000000,0x00000000eec80000,0x00000000eec80000)
  from space 55808K, 99% used [0x00000000eec80000,0x00000000f22fd7a0,0x00000000f2300000)
  to   space 76288K, 0% used [0x00000000f3f80000,0x00000000f3f80000,0x00000000f8a00000)
 ParOldGen       total 179200K, used 111108K [0x00000000c4000000, 0x00000000cef00000, 0x00000000ec000000)
  object space 179200K, 62% used [0x00000000c4000000,0x00000000cac811b8,0x00000000cef00000)
 Metaspace       used 23995K, capacity 24164K, committed 24576K, reserved 1071104K
  class space    used 2882K, capacity 2949K, committed 3072K, reserved 1048576K
Event: 18.119 GC heap after
Heap after GC invocations=13 (full 3):
 PSYoungGen      total 107520K, used 76256K [0x00000000ec000000, 0x00000000fba80000, 0x0000000100000000)
  eden space 31232K, 0% used [0x00000000ec000000,0x00000000ec000000,0x00000000ede80000)
  from space 76288K, 99% used [0x00000000f3f80000,0x00000000f89f8368,0x00000000f8a00000)
  to   space 99328K, 0% used [0x00000000ede80000,0x00000000ede80000,0x00000000f3f80000)
 ParOldGen       total 179200K, used 136156K [0x00000000c4000000, 0x00000000cef00000, 0x00000000ec000000)
  object space 179200K, 75% used [0x00000000c4000000,0x00000000cc4f71b8,0x00000000cef00000)
 Metaspace       used 23995K, capacity 24164K, committed 24576K, reserved 1071104K
  class space    used 2882K, capacity 2949K, committed 3072K, reserved 1048576K
}
Event: 19.007 GC heap before
{Heap before GC invocations=14 (full 3):
 PSYoungGen      total 107520K, used 107488K [0x00000000ec000000, 0x00000000fba80000, 0x0000000100000000)
  eden space 31232K, 100% used [0x00000000ec000000,0x00000000ede80000,0x00000000ede80000)
  from space 76288K, 99% used [0x00000000f3f80000,0x00000000f89f8368,0x00000000f8a00000)
  to   space 99328K, 0% used [0x00000000ede80000,0x00000000ede80000,0x00000000f3f80000)
 ParOldGen       total 179200K, used 136156K [0x00000000c4000000, 0x00000000cef00000, 0x00000000ec000000)
  object space 179200K, 75% used [0x00000000c4000000,0x00000000cc4f71b8,0x00000000cef00000)
 Metaspace       used 23996K, capacity 24164K, committed 24576K, reserved 1071104K
  class space    used 2882K, capacity 2949K, committed 3072K, reserved 1048576K
Event: 19.378 GC heap after
Heap after GC invocations=14 (full 3):
 PSYoungGen      total 130560K, used 31264K [0x00000000ec000000, 0x00000000f9e00000, 0x0000000100000000)
  eden space 31232K, 0% used [0x00000000ec000000,0x00000000ec000000,0x00000000ede80000)
  from space 99328K, 31% used [0x00000000ede80000,0x00000000efd08000,0x00000000f3f80000)
  to   space 93184K, 0% used [0x00000000f4300000,0x00000000f4300000,0x00000000f9e00000)
 ParOldGen       total 212992K, used 212973K [0x00000000c4000000, 0x00000000d1000000, 0x00000000ec000000)
  object space 212992K, 99% used [0x00000000c4000000,0x00000000d0ffb520,0x00000000d1000000)
 Metaspace       used 23996K, capacity 24164K, committed 24576K, reserved 1071104K
  class space    used 2882K, capacity 2949K, committed 3072K, reserved 1048576K
}
Event: 19.378 GC heap before
{Heap before GC invocations=15 (full 4):
 PSYoungGen      total 130560K, used 31264K [0x00000000ec000000, 0x00000000f9e00000, 0x0000000100000000)
  eden space 31232K, 0% used [0x00000000ec000000,0x00000000ec000000,0x00000000ede80000)
  from space 99328K, 31% used [0x00000000ede80000,0x00000000efd08000,0x00000000f3f80000)
  to   space 93184K, 0% used [0x00000000f4300000,0x00000000f4300000,0x00000000f9e00000)
 ParOldGen       total 212992K, used 212973K [0x00000000c4000000, 0x00000000d1000000, 0x00000000ec000000)
  object space 212992K, 99% used [0x00000000c4000000,0x00000000d0ffb520,0x00000000d1000000)
 Metaspace       used 23996K, capacity 24164K, committed 24576K, reserved 1071104K
  class space    used 2882K, capacity 2949K, committed 3072K, reserved 1048576K

Deoptimization events (10 events):
Event: 1.567 Thread 0x00007fb34800a000 Uncommon trap: reason=unstable_if action=reinterpret pc=0x00007fb3391e3698 method=java.util.HashMap.getNode(ILjava/lang/Object;)Ljava/util/HashMap$Node; @ 129
Event: 1.574 Thread 0x00007fb34800a000 Uncommon trap: reason=range_check action=make_not_entrant pc=0x00007fb3391c4700 method=sun.reflect.generics.parser.SignatureParser.current()C @ 34
Event: 1.920 Thread 0x00007fb34800a000 Uncommon trap: reason=unstable_if action=reinterpret pc=0x00007fb3391e0008 method=java.lang.String.indexOf([CII[CIII)I @ 3
Event: 2.078 Thread 0x00007fb34800a000 Uncommon trap: reason=class_check action=maybe_recompile pc=0x00007fb3392466f0 method=java.util.HashMap.putVal(ILjava/lang/Object;Ljava/lang/Object;ZZ)Ljava/lang/Object; @ 203
Event: 2.119 Thread 0x00007fb34800a000 Uncommon trap: reason=class_check action=maybe_recompile pc=0x00007fb33925d57c method=java.util.HashMap.putVal(ILjava/lang/Object;Ljava/lang/Object;ZZ)Ljava/lang/Object; @ 203
Event: 3.886 Thread 0x00007fb3484cf800 Uncommon trap: reason=class_check action=maybe_recompile pc=0x00007fb3392466f0 method=java.util.HashMap.putVal(ILjava/lang/Object;Ljava/lang/Object;ZZ)Ljava/lang/Object; @ 203
Event: 3.895 Thread 0x00007fb3484cf800 Uncommon trap: reason=class_check action=maybe_recompile pc=0x00007fb3392466f0 method=java.util.HashMap.putVal(ILjava/lang/Object;Ljava/lang/Object;ZZ)Ljava/lang/Object; @ 203
Event: 5.055 Thread 0x00007fb3484cf800 Uncommon trap: reason=unstable_if action=reinterpret pc=0x00007fb3392fe854 method=java.lang.String.lastIndexOf([CII[CIII)I @ 66
Event: 5.741 Thread 0x00007fb3484cf800 Uncommon trap: reason=unstable_if action=reinterpret pc=0x00007fb3391ffeb4 method=java.lang.AbstractStringBuilder.append(Ljava/lang/String;)Ljava/lang/AbstractStringBuilder; @ 1
Event: 6.245 Thread 0x00007fb3484cf800 Uncommon trap: reason=predicate action=maybe_recompile pc=0x00007fb3392dfa3c method=sun.net.www.ParseUtil.encodePath(Ljava/lang/String;Z)Ljava/lang/String; @ 36

Internal exceptions (10 events):
Event: 0.485 Thread 0x00007fb34800a000 Exception <a 'java/security/PrivilegedActionException'> (0x00000000ec247c50) thrown at [/builddir/build/BUILD/java-1.8.0-openjdk-1.8.0.101-3.b13.el6_8.x86_64/openjdk/hotspot/src/share/vm/prims/jvm.cpp, line 1396]
Event: 0.485 Thread 0x00007fb34800a000 Exception <a 'java/security/PrivilegedActionException'> (0x00000000ec24a520) thrown at [/builddir/build/BUILD/java-1.8.0-openjdk-1.8.0.101-3.b13.el6_8.x86_64/openjdk/hotspot/src/share/vm/prims/jvm.cpp, line 1396]
Event: 0.485 Thread 0x00007fb34800a000 Exception <a 'java/security/PrivilegedActionException'> (0x00000000ec24a730) thrown at [/builddir/build/BUILD/java-1.8.0-openjdk-1.8.0.101-3.b13.el6_8.x86_64/openjdk/hotspot/src/share/vm/prims/jvm.cpp, line 1396]
Event: 0.485 Thread 0x00007fb34800a000 Exception <a 'java/security/PrivilegedActionException'> (0x00000000ec24b420) thrown at [/builddir/build/BUILD/java-1.8.0-openjdk-1.8.0.101-3.b13.el6_8.x86_64/openjdk/hotspot/src/share/vm/prims/jvm.cpp, line 1396]
Event: 0.485 Thread 0x00007fb34800a000 Exception <a 'java/security/PrivilegedActionException'> (0x00000000ec24b630) thrown at [/builddir/build/BUILD/java-1.8.0-openjdk-1.8.0.101-3.b13.el6_8.x86_64/openjdk/hotspot/src/share/vm/prims/jvm.cpp, line 1396]
Event: 1.574 Thread 0x00007fb34800a000 Exception <a 'java/lang/ArrayIndexOutOfBoundsException': 18> (0x00000000ece0bf60) thrown at [/builddir/build/BUILD/java-1.8.0-openjdk-1.8.0.101-3.b13.el6_8.x86_64/openjdk/hotspot/src/share/vm/interpreter/interpreterRuntime.cpp, line 369]
Event: 1.574 Thread 0x00007fb34800a000 Exception <a 'java/lang/ArrayIndexOutOfBoundsException': 110> (0x00000000ece0d4b8) thrown at [/builddir/build/BUILD/java-1.8.0-openjdk-1.8.0.101-3.b13.el6_8.x86_64/openjdk/hotspot/src/share/vm/interpreter/interpreterRuntime.cpp, line 369]
Event: 5.239 Thread 0x00007fb3484cf800 Exception <a 'java/lang/NoSuchFieldError': method resolution failed> (0x00000000ed49e310) thrown at [/builddir/build/BUILD/java-1.8.0-openjdk-1.8.0.101-3.b13.el6_8.x86_64/openjdk/hotspot/src/share/vm/prims/methodHandles.cpp, line 1146]
Event: 5.241 Thread 0x00007fb3484cf800 Exception <a 'java/lang/NoSuchFieldError': method resolution failed> (0x00000000ed4ab9d0) thrown at [/builddir/build/BUILD/java-1.8.0-openjdk-1.8.0.101-3.b13.el6_8.x86_64/openjdk/hotspot/src/share/vm/prims/methodHandles.cpp, line 1146]
Event: 5.741 Thread 0x00007fb3484cf800 Implicit null exception at 0x00007fb3391ffb35 to 0x00007fb3391ffea1

Events (10 events):
Event: 16.899 Thread 0x00007fb3480c9800 flushing nmethod 0x00007fb3391086d0
Event: 16.899 Thread 0x00007fb3480c9800 flushing nmethod 0x00007fb339108a10
Event: 16.899 Thread 0x00007fb3480c9800 flushing nmethod 0x00007fb339109710
Event: 16.899 Thread 0x00007fb3480c9800 flushing nmethod 0x00007fb33910e750
Event: 16.899 Thread 0x00007fb3480c9800 flushing nmethod 0x00007fb339112410
Event: 17.437 Executing VM operation: ParallelGCFailedAllocation
Event: 18.119 Executing VM operation: ParallelGCFailedAllocation done
Event: 18.146 Thread 0x00007fb3484cf800 DEOPT PACKING pc=0x00007fb33945d3c6 sp=0x00007fb31cfd5a60
Event: 18.146 Thread 0x00007fb3484cf800 DEOPT UNPACKING pc=0x00007fb339047373 sp=0x00007fb31cfd58c8 mode 0
Event: 19.007 Executing VM operation: ParallelGCFailedAllocation


Dynamic libraries:
00400000-00401000 r-xp 00000000 fc:01 1311323                            /usr/lib/jvm/java-1.8.0-openjdk-1.8.0.101-3.b13.el6_8.x86_64/jre/bin/java
00600000-00602000 rw-p 00000000 fc:01 1311323                            /usr/lib/jvm/java-1.8.0-openjdk-1.8.0.101-3.b13.el6_8.x86_64/jre/bin/java
0257d000-0259e000 rw-p 00000000 00:00 0                                  [heap]
c4000000-d1000000 rw-p 00000000 00:00 0 
d9800000-ec000000 ---p 00000000 00:00 0 
ec000000-f9e00000 rw-p 00000000 00:00 0 
f9e00000-100000000 ---p 00000000 00:00 0 
100000000-100300000 rw-p 00000000 00:00 0 
100300000-140000000 ---p 00000000 00:00 0 
3014600000-3014616000 r-xp 00000000 fc:01 267959                         /lib64/libgcc_s-4.4.7-20120601.so.1
3014616000-3014815000 ---p 00016000 fc:01 267959                         /lib64/libgcc_s-4.4.7-20120601.so.1
3014815000-3014816000 rw-p 00015000 fc:01 267959                         /lib64/libgcc_s-4.4.7-20120601.so.1
3014a00000-3014ae8000 r-xp 00000000 fc:01 1054505                        /usr/lib64/libstdc++.so.6.0.13
3014ae8000-3014ce8000 ---p 000e8000 fc:01 1054505                        /usr/lib64/libstdc++.so.6.0.13
3014ce8000-3014cef000 r--p 000e8000 fc:01 1054505                        /usr/lib64/libstdc++.so.6.0.13
3014cef000-3014cf1000 rw-p 000ef000 fc:01 1054505                        /usr/lib64/libstdc++.so.6.0.13
3014cf1000-3014d06000 rw-p 00000000 00:00 0 
3dc7400000-3dc7420000 r-xp 00000000 fc:01 262170                         /lib64/ld-2.12.so
3dc761f000-3dc7620000 r--p 0001f000 fc:01 262170                         /lib64/ld-2.12.so
3dc7620000-3dc7621000 rw-p 00020000 fc:01 262170                         /lib64/ld-2.12.so
3dc7621000-3dc7622000 rw-p 00000000 00:00 0 
3dc7800000-3dc798a000 r-xp 00000000 fc:01 262197                         /lib64/libc-2.12.so
3dc798a000-3dc7b8a000 ---p 0018a000 fc:01 262197                         /lib64/libc-2.12.so
3dc7b8a000-3dc7b8e000 r--p 0018a000 fc:01 262197                         /lib64/libc-2.12.so
3dc7b8e000-3dc7b90000 rw-p 0018e000 fc:01 262197                         /lib64/libc-2.12.so
3dc7b90000-3dc7b94000 rw-p 00000000 00:00 0 
3dc7c00000-3dc7c17000 r-xp 00000000 fc:01 262259                         /lib64/libpthread-2.12.so
3dc7c17000-3dc7e17000 ---p 00017000 fc:01 262259                         /lib64/libpthread-2.12.so
3dc7e17000-3dc7e18000 r--p 00017000 fc:01 262259                         /lib64/libpthread-2.12.so
3dc7e18000-3dc7e19000 rw-p 00018000 fc:01 262259                         /lib64/libpthread-2.12.so
3dc7e19000-3dc7e1d000 rw-p 00000000 00:00 0 
3dc8000000-3dc8002000 r-xp 00000000 fc:01 262270                         /lib64/libdl-2.12.so
3dc8002000-3dc8202000 ---p 00002000 fc:01 262270                         /lib64/libdl-2.12.so
3dc8202000-3dc8203000 r--p 00002000 fc:01 262270                         /lib64/libdl-2.12.so
3dc8203000-3dc8204000 rw-p 00003000 fc:01 262270                         /lib64/libdl-2.12.so
3dc8400000-3dc8415000 r-xp 00000000 fc:01 269638                         /lib64/libz.so.1.2.3
3dc8415000-3dc8614000 ---p 00015000 fc:01 269638                         /lib64/libz.so.1.2.3
3dc8614000-3dc8615000 r--p 00014000 fc:01 269638                         /lib64/libz.so.1.2.3
3dc8615000-3dc8616000 rw-p 00015000 fc:01 269638                         /lib64/libz.so.1.2.3
3dc8800000-3dc880e000 r-xp 00000000 fc:01 1311692                        /usr/lib/jvm/java-1.8.0-openjdk-1.8.0.101-3.b13.el6_8.x86_64/jre/lib/amd64/jli/libjli.so
3dc880e000-3dc8a0d000 ---p 0000e000 fc:01 1311692                        /usr/lib/jvm/java-1.8.0-openjdk-1.8.0.101-3.b13.el6_8.x86_64/jre/lib/amd64/jli/libjli.so
3dc8a0d000-3dc8a0e000 rw-p 0000d000 fc:01 1311692                        /usr/lib/jvm/java-1.8.0-openjdk-1.8.0.101-3.b13.el6_8.x86_64/jre/lib/amd64/jli/libjli.so
3dc8c00000-3dc8c83000 r-xp 00000000 fc:01 269093                         /lib64/libm-2.12.so
3dc8c83000-3dc8e82000 ---p 00083000 fc:01 269093                         /lib64/libm-2.12.so
3dc8e82000-3dc8e83000 r--p 00082000 fc:01 269093                         /lib64/libm-2.12.so
3dc8e83000-3dc8e84000 rw-p 00083000 fc:01 269093                         /lib64/libm-2.12.so
7fb2f71f5000-7fb2f71f8000 ---p 00000000 00:00 0 
7fb2f71f8000-7fb2f72f6000 rw-p 00000000 00:00 0 
7fb2f72f6000-7fb2f72f9000 ---p 00000000 00:00 0 
7fb2f72f9000-7fb2f73f7000 rw-p 00000000 00:00 0 
7fb2f73f7000-7fb2f73fa000 ---p 00000000 00:00 0 
7fb2f73fa000-7fb2f75f8000 rw-p 00000000 00:00 0 
7fb2f75f8000-7fb2f76f8000 ---p 00000000 00:00 0 
7fb2f76f8000-7fb2f76fb000 ---p 00000000 00:00 0 
7fb2f76fb000-7fb2f78fb000 rw-p 00000000 00:00 0 
7fb2f78fb000-7fb2f78fe000 ---p 00000000 00:00 0 
7fb2f78fe000-7fb2f79fc000 rw-p 00000000 00:00 0 
7fb2f79fc000-7fb2f79ff000 ---p 00000000 00:00 0 
7fb2f79ff000-7fb2f7cfd000 rw-p 00000000 00:00 0 
7fb2f7cfd000-7fb2f7d00000 ---p 00000000 00:00 0 
7fb2f7d00000-7fb2f7dfe000 rw-p 00000000 00:00 0 
7fb2f7dfe000-7fb2f7e01000 ---p 00000000 00:00 0 
7fb2f7e01000-7fb2f7eff000 rw-p 00000000 00:00 0 
7fb2f7eff000-7fb2f7f02000 ---p 00000000 00:00 0 
7fb2f7f02000-7fb2f8000000 rw-p 00000000 00:00 0 
7fb2f8000000-7fb2f8021000 rw-p 00000000 00:00 0 
7fb2f8021000-7fb2fc000000 ---p 00000000 00:00 0 
7fb2fc000000-7fb2fc021000 rw-p 00000000 00:00 0 
7fb2fc021000-7fb300000000 ---p 00000000 00:00 0 
7fb300000000-7fb300021000 rw-p 00000000 00:00 0 
7fb300021000-7fb304000000 ---p 00000000 00:00 0 
7fb304000000-7fb304632000 rw-p 00000000 00:00 0 
7fb304632000-7fb308000000 ---p 00000000 00:00 0 
7fb308000000-7fb308021000 rw-p 00000000 00:00 0 
7fb308021000-7fb30c000000 ---p 00000000 00:00 0 
7fb30c000000-7fb30c021000 rw-p 00000000 00:00 0 
7fb30c021000-7fb310000000 ---p 00000000 00:00 0 
7fb310000000-7fb31028b000 rw-p 00000000 00:00 0 
7fb31028b000-7fb314000000 ---p 00000000 00:00 0 
7fb314000000-7fb3144b6000 rw-p 00000000 00:00 0 
7fb3144b6000-7fb318000000 ---p 00000000 00:00 0 
7fb318000000-7fb318021000 rw-p 00000000 00:00 0 
7fb318021000-7fb31c000000 ---p 00000000 00:00 0 
7fb31c049000-7fb31c04e000 r--s 00309000 fc:01 1311530                    /usr/lib/jvm/java-1.8.0-openjdk-1.8.0.101-3.b13.el6_8.x86_64/jre/lib/charsets.jar
7fb31c04e000-7fb31c0cf000 rw-p 00000000 00:00 0 
7fb31c0cf000-7fb31c0d2000 ---p 00000000 00:00 0 
7fb31c0d2000-7fb31c1d0000 rw-p 00000000 00:00 0 
7fb31c1d0000-7fb31c1d3000 ---p 00000000 00:00 0 
7fb31c1d3000-7fb31c2d1000 rw-p 00000000 00:00 0 
7fb31c2d1000-7fb31c2d4000 ---p 00000000 00:00 0 
7fb31c2d4000-7fb31c3d2000 rw-p 00000000 00:00 0 
7fb31c3d2000-7fb31c3d5000 ---p 00000000 00:00 0 
7fb31c3d5000-7fb31c4d3000 rw-p 00000000 00:00 0 
7fb31c4d3000-7fb31c4d6000 ---p 00000000 00:00 0 
7fb31c4d6000-7fb31c5d4000 rw-p 00000000 00:00 0 
7fb31c5d4000-7fb31c5d7000 ---p 00000000 00:00 0 
7fb31c5d7000-7fb31c8d5000 rw-p 00000000 00:00 0 
7fb31c8d5000-7fb31cad5000 rw-p 00000000 00:00 0 
7fb31cad5000-7fb31cad8000 ---p 00000000 00:00 0 
7fb31cad8000-7fb31cdd6000 rw-p 00000000 00:00 0 
7fb31cdd6000-7fb31cdd9000 ---p 00000000 00:00 0 
7fb31cdd9000-7fb31ced7000 rw-p 00000000 00:00 0 
7fb31ced7000-7fb31ceda000 ---p 00000000 00:00 0 
7fb31ceda000-7fb31cfd8000 rw-p 00000000 00:00 0 
7fb31cfd8000-7fb31cfdb000 ---p 00000000 00:00 0 
7fb31cfdb000-7fb31d0d9000 rw-p 00000000 00:00 0 
7fb31d0d9000-7fb31d0dd000 r--s 000b0000 fc:01 1311565                    /usr/lib/jvm/java-1.8.0-openjdk-1.8.0.101-3.b13.el6_8.x86_64/jre/lib/jsse.jar
7fb31d0dd000-7fb31d2dd000 rw-p 00000000 00:00 0 
7fb31d2dd000-7fb31d2ee000 r-xp 00000000 fc:01 1311516                    /usr/lib/jvm/java-1.8.0-openjdk-1.8.0.101-3.b13.el6_8.x86_64/jre/lib/amd64/libnio.so
7fb31d2ee000-7fb31d4ee000 ---p 00011000 fc:01 1311516                    /usr/lib/jvm/java-1.8.0-openjdk-1.8.0.101-3.b13.el6_8.x86_64/jre/lib/amd64/libnio.so
7fb31d4ee000-7fb31d4ef000 rw-p 00011000 fc:01 1311516                    /usr/lib/jvm/java-1.8.0-openjdk-1.8.0.101-3.b13.el6_8.x86_64/jre/lib/amd64/libnio.so
7fb31d4ef000-7fb31d6ef000 rw-p 00000000 00:00 0 
7fb31d6ef000-7fb31d70a000 r--s 001d5000 fc:01 1311546                    /usr/lib/jvm/java-1.8.0-openjdk-1.8.0.101-3.b13.el6_8.x86_64/jre/lib/ext/nashorn.jar
7fb31d70a000-7fb31d746000 r--s 00000000 fc:01 786460                     /var/db/nscd/hosts
7fb31d746000-7fb31da46000 rw-p 00000000 00:00 0 
7fb31da46000-7fb31da5d000 r-xp 00000000 fc:01 1311515                    /usr/lib/jvm/java-1.8.0-openjdk-1.8.0.101-3.b13.el6_8.x86_64/jre/lib/amd64/libnet.so
7fb31da5d000-7fb31dc5d000 ---p 00017000 fc:01 1311515                    /usr/lib/jvm/java-1.8.0-openjdk-1.8.0.101-3.b13.el6_8.x86_64/jre/lib/amd64/libnet.so
7fb31dc5d000-7fb31dc5e000 rw-p 00017000 fc:01 1311515                    /usr/lib/jvm/java-1.8.0-openjdk-1.8.0.101-3.b13.el6_8.x86_64/jre/lib/amd64/libnet.so
7fb31dc5e000-7fb31dc67000 r-xp 00000000 fc:01 1311513                    /usr/lib/jvm/java-1.8.0-openjdk-1.8.0.101-3.b13.el6_8.x86_64/jre/lib/amd64/libmanagement.so
7fb31dc67000-7fb31de66000 ---p 00009000 fc:01 1311513                    /usr/lib/jvm/java-1.8.0-openjdk-1.8.0.101-3.b13.el6_8.x86_64/jre/lib/amd64/libmanagement.so
7fb31de66000-7fb31de67000 rw-p 00008000 fc:01 1311513                    /usr/lib/jvm/java-1.8.0-openjdk-1.8.0.101-3.b13.el6_8.x86_64/jre/lib/amd64/libmanagement.so
7fb31de67000-7fb31de92000 r--s 001fc000 fc:10 1654787                    /data/elasticsearch-jdbc-2.3.3.0/lib/guava-18.0.jar
7fb31de92000-7fb31de96000 r--s 00035000 fc:10 1654822                    /data/elasticsearch-jdbc-2.3.3.0/lib/lucene-sandbox-5.5.0.jar
7fb31de96000-7fb31de99000 r--s 0001d000 fc:10 1654818                    /data/elasticsearch-jdbc-2.3.3.0/lib/elasticsearch-jdbc-2.3.3.0.jar
7fb31de99000-7fb31de9d000 r--s 00027000 fc:10 1654826                    /data/elasticsearch-jdbc-2.3.3.0/lib/lucene-misc-5.5.0.jar
7fb31de9d000-7fb31dea0000 r--s 00021000 fc:10 1654800                    /data/elasticsearch-jdbc-2.3.3.0/lib/log4j-api-2.5.jar
7fb31dea0000-7fb31dea1000 r--s 00007000 fc:10 1654825                    /data/elasticsearch-jdbc-2.3.3.0/lib/slf4j-api-1.7.12.jar
7fb31dea1000-7fb31dea4000 r--s 00022000 fc:10 1654795                    /data/elasticsearch-jdbc-2.3.3.0/lib/spatial4j-0.5.jar
7fb31dea4000-7fb31deab000 r--s 00097000 fc:10 1654824                    /data/elasticsearch-jdbc-2.3.3.0/lib/postgresql-9.4.1208.jre7.jar
7fb31deab000-7fb31deac000 r--s 00005000 fc:10 1654799                    /data/elasticsearch-jdbc-2.3.3.0/lib/log4j-slf4j-impl-2.5.jar
7fb31deac000-7fb31deb0000 r--s 0003c000 fc:10 1654794                    /data/elasticsearch-jdbc-2.3.3.0/lib/jackson-core-2.6.6.jar
7fb31deb0000-7fb31deba000 r--s 00059000 fc:10 1654803                    /data/elasticsearch-jdbc-2.3.3.0/lib/lucene-queryparser-5.5.0.jar
7fb31deba000-7fb31df6b000 r--s 0084c000 fc:10 1654798                    /data/elasticsearch-jdbc-2.3.3.0/lib/elasticsearch-2.3.3.jar
7fb31df6b000-7fb31df6c000 ---p 00000000 00:00 0 
7fb31df6c000-7fb31e06c000 rw-p 00000000 00:00 0 
7fb31e06c000-7fb31e06f000 ---p 00000000 00:00 0 
7fb31e06f000-7fb31e16d000 rw-p 00000000 00:00 0 
7fb31e16d000-7fb324000000 r--p 00000000 fc:01 1050047                    /usr/lib/locale/locale-archive
7fb324000000-7fb324021000 rw-p 00000000 00:00 0 
7fb324021000-7fb328000000 ---p 00000000 00:00 0 
7fb328000000-7fb328021000 rw-p 00000000 00:00 0 
7fb328021000-7fb32c000000 ---p 00000000 00:00 0 
7fb32c000000-7fb32c021000 rw-p 00000000 00:00 0 
7fb32c021000-7fb330000000 ---p 00000000 00:00 0 
7fb330000000-7fb330021000 rw-p 00000000 00:00 0 
7fb330021000-7fb334000000 ---p 00000000 00:00 0 
7fb334000000-7fb334021000 rw-p 00000000 00:00 0 
7fb334021000-7fb338000000 ---p 00000000 00:00 0 
7fb338003000-7fb338005000 r--s 00012000 fc:10 1654809                    /data/elasticsearch-jdbc-2.3.3.0/lib/compress-lzf-1.0.2.jar
7fb338005000-7fb338009000 r--s 00020000 fc:10 1654813                    /data/elasticsearch-jdbc-2.3.3.0/lib/lucene-highlighter-5.5.0.jar
7fb338009000-7fb338038000 r--s 002e5000 fc:10 1654792                    /data/elasticsearch-jdbc-2.3.3.0/lib/derby-10.12.1.1.jar
7fb338038000-7fb338046000 r--s 0015f000 fc:10 1654819                    /data/elasticsearch-jdbc-2.3.3.0/lib/hsqldb-2.3.3.jar
7fb338046000-7fb33804d000 r--s 00037000 fc:10 1654814                    /data/elasticsearch-jdbc-2.3.3.0/lib/lucene-queries-5.5.0.jar
7fb33804d000-7fb338053000 r--s 00044000 fc:10 1654797                    /data/elasticsearch-jdbc-2.3.3.0/lib/elasticsearch-helper-2.3.3.0.jar
7fb338053000-7fb338061000 r--s 001a1000 fc:10 1654790                    /data/elasticsearch-jdbc-2.3.3.0/lib/h2-1.4.191.jar
7fb338061000-7fb338063000 r--s 0000b000 fc:10 1654793                    /data/elasticsearch-jdbc-2.3.3.0/lib/t-digest-3.0.jar
7fb338063000-7fb338068000 r--s 0003b000 fc:10 1654811                    /data/elasticsearch-jdbc-2.3.3.0/lib/lucene-spatial-5.5.0.jar
7fb338068000-7fb33807b000 r--s 0016f000 fc:10 1654791                    /data/elasticsearch-jdbc-2.3.3.0/lib/lucene-analyzers-common-5.5.0.jar
7fb33807b000-7fb33807e000 r--s 00032000 fc:10 1654827                    /data/elasticsearch-jdbc-2.3.3.0/lib/jdbc-driver-csv-1.0.0.jar
7fb33807e000-7fb338081000 r--s 00018000 fc:10 1654789                    /data/elasticsearch-jdbc-2.3.3.0/lib/lucene-grouping-5.5.0.jar
7fb338081000-7fb33808a000 r--s 00046000 fc:10 1654812                    /data/elasticsearch-jdbc-2.3.3.0/lib/jackson-dataformat-yaml-2.6.6.jar
7fb33808a000-7fb33808e000 r--s 0001e000 fc:10 1654831                    /data/elasticsearch-jdbc-2.3.3.0/lib/lucene-join-5.5.0.jar
7fb33808e000-7fb338090000 r--s 00007000 fc:10 1654805                    /data/elasticsearch-jdbc-2.3.3.0/lib/lucene-memory-5.5.0.jar
7fb338090000-7fb33809a000 r--s 000e7000 fc:10 1654815                    /data/elasticsearch-jdbc-2.3.3.0/lib/mysql-connector-java-5.1.38.jar
7fb33809a000-7fb3380b2000 r--s 000f7000 fc:10 1654802                    /data/elasticsearch-jdbc-2.3.3.0/lib/log4j-core-2.5.jar
7fb3380b2000-7fb3380ba000 r--s 00062000 fc:10 1654823                    /data/elasticsearch-jdbc-2.3.3.0/lib/lucene-backward-codecs-5.5.0.jar
7fb3380ba000-7fb3380e1000 r--s 0021c000 fc:10 1654830                    /data/elasticsearch-jdbc-2.3.3.0/lib/lucene-core-5.5.0.jar
7fb3380e1000-7fb3380f1000 r--s 00088000 fc:10 1654817                    /data/elasticsearch-jdbc-2.3.3.0/lib/joda-time-2.8.2.jar
7fb3380f1000-7fb3380f4000 ---p 00000000 00:00 0 
7fb3380f4000-7fb3381f2000 rw-p 00000000 00:00 0 
7fb3381f2000-7fb3381f5000 ---p 00000000 00:00 0 
7fb3381f5000-7fb3382f3000 rw-p 00000000 00:00 0 
7fb3382f3000-7fb3382f6000 ---p 00000000 00:00 0 
7fb3382f6000-7fb3383f4000 rw-p 00000000 00:00 0 
7fb3383f4000-7fb3383f7000 ---p 00000000 00:00 0 
7fb3383f7000-7fb3384f5000 rw-p 00000000 00:00 0 
7fb3384f5000-7fb3384f8000 ---p 00000000 00:00 0 
7fb3384f8000-7fb3385f6000 rw-p 00000000 00:00 0 
7fb3385f6000-7fb3385f7000 ---p 00000000 00:00 0 
7fb3385f7000-7fb339000000 rw-p 00000000 00:00 0 
7fb339000000-7fb339470000 rwxp 00000000 00:00 0 
7fb339470000-7fb348000000 ---p 00000000 00:00 0 
7fb348000000-7fb3484f0000 rw-p 00000000 00:00 0 
7fb3484f0000-7fb34c000000 ---p 00000000 00:00 0 
7fb34c001000-7fb34c002000 rw-p 00000000 00:00 0 
7fb34c002000-7fb34c003000 r--s 00001000 fc:10 1654801                    /data/elasticsearch-jdbc-2.3.3.0/lib/securesm-1.0.jar
7fb34c003000-7fb34c005000 r--s 00011000 fc:10 1654808                    /data/elasticsearch-jdbc-2.3.3.0/lib/jackson-dataformat-smile-2.6.6.jar
7fb34c005000-7fb34c009000 r--s 0002d000 fc:10 1654796                    /data/elasticsearch-jdbc-2.3.3.0/lib/lucene-spatial3d-5.5.0.jar
7fb34c009000-7fb34c00e000 r--s 00038000 fc:10 1654806                    /data/elasticsearch-jdbc-2.3.3.0/lib/lucene-suggest-5.5.0.jar
7fb34c00e000-7fb34c010000 r--s 00019000 fc:10 1654820                    /data/elasticsearch-jdbc-2.3.3.0/lib/HdrHistogram-2.1.6.jar
7fb34c010000-7fb34c029000 r--s 0012c000 fc:10 1654807                    /data/elasticsearch-jdbc-2.3.3.0/lib/netty-3.10.5.Final.jar
7fb34c029000-7fb34c040000 r--s 00100000 fc:10 1654804                    /data/elasticsearch-jdbc-2.3.3.0/lib/hppc-0.7.1.jar
7fb34c040000-7fb34c042000 r--s 00008000 fc:10 1654828                    /data/elasticsearch-jdbc-2.3.3.0/lib/joda-convert-1.2.jar
7fb34c042000-7fb34c053000 r--s 000b2000 fc:10 1654816                    /data/elasticsearch-jdbc-2.3.3.0/lib/jts-1.13.jar
7fb34c053000-7fb34c103000 rw-p 00000000 00:00 0 
7fb34c103000-7fb34c2d1000 r--s 043c8000 fc:01 1311579                    /usr/lib/jvm/java-1.8.0-openjdk-1.8.0.101-3.b13.el6_8.x86_64/jre/lib/rt.jar
7fb34c2d1000-7fb34ebbd000 rw-p 00000000 00:00 0 
7fb34ebbd000-7fb34ebbe000 ---p 00000000 00:00 0 
7fb34ebbe000-7fb34ecbe000 rw-p 00000000 00:00 0 
7fb34ecbe000-7fb34ecbf000 ---p 00000000 00:00 0 
7fb34ecbf000-7fb34ee27000 rw-p 00000000 00:00 0 
7fb34ee27000-7fb34eeff000 ---p 00000000 00:00 0 
7fb34eeff000-7fb34ef67000 rw-p 00000000 00:00 0 
7fb34ef67000-7fb34f03f000 ---p 00000000 00:00 0 
7fb34f03f000-7fb34f0ae000 rw-p 00000000 00:00 0 
7fb34f0ae000-7fb34f0df000 ---p 00000000 00:00 0 
7fb34f0df000-7fb34f0f2000 rw-p 00000000 00:00 0 
7fb34f0f2000-7fb34f4a0000 ---p 00000000 00:00 0 
7fb34f4a0000-7fb34f4a8000 r-xp 00000000 fc:01 1311523                    /usr/lib/jvm/java-1.8.0-openjdk-1.8.0.101-3.b13.el6_8.x86_64/jre/lib/amd64/libzip.so
7fb34f4a8000-7fb34f6a7000 ---p 00008000 fc:01 1311523                    /usr/lib/jvm/java-1.8.0-openjdk-1.8.0.101-3.b13.el6_8.x86_64/jre/lib/amd64/libzip.so
7fb34f6a7000-7fb34f6a8000 rw-p 00007000 fc:01 1311523                    /usr/lib/jvm/java-1.8.0-openjdk-1.8.0.101-3.b13.el6_8.x86_64/jre/lib/amd64/libzip.so
7fb34f6a8000-7fb34f6b5000 r-xp 00000000 fc:01 262215                     /lib64/libnss_files-2.12.so
7fb34f6b5000-7fb34f8b4000 ---p 0000d000 fc:01 262215                     /lib64/libnss_files-2.12.so
7fb34f8b4000-7fb34f8b5000 r--p 0000c000 fc:01 262215                     /lib64/libnss_files-2.12.so
7fb34f8b5000-7fb34f8b6000 rw-p 0000d000 fc:01 262215                     /lib64/libnss_files-2.12.so
7fb34f8b6000-7fb34f8b8000 r--s 0000e000 fc:10 1654829                    /data/elasticsearch-jdbc-2.3.3.0/lib/jsr166e-1.1.0.jar
7fb34f8b8000-7fb34f8b9000 r--s 0000c000 fc:10 1654821                    /data/elasticsearch-jdbc-2.3.3.0/lib/commons-cli-1.3.1.jar
7fb34f8b9000-7fb34f8bf000 r--s 0003c000 fc:10 1654810                    /data/elasticsearch-jdbc-2.3.3.0/lib/snakeyaml-1.15.jar
7fb34f8bf000-7fb34f8c0000 r--s 0000b000 fc:10 1654788                    /data/elasticsearch-jdbc-2.3.3.0/lib/jackson-dataformat-cbor-2.6.6.jar
7fb34f8c0000-7fb34f8ea000 r-xp 00000000 fc:01 1311505                    /usr/lib/jvm/java-1.8.0-openjdk-1.8.0.101-3.b13.el6_8.x86_64/jre/lib/amd64/libjava.so
7fb34f8ea000-7fb34faea000 ---p 0002a000 fc:01 1311505                    /usr/lib/jvm/java-1.8.0-openjdk-1.8.0.101-3.b13.el6_8.x86_64/jre/lib/amd64/libjava.so
7fb34faea000-7fb34faec000 rw-p 0002a000 fc:01 1311505                    /usr/lib/jvm/java-1.8.0-openjdk-1.8.0.101-3.b13.el6_8.x86_64/jre/lib/amd64/libjava.so
7fb34faec000-7fb34fafa000 r-xp 00000000 fc:01 1311522                    /usr/lib/jvm/java-1.8.0-openjdk-1.8.0.101-3.b13.el6_8.x86_64/jre/lib/amd64/libverify.so
7fb34fafa000-7fb34fcf9000 ---p 0000e000 fc:01 1311522                    /usr/lib/jvm/java-1.8.0-openjdk-1.8.0.101-3.b13.el6_8.x86_64/jre/lib/amd64/libverify.so
7fb34fcf9000-7fb34fcfb000 rw-p 0000d000 fc:01 1311522                    /usr/lib/jvm/java-1.8.0-openjdk-1.8.0.101-3.b13.el6_8.x86_64/jre/lib/amd64/libverify.so
7fb34fcfb000-7fb34fd02000 r-xp 00000000 fc:01 262147                     /lib64/librt-2.12.so
7fb34fd02000-7fb34ff01000 ---p 00007000 fc:01 262147                     /lib64/librt-2.12.so
7fb34ff01000-7fb34ff02000 r--p 00006000 fc:01 262147                     /lib64/librt-2.12.so
7fb34ff02000-7fb34ff03000 rw-p 00007000 fc:01 262147                     /lib64/librt-2.12.so
7fb34ff03000-7fb34ff06000 ---p 00000000 00:00 0 
7fb34ff06000-7fb350004000 rw-p 00000000 00:00 0 
7fb350004000-7fb350c2c000 r-xp 00000000 fc:01 1311527                    /usr/lib/jvm/java-1.8.0-openjdk-1.8.0.101-3.b13.el6_8.x86_64/jre/lib/amd64/server/libjvm.so
7fb350c2c000-7fb350e2c000 ---p 00c28000 fc:01 1311527                    /usr/lib/jvm/java-1.8.0-openjdk-1.8.0.101-3.b13.el6_8.x86_64/jre/lib/amd64/server/libjvm.so
7fb350e2c000-7fb350efa000 rw-p 00c28000 fc:01 1311527                    /usr/lib/jvm/java-1.8.0-openjdk-1.8.0.101-3.b13.el6_8.x86_64/jre/lib/amd64/server/libjvm.so
7fb350efa000-7fb350f2f000 rw-p 00000000 00:00 0 
7fb350f2f000-7fb350f37000 rw-s 00000000 fc:01 530097                     /tmp/hsperfdata_root/12234
7fb350f37000-7fb350f38000 rw-p 00000000 00:00 0 
7fb350f38000-7fb350f39000 ---p 00000000 00:00 0 
7fb350f39000-7fb350f3a000 rw-p 00000000 00:00 0 
7fff3a2ea000-7fff3a2ff000 rw-p 00000000 00:00 0                          [stack]
7fff3a35b000-7fff3a35c000 r-xp 00000000 00:00 0                          [vdso]
ffffffffff600000-ffffffffff601000 r-xp 00000000 00:00 0                  [vsyscall]

VM Arguments:
jvm_args: -Dlog4j.configurationFile=/data/elasticsearch-jdbc-2.3.3.0/bin/log4j2.xml 
java_command: org.xbib.tools.Runner org.xbib.tools.JDBCImporter
java_class_path (initial): /data/elasticsearch-jdbc-2.3.3.0/lib/jackson-dataformat-cbor-2.6.6.jar:/data/elasticsearch-jdbc-2.3.3.0/lib/snakeyaml-1.15.jar:/data/elasticsearch-jdbc-2.3.3.0/lib/jts-1.13.jar:/data/elasticsearch-jdbc-2.3.3.0/lib/joda-convert-1.2.jar:/data/elasticsearch-jdbc-2.3.3.0/lib/hppc-0.7.1.jar:/data/elasticsearch-jdbc-2.3.3.0/lib/netty-3.10.5.Final.jar:/data/elasticsearch-jdbc-2.3.3.0/lib/HdrHistogram-2.1.6.jar:/data/elasticsearch-jdbc-2.3.3.0/lib/joda-time-2.8.2.jar:/data/elasticsearch-jdbc-2.3.3.0/lib/lucene-suggest-5.5.0.jar:/data/elasticsearch-jdbc-2.3.3.0/lib/commons-cli-1.3.1.jar:/data/elasticsearch-jdbc-2.3.3.0/lib/lucene-spatial3d-5.5.0.jar:/data/elasticsearch-jdbc-2.3.3.0/lib/jackson-dataformat-smile-2.6.6.jar:/data/elasticsearch-jdbc-2.3.3.0/lib/lucene-core-5.5.0.jar:/data/elasticsearch-jdbc-2.3.3.0/lib/jsr166e-1.1.0.jar:/data/elasticsearch-jdbc-2.3.3.0/lib/lucene-backward-codecs-5.5.0.jar:/data/elasticsearch-jdbc-2.3.3.0/lib/log4j-core-2.5.jar:/data/elasticsearch-jdbc-2.3.3.0/lib/mysql-connector-java-5.1.38.jar:/data/elasticsearch-jdbc-2.3.3.0/lib/lucene-memory-5.5.0.jar:/data/elasticsearch-jdbc-2.3.3.0/lib/securesm-1.0.jar:/data/elasticsearch-jdbc-2.3.3.0/lib/lucene-join-5.5.0.jar:/data/elasticsearch-jdbc-2.3.3.0/lib/jackson-dataformat-yaml-2.6.6.jar:/data/elasticsearch-jdbc-2.3.3.0/lib/lucene-grouping-5.5.0.jar:/data/elasticsearch-jdbc-2.3.3.0/lib/jdbc-driver-csv-1.0.0.jar:/data/elasticsearch-jdbc-2.3.3.0/lib/lucene-analyzers-common-5.5.0.jar:/data/elasticsearch-jdbc-2.3.3.0/lib/elasticsearch-2.3.3.jar:/data/elasticsearch-jdbc-2.3.3.0/lib/lucene-spatial-5.5.0.jar:/data/elasticsearch-jdbc-2.3.3.0/lib/t-digest-3.0.jar:/data/elasticsearch-jdbc-2.3.3.0/lib/h2-1.4.191.jar:/data/elasticsearch-jdbc-2.3.3.0/lib/elasticsearch-helper-2.3.3.0.jar:/data/elasticsearch-jdbc-2.3.3.0/lib/lucene-queries-5.5.0.jar:/data/elasticsearch-jdbc-2.3.3.0/lib/hsqldb-2.3.3.jar:/data/elasticsearch-jdbc-2.3.3.0/lib/derby-10.12.1.1.jar:/data/elasticsearch-jdbc-2.
Launcher Type: SUN_STANDARD

Environment Variables:
PATH=/usr/local/sbin:/usr/local/bin:/sbin:/bin:/usr/sbin:/usr/bin:/data/node-v8.9.4-linux-x64/bin/:/data/node-v8.9.4-linux-x64/lib/node_modules/:/data/spark-2.1.0-bin-hadoop2.7/bin/:/data/apache-maven-3.5.0/bin/:/root/bin
SHELL=/bin/bash

Signal Handlers:
SIGSEGV: [libjvm.so+0xa2dff0], sa_mask[0]=11111111011111111101111111111110, sa_flags=SA_RESTART|SA_SIGINFO
SIGBUS: [libjvm.so+0xa2dff0], sa_mask[0]=11111111011111111101111111111110, sa_flags=SA_RESTART|SA_SIGINFO
SIGFPE: [libjvm.so+0x89ada0], sa_mask[0]=11111111011111111101111111111110, sa_flags=SA_RESTART|SA_SIGINFO
SIGPIPE: [libjvm.so+0x89ada0], sa_mask[0]=11111111011111111101111111111110, sa_flags=SA_RESTART|SA_SIGINFO
SIGXFSZ: [libjvm.so+0x89ada0], sa_mask[0]=11111111011111111101111111111110, sa_flags=SA_RESTART|SA_SIGINFO
SIGILL: [libjvm.so+0x89ada0], sa_mask[0]=11111111011111111101111111111110, sa_flags=SA_RESTART|SA_SIGINFO
SIGUSR1: SIG_DFL, sa_mask[0]=00000000000000000000000000000000, sa_flags=none
SIGUSR2: [libjvm.so+0x89c360], sa_mask[0]=00000000000000000000000000000000, sa_flags=SA_RESTART|SA_SIGINFO
SIGHUP: [libjvm.so+0x89dc40], sa_mask[0]=11111111011111111101111111111110, sa_flags=SA_RESTART|SA_SIGINFO
SIGINT: [libjvm.so+0x89dc40], sa_mask[0]=11111111011111111101111111111110, sa_flags=SA_RESTART|SA_SIGINFO
SIGTERM: [libjvm.so+0x89dc40], sa_mask[0]=11111111011111111101111111111110, sa_flags=SA_RESTART|SA_SIGINFO
SIGQUIT: [libjvm.so+0x89dc40], sa_mask[0]=11111111011111111101111111111110, sa_flags=SA_RESTART|SA_SIGINFO


---------------  S Y S T E M  ---------------

OS:CentOS release 6.5 (Final)

uname:Linux 2.6.32-431.23.3.el6.x86_64 #1 SMP Thu Jul 31 17:20:51 UTC 2014 x86_64
libc:glibc 2.12 NPTL 2.12 
rlimit: STACK 10240k, CORE 0k, NPROC 30502, NOFILE 65535, AS infinity
load average:7.37 7.17 6.28

/proc/meminfo:
MemTotal:        3924684 kB
MemFree:          128780 kB
Buffers:           10552 kB
Cached:            95956 kB
SwapCached:            0 kB
Active:          3603968 kB
Inactive:          45664 kB
Active(anon):    3543408 kB
Inactive(anon):    12616 kB
Active(file):      60560 kB
Inactive(file):    33048 kB
Unevictable:           0 kB
Mlocked:               0 kB
SwapTotal:             0 kB
SwapFree:              0 kB
Dirty:               252 kB
Writeback:             0 kB
AnonPages:       3543308 kB
Mapped:            43256 kB
Shmem:             12752 kB
Slab:              57120 kB
SReclaimable:      15400 kB
SUnreclaim:        41720 kB
KernelStack:        3624 kB
PageTables:        27312 kB
NFS_Unstable:          0 kB
Bounce:                0 kB
WritebackTmp:          0 kB
CommitLimit:     1962340 kB
Committed_AS:    4640784 kB
VmallocTotal:   34359738367 kB
VmallocUsed:       18612 kB
VmallocChunk:   34359717248 kB
HardwareCorrupted:     0 kB
AnonHugePages:   1574912 kB
HugePages_Total:       0
HugePages_Free:        0
HugePages_Rsvd:        0
HugePages_Surp:        0
Hugepagesize:       2048 kB
DirectMap4k:        6016 kB
DirectMap2M:     2091008 kB
DirectMap1G:     2097152 kB


CPU:total 2 (2 cores per cpu, 1 threads per core) family 6 model 63 stepping 2, cmov, cx8, fxsr, mmx, sse, sse2, sse3, ssse3, sse4.1, sse4.2, popcnt, avx, avx2, aes, clmul, erms, lzcnt, tsc, bmi1, bmi2

/proc/cpuinfo:
processor	: 0
vendor_id	: GenuineIntel
cpu family	: 6
model		: 63
model name	: Intel(R) Xeon(R) CPU E5-2680 v3 @ 2.50GHz
stepping	: 2
cpu MHz		: 2494.220
cache size	: 30720 KB
physical id	: 0
siblings	: 2
core id		: 0
cpu cores	: 2
apicid		: 0
initial apicid	: 0
fpu		: yes
fpu_exception	: yes
cpuid level	: 13
wp		: yes
flags		: fpu vme de pse tsc msr pae mce cx8 apic sep mtrr pge mca cmov pat pse36 clflush mmx fxsr sse sse2 ss ht syscall nx pdpe1gb rdtscp lm constant_tsc rep_good unfair_spinlock pni pclmulqdq ssse3 fma cx16 pcid sse4_1 sse4_2 x2apic movbe popcnt tsc_deadline_timer aes xsave avx f16c rdrand hypervisor lahf_lm abm xsaveopt fsgsbase bmi1 avx2 smep bmi2 erms invpcid
bogomips	: 4988.44
clflush size	: 64
cache_alignment	: 64
address sizes	: 46 bits physical, 48 bits virtual
power management:

processor	: 1
vendor_id	: GenuineIntel
cpu family	: 6
model		: 63
model name	: Intel(R) Xeon(R) CPU E5-2680 v3 @ 2.50GHz
stepping	: 2
cpu MHz		: 2494.220
cache size	: 30720 KB
physical id	: 0
siblings	: 2
core id		: 1
cpu cores	: 2
apicid		: 1
initial apicid	: 1
fpu		: yes
fpu_exception	: yes
cpuid level	: 13
wp		: yes
flags		: fpu vme de pse tsc msr pae mce cx8 apic sep mtrr pge mca cmov pat pse36 clflush mmx fxsr sse sse2 ss ht syscall nx pdpe1gb rdtscp lm constant_tsc rep_good unfair_spinlock pni pclmulqdq ssse3 fma cx16 pcid sse4_1 sse4_2 x2apic movbe popcnt tsc_deadline_timer aes xsave avx f16c rdrand hypervisor lahf_lm abm xsaveopt fsgsbase bmi1 avx2 smep bmi2 erms invpcid
bogomips	: 4988.44
clflush size	: 64
cache_alignment	: 64
address sizes	: 46 bits physical, 48 bits virtual
power management:



Memory: 4k page, physical 3924684k(128780k free), swap 0k(0k free)

vm_info: OpenJDK 64-Bit Server VM (25.101-b13) for linux-amd64 JRE (1.8.0_101-b13), built on Jul 20 2016 09:04:40 by "mockbuild" with gcc 4.4.7 20120313 (Red Hat 4.4.7-17)

time: Wed Aug 15 00:06:52 2018
elapsed time: 23 seconds (0d 0h 0m 23s)

