#
# There is insufficient memory for the Java Runtime Environment to continue.
# Native memory allocation (mmap) failed to map 54001664 bytes for committing reserved memory.
# Possible reasons:
#   The system is out of physical RAM or swap space
#   In 32 bit mode, the process size limit was hit
# Possible solutions:
#   Reduce memory load on the system
#   Increase physical memory or swap space
#   Check if swap backing store is full
#   Use 64 bit Java on a 64 bit OS
#   Decrease Java heap size (-Xmx/-Xms)
#   Decrease number of Java threads
#   Decrease Java thread stack sizes (-Xss)
#   Set larger code cache with -XX:ReservedCodeCacheSize=
# This output file may be truncated or incomplete.
#
#  Out of Memory Error (os_linux.cpp:2638), pid=26871, tid=0x00007fa9c834e700
#
# JRE version: OpenJDK Runtime Environment (8.0_101-b13) (build 1.8.0_101-b13)
# Java VM: OpenJDK 64-Bit Server VM (25.101-b13 mixed mode linux-amd64 compressed oops)
# Failed to write core dump. Core dumps have been disabled. To enable core dumping, try "ulimit -c unlimited" before starting Java again
#

---------------  T H R E A D  ---------------

Current thread (0x00007fa9d8086000):  VMThread [stack: 0x00007fa9c824e000,0x00007fa9c834f000] [id=26884]

Stack: [0x00007fa9c824e000,0x00007fa9c834f000],  sp=0x00007fa9c834d140,  free space=1020k
Native frames: (J=compiled Java code, j=interpreted, Vv=VM code, C=native code)
V  [libjvm.so+0xa2d5dd]
V  [libjvm.so+0x4d7b69]
V  [libjvm.so+0x89e4c3]
V  [libjvm.so+0x89e869]
V  [libjvm.so+0x8987ea]
V  [libjvm.so+0x90526b]
V  [libjvm.so+0x8f5b79]
V  [libjvm.so+0x8f5cf2]
V  [libjvm.so+0x8f60eb]
V  [libjvm.so+0x8fdea6]
V  [libjvm.so+0x903529]
V  [libjvm.so+0x8be50d]
V  [libjvm.so+0xa2eff7]
V  [libjvm.so+0xa35a92]
V  [libjvm.so+0xa33eb5]
V  [libjvm.so+0xa3437b]
V  [libjvm.so+0xa34852]
V  [libjvm.so+0x8a18b2]

VM_Operation (0x00007fa99cca5c10): ParallelGCFailedAllocation, mode: safepoint, requested by thread 0x00007fa978040800


---------------  P R O C E S S  ---------------

Java Threads: ( => current thread )
  0x00007fa97c002800 JavaThread "pool-3-thread-3" [_thread_blocked, id=27178, stack(0x00007fa9967eb000,0x00007fa9968ec000)]
  0x00007fa968001000 JavaThread "pool-6-thread-3" [_thread_blocked, id=27133, stack(0x00007fa9968ec000,0x00007fa9969ed000)]
  0x00007fa97c001000 JavaThread "pool-3-thread-2" [_thread_blocked, id=27131, stack(0x00007fa9969ed000,0x00007fa996aee000)]
  0x00007fa970635000 JavaThread "MySQL Statement Cancellation Timer" daemon [_thread_blocked, id=27073, stack(0x00007fa996aee000,0x00007fa996bef000)]
  0x00007fa97054c800 JavaThread "Abandoned connection cleanup thread" daemon [_thread_blocked, id=27068, stack(0x00007fa996def000,0x00007fa996ef0000)]
  0x00007fa970533800 JavaThread "elasticsearch[importer][generic][T#1]" daemon [_thread_blocked, id=27067, stack(0x00007fa996ff2000,0x00007fa9970f3000)]
  0x00007fa944001000 JavaThread "elasticsearch[importer][transport_client_timer][T#1]{Hashed wheel timer #1}" daemon [_thread_blocked, id=27066, stack(0x00007fa9970f3000,0x00007fa9971f4000)]
  0x00007fa9704ea800 JavaThread "elasticsearch[importer][bulk_processor][T#1]" daemon [_thread_blocked, id=27064, stack(0x00007fa9973f4000,0x00007fa9974f5000)]
  0x00007fa9704e7000 JavaThread "pool-6-thread-2" [_thread_blocked, id=27062, stack(0x00007fa9974f5000,0x00007fa9975f6000)]
  0x00007fa9704e5800 JavaThread "pool-7-thread-1" [_thread_blocked, id=27061, stack(0x00007fa9975f6000,0x00007fa9976f7000)]
  0x00007fa970365000 JavaThread "elasticsearch[importer][transport_client_boss][T#1]{New I/O boss #9}" daemon [_thread_blocked, id=27060, stack(0x00007fa9976f7000,0x00007fa9977f8000)]
  0x00007fa970361800 JavaThread "elasticsearch[importer][transport_client_worker][T#8]{New I/O worker #8}" daemon [_thread_blocked, id=27059, stack(0x00007fa9977f8000,0x00007fa9978f9000)]
  0x00007fa970360000 JavaThread "elasticsearch[importer][transport_client_worker][T#7]{New I/O worker #7}" daemon [_thread_blocked, id=27056, stack(0x00007fa9978f9000,0x00007fa9979fa000)]
  0x00007fa97035e000 JavaThread "elasticsearch[importer][transport_client_worker][T#6]{New I/O worker #6}" daemon [_thread_blocked, id=27054, stack(0x00007fa9979fa000,0x00007fa997afb000)]
  0x00007fa97035c800 JavaThread "elasticsearch[importer][transport_client_worker][T#5]{New I/O worker #5}" daemon [_thread_blocked, id=27053, stack(0x00007fa997afb000,0x00007fa997bfc000)]
  0x00007fa97035a800 JavaThread "elasticsearch[importer][transport_client_worker][T#4]{New I/O worker #4}" daemon [_thread_blocked, id=27052, stack(0x00007fa997bfc000,0x00007fa997cfd000)]
  0x00007fa970359000 JavaThread "elasticsearch[importer][transport_client_worker][T#3]{New I/O worker #3}" daemon [_thread_blocked, id=27050, stack(0x00007fa997cfd000,0x00007fa997dfe000)]
  0x00007fa970368000 JavaThread "elasticsearch[importer][transport_client_worker][T#2]{New I/O worker #2}" daemon [_thread_blocked, id=27048, stack(0x00007fa997dfe000,0x00007fa997eff000)]
  0x00007fa97034e800 JavaThread "elasticsearch[importer][transport_client_worker][T#1]{New I/O worker #1}" daemon [_thread_blocked, id=27047, stack(0x00007fa99c0a2000,0x00007fa99c1a3000)]
  0x00007fa970345800 JavaThread "elasticsearch[importer][scheduler][T#1]" daemon [_thread_blocked, id=27046, stack(0x00007fa99c1a3000,0x00007fa99c2a4000)]
  0x00007fa970109000 JavaThread "elasticsearch[importer][[timer]]" daemon [_thread_blocked, id=27032, stack(0x00007fa99c6a4000,0x00007fa99c7a5000)]
  0x00007fa970011800 JavaThread "pool-6-thread-1" [_thread_blocked, id=27012, stack(0x00007fa99c9a5000,0x00007fa99caa6000)]
  0x00007fa97000d000 JavaThread "pool-5-thread-1" [_thread_blocked, id=27001, stack(0x00007fa99caa6000,0x00007fa99cba7000)]
  0x00007fa978040800 JavaThread "pool-4-thread-1" [_thread_blocked, id=26991, stack(0x00007fa99cba7000,0x00007fa99cca8000)]
  0x00007fa97800c000 JavaThread "pool-3-thread-1" [_thread_blocked, id=26979, stack(0x00007fa99cca8000,0x00007fa99cda9000)]
  0x00007fa984001800 JavaThread "pool-2-thread-2" [_thread_blocked, id=26907, stack(0x00007fa99cda9000,0x00007fa99ceaa000)]
  0x00007fa9d84ea800 JavaThread "pool-2-thread-1" [_thread_blocked, id=26906, stack(0x00007fa99ceaa000,0x00007fa99cfab000)]
  0x00007fa9d80da800 JavaThread "Service Thread" daemon [_thread_blocked, id=26896, stack(0x00007fa99df6d000,0x00007fa99e06e000)]
  0x00007fa9d80cf800 JavaThread "C1 CompilerThread2" daemon [_thread_blocked, id=26893, stack(0x00007fa997eff000,0x00007fa998000000)]
  0x00007fa9d80cd800 JavaThread "C2 CompilerThread1" daemon [_thread_blocked, id=26891, stack(0x00007fa99e06e000,0x00007fa99e16f000)]
  0x00007fa9d80c0000 JavaThread "C2 CompilerThread0" daemon [_thread_blocked, id=26890, stack(0x00007fa9b806e000,0x00007fa9b816f000)]
  0x00007fa9d80be000 JavaThread "Signal Dispatcher" daemon [_thread_blocked, id=26889, stack(0x00007fa9b816f000,0x00007fa9b8270000)]
  0x00007fa9d8094000 JavaThread "Finalizer" daemon [_thread_blocked, id=26886, stack(0x00007fa9c804c000,0x00007fa9c814d000)]
  0x00007fa9d808f800 JavaThread "Reference Handler" daemon [_thread_blocked, id=26885, stack(0x00007fa9c814d000,0x00007fa9c824e000)]
  0x00007fa9d800a000 JavaThread "main" [_thread_blocked, id=26873, stack(0x00007fa9de8fc000,0x00007fa9de9fd000)]

Other Threads:
=>0x00007fa9d8086000 VMThread [stack: 0x00007fa9c824e000,0x00007fa9c834f000] [id=26884]
  0x00007fa9d80e7000 WatcherThread [stack: 0x00007fa99de6c000,0x00007fa99df6d000] [id=26898]

VM state:at safepoint (normal execution)

VM Mutex/Monitor currently owned by a thread:  ([mutex/lock_event])
[0x00007fa9d80072b0] ExpandHeap_lock - owner thread: 0x00007fa9d8086000
[0x00007fa9d8007930] Threads_lock - owner thread: 0x00007fa9d8086000
[0x00007fa9d8007e30] Heap_lock - owner thread: 0x00007fa978040800

Heap:
 PSYoungGen      total 666112K, used 0K [0x00000000d6f80000, 0x0000000100000000, 0x0000000100000000)
  eden space 660992K, 0% used [0x00000000d6f80000,0x00000000d6f80000,0x00000000ff500000)
  from space 5120K, 0% used [0x00000000ff500000,0x00000000ff500000,0x00000000ffa00000)
  to   space 5120K, 0% used [0x00000000ffb00000,0x00000000ffb00000,0x0000000100000000)
 ParOldGen       total 46592K, used 42534K [0x0000000084e00000, 0x0000000087b80000, 0x00000000d6f80000)
  object space 46592K, 91% used [0x0000000084e00000,0x0000000087789960,0x0000000087b80000)
 Metaspace       used 25058K, capacity 25252K, committed 25600K, reserved 1071104K
  class space    used 2941K, capacity 3013K, committed 3072K, reserved 1048576K

Card table byte_map: [0x00007fa9dd909000,0x00007fa9ddce3000] byte_map_base: 0x00007fa9dd4e2000

Marking Bits: (ParMarkBitMap*) 0x00007fa9df906de0
 Begin Bits: [0x00007fa9b8270000, 0x00007fa9ba138000)
 End Bits:   [0x00007fa9ba138000, 0x00007fa9bc000000)

Polling page: 0x00007fa9df92f000

CodeCache: size=245760Kb used=7424Kb max_used=7563Kb free=238335Kb
 bounds [0x00007fa9c9000000, 0x00007fa9c9780000, 0x00007fa9d8000000]
 total_blobs=2564 nmethods=2067 adapters=411
 compilation: enabled

Compilation events (10 events):
Event: 35.133 Thread 0x00007fa9d80cf800 nmethod 2188 0x00007fa9c915d890 code [0x00007fa9c915dc00, 0x00007fa9c915fb88]
Event: 35.156 Thread 0x00007fa9d80cd800 nmethod 2184 0x00007fa9c976a490 code [0x00007fa9c976a8c0, 0x00007fa9c976cb28]
Event: 35.156 Thread 0x00007fa9d80cd800 2190       4       com.fasterxml.jackson.core.json.ReaderBasedJsonParser::_verifyNoLeadingZeroes (41 bytes)
Event: 35.163 Thread 0x00007fa9d80c0000 nmethod 2180 0x00007fa9c9770990 code [0x00007fa9c97714e0, 0x00007fa9c9774410]
Event: 35.164 Thread 0x00007fa9d80c0000 2189       4       com.fasterxml.jackson.core.json.ReaderBasedJsonParser::_verifyNLZ2 (142 bytes)
Event: 35.183 Thread 0x00007fa9d80cd800 nmethod 2190 0x00007fa9c9150c10 code [0x00007fa9c9150e00, 0x00007fa9c9151668]
Event: 35.183 Thread 0x00007fa9d80cd800 2191       4       com.fasterxml.jackson.core.json.ReaderBasedJsonParser::_parseNumber2 (640 bytes)
Event: 35.199 Thread 0x00007fa9d80c0000 nmethod 2189 0x00007fa9c91142d0 code [0x00007fa9c91144c0, 0x00007fa9c9114ca8]
Event: 35.200 Thread 0x00007fa9d80c0000 2186       4       com.fasterxml.jackson.core.util.TextBuffer::setCurrentLength (6 bytes)
Event: 35.200 Thread 0x00007fa9d80c0000 nmethod 2186 0x00007fa9c910b2d0 code [0x00007fa9c910b420, 0x00007fa9c910b478]

GC Heap History (10 events):
Event: 33.786 GC heap after
Heap after GC invocations=24 (full 1):
 PSYoungGen      total 665600K, used 2230K [0x00000000d6f80000, 0x00000000fff00000, 0x0000000100000000)
  eden space 659456K, 0% used [0x00000000d6f80000,0x00000000d6f80000,0x00000000ff380000)
  from space 6144K, 36% used [0x00000000ff380000,0x00000000ff5adba8,0x00000000ff980000)
  to   space 5632K, 0% used [0x00000000ff980000,0x00000000ff980000,0x00000000fff00000)
 ParOldGen       total 46592K, used 35499K [0x0000000084e00000, 0x0000000087b80000, 0x00000000d6f80000)
  object space 46592K, 76% used [0x0000000084e00000,0x00000000870aae58,0x0000000087b80000)
 Metaspace       used 25055K, capacity 25252K, committed 25600K, reserved 1071104K
  class space    used 2941K, capacity 3013K, committed 3072K, reserved 1048576K
}
Event: 34.116 GC heap before
{Heap before GC invocations=25 (full 1):
 PSYoungGen      total 665600K, used 661686K [0x00000000d6f80000, 0x00000000fff00000, 0x0000000100000000)
  eden space 659456K, 100% used [0x00000000d6f80000,0x00000000ff380000,0x00000000ff380000)
  from space 6144K, 36% used [0x00000000ff380000,0x00000000ff5adba8,0x00000000ff980000)
  to   space 5632K, 0% used [0x00000000ff980000,0x00000000ff980000,0x00000000fff00000)
 ParOldGen       total 46592K, used 35499K [0x0000000084e00000, 0x0000000087b80000, 0x00000000d6f80000)
  object space 46592K, 76% used [0x0000000084e00000,0x00000000870aae58,0x0000000087b80000)
 Metaspace       used 25057K, capacity 25252K, committed 25600K, reserved 1071104K
  class space    used 2941K, capacity 3013K, committed 3072K, reserved 1048576K
Event: 34.122 GC heap after
Heap after GC invocations=25 (full 1):
 PSYoungGen      total 665600K, used 2144K [0x00000000d6f80000, 0x00000000fff80000, 0x0000000100000000)
  eden space 659968K, 0% used [0x00000000d6f80000,0x00000000d6f80000,0x00000000ff400000)
  from space 5632K, 38% used [0x00000000ff980000,0x00000000ffb98000,0x00000000fff00000)
  to   space 5632K, 0% used [0x00000000ff400000,0x00000000ff400000,0x00000000ff980000)
 ParOldGen       total 46592K, used 37738K [0x0000000084e00000, 0x0000000087b80000, 0x00000000d6f80000)
  object space 46592K, 80% used [0x0000000084e00000,0x00000000872daa00,0x0000000087b80000)
 Metaspace       used 25057K, capacity 25252K, committed 25600K, reserved 1071104K
  class space    used 2941K, capacity 3013K, committed 3072K, reserved 1048576K
}
Event: 34.492 GC heap before
{Heap before GC invocations=26 (full 1):
 PSYoungGen      total 665600K, used 662112K [0x00000000d6f80000, 0x00000000fff80000, 0x0000000100000000)
  eden space 659968K, 100% used [0x00000000d6f80000,0x00000000ff400000,0x00000000ff400000)
  from space 5632K, 38% used [0x00000000ff980000,0x00000000ffb98000,0x00000000fff00000)
  to   space 5632K, 0% used [0x00000000ff400000,0x00000000ff400000,0x00000000ff980000)
 ParOldGen       total 46592K, used 37738K [0x0000000084e00000, 0x0000000087b80000, 0x00000000d6f80000)
  object space 46592K, 80% used [0x0000000084e00000,0x00000000872daa00,0x0000000087b80000)
 Metaspace       used 25057K, capacity 25252K, committed 25600K, reserved 1071104K
  class space    used 2941K, capacity 3013K, committed 3072K, reserved 1048576K
Event: 34.503 GC heap after
Heap after GC invocations=26 (full 1):
 PSYoungGen      total 665600K, used 2168K [0x00000000d6f80000, 0x0000000100000000, 0x0000000100000000)
  eden space 659968K, 0% used [0x00000000d6f80000,0x00000000d6f80000,0x00000000ff400000)
  from space 5632K, 38% used [0x00000000ff400000,0x00000000ff61e1a8,0x00000000ff980000)
  to   space 5632K, 0% used [0x00000000ffa80000,0x00000000ffa80000,0x0000000100000000)
 ParOldGen       total 46592K, used 39882K [0x0000000084e00000, 0x0000000087b80000, 0x00000000d6f80000)
  object space 46592K, 85% used [0x0000000084e00000,0x00000000874f2a00,0x0000000087b80000)
 Metaspace       used 25057K, capacity 25252K, committed 25600K, reserved 1071104K
  class space    used 2941K, capacity 3013K, committed 3072K, reserved 1048576K
}
Event: 34.800 GC heap before
{Heap before GC invocations=27 (full 1):
 PSYoungGen      total 665600K, used 662136K [0x00000000d6f80000, 0x0000000100000000, 0x0000000100000000)
  eden space 659968K, 100% used [0x00000000d6f80000,0x00000000ff400000,0x00000000ff400000)
  from space 5632K, 38% used [0x00000000ff400000,0x00000000ff61e1a8,0x00000000ff980000)
  to   space 5632K, 0% used [0x00000000ffa80000,0x00000000ffa80000,0x0000000100000000)
 ParOldGen       total 46592K, used 39882K [0x0000000084e00000, 0x0000000087b80000, 0x00000000d6f80000)
  object space 46592K, 85% used [0x0000000084e00000,0x00000000874f2a00,0x0000000087b80000)
 Metaspace       used 25057K, capacity 25252K, committed 25600K, reserved 1071104K
  class space    used 2941K, capacity 3013K, committed 3072K, reserved 1048576K
Event: 34.815 GC heap after
Heap after GC invocations=27 (full 1):
 PSYoungGen      total 665600K, used 2212K [0x00000000d6f80000, 0x00000000fff00000, 0x0000000100000000)
  eden space 660992K, 0% used [0x00000000d6f80000,0x00000000d6f80000,0x00000000ff500000)
  from space 4608K, 48% used [0x00000000ffa80000,0x00000000ffca9278,0x00000000fff00000)
  to   space 5120K, 0% used [0x00000000ff500000,0x00000000ff500000,0x00000000ffa00000)
 ParOldGen       total 46592K, used 42058K [0x0000000084e00000, 0x0000000087b80000, 0x00000000d6f80000)
  object space 46592K, 90% used [0x0000000084e00000,0x0000000087712a00,0x0000000087b80000)
 Metaspace       used 25057K, capacity 25252K, committed 25600K, reserved 1071104K
  class space    used 2941K, capacity 3013K, committed 3072K, reserved 1048576K
}
Event: 35.266 GC heap before
{Heap before GC invocations=28 (full 1):
 PSYoungGen      total 665600K, used 663204K [0x00000000d6f80000, 0x00000000fff00000, 0x0000000100000000)
  eden space 660992K, 100% used [0x00000000d6f80000,0x00000000ff500000,0x00000000ff500000)
  from space 4608K, 48% used [0x00000000ffa80000,0x00000000ffca9278,0x00000000fff00000)
  to   space 5120K, 0% used [0x00000000ff500000,0x00000000ff500000,0x00000000ffa00000)
 ParOldGen       total 46592K, used 42058K [0x0000000084e00000, 0x0000000087b80000, 0x00000000d6f80000)
  object space 46592K, 90% used [0x0000000084e00000,0x0000000087712a00,0x0000000087b80000)
 Metaspace       used 25058K, capacity 25252K, committed 25600K, reserved 1071104K
  class space    used 2941K, capacity 3013K, committed 3072K, reserved 1048576K
Event: 35.270 GC heap after
Heap after GC invocations=28 (full 1):
 PSYoungGen      total 666112K, used 2208K [0x00000000d6f80000, 0x0000000100000000, 0x0000000100000000)
  eden space 660992K, 0% used [0x00000000d6f80000,0x00000000d6f80000,0x00000000ff500000)
  from space 5120K, 43% used [0x00000000ff500000,0x00000000ff728000,0x00000000ffa00000)
  to   space 5120K, 0% used [0x00000000ffb00000,0x00000000ffb00000,0x0000000100000000)
 ParOldGen       total 46592K, used 44255K [0x0000000084e00000, 0x0000000087b80000, 0x00000000d6f80000)
  object space 46592K, 94% used [0x0000000084e00000,0x0000000087937c78,0x0000000087b80000)
 Metaspace       used 25058K, capacity 25252K, committed 25600K, reserved 1071104K
  class space    used 2941K, capacity 3013K, committed 3072K, reserved 1048576K
}
Event: 35.274 GC heap before
{Heap before GC invocations=29 (full 2):
 PSYoungGen      total 666112K, used 2208K [0x00000000d6f80000, 0x0000000100000000, 0x0000000100000000)
  eden space 660992K, 0% used [0x00000000d6f80000,0x00000000d6f80000,0x00000000ff500000)
  from space 5120K, 43% used [0x00000000ff500000,0x00000000ff728000,0x00000000ffa00000)
  to   space 5120K, 0% used [0x00000000ffb00000,0x00000000ffb00000,0x0000000100000000)
 ParOldGen       total 46592K, used 44255K [0x0000000084e00000, 0x0000000087b80000, 0x00000000d6f80000)
  object space 46592K, 94% used [0x0000000084e00000,0x0000000087937c78,0x0000000087b80000)
 Metaspace       used 25058K, capacity 25252K, committed 25600K, reserved 1071104K
  class space    used 2941K, capacity 3013K, committed 3072K, reserved 1048576K

Deoptimization events (10 events):
Event: 30.915 Thread 0x00007fa978040800 Uncommon trap: reason=unstable_if action=reinterpret pc=0x00007fa9c9593cb8 method=sun.nio.cs.UTF_8$Encoder.encode([CII[B)I @ 95
Event: 31.055 Thread 0x00007fa978040800 Uncommon trap: reason=unstable_if action=reinterpret pc=0x00007fa9c970bf54 method=com.fasterxml.jackson.core.json.ReaderBasedJsonParser._skipWSOrEnd()I @ 43
Event: 31.566 Thread 0x00007fa978040800 Uncommon trap: reason=unstable_if action=reinterpret pc=0x00007fa9c972a4c4 method=com.fasterxml.jackson.core.json.ReaderBasedJsonParser._handleOddValue(I)Lcom/fasterxml/jackson/core/JsonToken; @ 179
Event: 31.825 Thread 0x00007fa978040800 Uncommon trap: reason=unstable_if action=reinterpret pc=0x00007fa9c96b49b0 method=org.xbib.elasticsearch.helper.client.BulkProcessor.isOverTheLimit()Z @ 19
Event: 32.397 Thread 0x00007fa978040800 Uncommon trap: reason=unstable_if action=reinterpret pc=0x00007fa9c96a1548 method=java.lang.Long.toString(J)Ljava/lang/String; @ 14
Event: 32.397 Thread 0x00007fa978040800 Uncommon trap: reason=unstable_if action=reinterpret pc=0x00007fa9c9113cac method=java.lang.Long.getChars(JI[C)V @ 9
Event: 33.005 Thread 0x00007fa978040800 Uncommon trap: reason=unstable_if action=reinterpret pc=0x00007fa9c97360dc method=com.fasterxml.jackson.core.json.ReaderBasedJsonParser._matchToken(Ljava/lang/String;I)V @ 75
Event: 33.596 Thread 0x00007fa978040800 Uncommon trap: reason=unstable_if action=reinterpret pc=0x00007fa9c96db3dc method=org.xbib.elasticsearch.helper.client.BulkProcessor.isOverTheLimit()Z @ 19
Event: 34.883 Thread 0x00007fa978040800 Uncommon trap: reason=unstable_if action=reinterpret pc=0x00007fa9c9755ac4 method=java.lang.CharacterDataLatin1.isJavaIdentifierStart(I)Z @ 14
Event: 35.128 Thread 0x00007fa978040800 Uncommon trap: reason=unstable_if action=reinterpret pc=0x00007fa9c9611240 method=com.fasterxml.jackson.core.base.ParserBase.reset(ZIII)Lcom/fasterxml/jackson/core/JsonToken; @ 8

Internal exceptions (10 events):
Event: 28.768 Thread 0x00007fa978040800 Implicit null exception at 0x00007fa9c954604c to 0x00007fa9c9547f3d
Event: 28.768 Thread 0x00007fa978040800 Exception <a 'java/lang/NullPointerException'> (0x00000000d8a6e1f0) thrown at [/builddir/build/BUILD/java-1.8.0-openjdk-1.8.0.101-3.b13.el6_8.x86_64/openjdk/hotspot/src/share/vm/runtime/sharedRuntime.cpp, line 613]
Event: 28.768 Thread 0x00007fa978040800 Implicit null exception at 0x00007fa9c954604c to 0x00007fa9c9547f3d
Event: 28.768 Thread 0x00007fa978040800 Exception <a 'java/lang/NullPointerException'> (0x00000000d8a6e510) thrown at [/builddir/build/BUILD/java-1.8.0-openjdk-1.8.0.101-3.b13.el6_8.x86_64/openjdk/hotspot/src/share/vm/runtime/sharedRuntime.cpp, line 613]
Event: 28.768 Thread 0x00007fa978040800 Implicit null exception at 0x00007fa9c954604c to 0x00007fa9c9547f3d
Event: 28.768 Thread 0x00007fa978040800 Exception <a 'java/lang/NullPointerException'> (0x00000000d8a73010) thrown at [/builddir/build/BUILD/java-1.8.0-openjdk-1.8.0.101-3.b13.el6_8.x86_64/openjdk/hotspot/src/share/vm/runtime/sharedRuntime.cpp, line 613]
Event: 28.768 Thread 0x00007fa978040800 Implicit null exception at 0x00007fa9c954604c to 0x00007fa9c9547f3d
Event: 28.768 Thread 0x00007fa978040800 Exception <a 'java/lang/NullPointerException'> (0x00000000d8a73330) thrown at [/builddir/build/BUILD/java-1.8.0-openjdk-1.8.0.101-3.b13.el6_8.x86_64/openjdk/hotspot/src/share/vm/runtime/sharedRuntime.cpp, line 613]
Event: 28.768 Thread 0x00007fa978040800 Implicit null exception at 0x00007fa9c954604c to 0x00007fa9c9547f3d
Event: 28.768 Thread 0x00007fa978040800 Exception <a 'java/lang/NullPointerException'> (0x00000000d8a7c610) thrown at [/builddir/build/BUILD/java-1.8.0-openjdk-1.8.0.101-3.b13.el6_8.x86_64/openjdk/hotspot/src/share/vm/runtime/sharedRuntime.cpp, line 613]

Events (10 events):
Event: 35.048 Thread 0x00007fa9d80cf800 flushing nmethod 0x00007fa9c92c4bd0
Event: 35.048 Thread 0x00007fa9d80cf800 flushing nmethod 0x00007fa9c92cdb90
Event: 35.128 Thread 0x00007fa978040800 Uncommon trap: trap_request=0xffffff65 fr.pc=0x00007fa9c9611240
Event: 35.128 Thread 0x00007fa978040800 DEOPT PACKING pc=0x00007fa9c9611240 sp=0x00007fa99cca5c30
Event: 35.128 Thread 0x00007fa978040800 DEOPT UNPACKING pc=0x00007fa9c9004f69 sp=0x00007fa99cca5b68 mode 2
Event: 35.129 Thread 0x00007fa9d80cf800 flushing nmethod 0x00007fa9c92fb110
Event: 35.129 Thread 0x00007fa9d80cf800 flushing nmethod 0x00007fa9c9306f90
Event: 35.133 Thread 0x00007fa9d80cf800 flushing nmethod 0x00007fa9c9343bd0
Event: 35.156 Thread 0x00007fa9d80cd800 flushing nmethod 0x00007fa9c9361c90
Event: 35.266 Executing VM operation: ParallelGCFailedAllocation


Dynamic libraries:
00400000-00401000 r-xp 00000000 fc:01 1312875                            /usr/lib/jvm/java-1.8.0-openjdk-1.8.0.101-3.b13.el6_8.x86_64/jre/bin/java
00600000-00602000 rw-p 00000000 fc:01 1312875                            /usr/lib/jvm/java-1.8.0-openjdk-1.8.0.101-3.b13.el6_8.x86_64/jre/bin/java
00a12000-00a33000 rw-p 00000000 00:00 0                                  [heap]
84e00000-87b80000 rw-p 00000000 00:00 0 
8af00000-d6f80000 ---p 00000000 00:00 0 
d6f80000-100000000 rw-p 00000000 00:00 0 
100000000-100300000 rw-p 00000000 00:00 0 
100300000-140000000 ---p 00000000 00:00 0 
36e1400000-36e1416000 r-xp 00000000 fc:01 262263                         /lib64/libgcc_s-4.4.7-20120601.so.1
36e1416000-36e1615000 ---p 00016000 fc:01 262263                         /lib64/libgcc_s-4.4.7-20120601.so.1
36e1615000-36e1616000 rw-p 00015000 fc:01 262263                         /lib64/libgcc_s-4.4.7-20120601.so.1
36e1c00000-36e1ce8000 r-xp 00000000 fc:01 1065322                        /usr/lib64/libstdc++.so.6.0.13
36e1ce8000-36e1ee8000 ---p 000e8000 fc:01 1065322                        /usr/lib64/libstdc++.so.6.0.13
36e1ee8000-36e1eef000 r--p 000e8000 fc:01 1065322                        /usr/lib64/libstdc++.so.6.0.13
36e1eef000-36e1ef1000 rw-p 000ef000 fc:01 1065322                        /usr/lib64/libstdc++.so.6.0.13
36e1ef1000-36e1f06000 rw-p 00000000 00:00 0 
36e2000000-36e2007000 r-xp 00000000 fc:01 262267                         /lib64/librt-2.12.so
36e2007000-36e2206000 ---p 00007000 fc:01 262267                         /lib64/librt-2.12.so
36e2206000-36e2207000 r--p 00006000 fc:01 262267                         /lib64/librt-2.12.so
36e2207000-36e2208000 rw-p 00007000 fc:01 262267                         /lib64/librt-2.12.so
3e95600000-3e95620000 r-xp 00000000 fc:01 262181                         /lib64/ld-2.12.so
3e9581f000-3e95820000 r--p 0001f000 fc:01 262181                         /lib64/ld-2.12.so
3e95820000-3e95821000 rw-p 00020000 fc:01 262181                         /lib64/ld-2.12.so
3e95821000-3e95822000 rw-p 00000000 00:00 0 
3e95a00000-3e95a15000 r-xp 00000000 fc:01 270873                         /lib64/libz.so.1.2.3
3e95a15000-3e95c14000 ---p 00015000 fc:01 270873                         /lib64/libz.so.1.2.3
3e95c14000-3e95c15000 r--p 00014000 fc:01 270873                         /lib64/libz.so.1.2.3
3e95c15000-3e95c16000 rw-p 00015000 fc:01 270873                         /lib64/libz.so.1.2.3
3e95e00000-3e95f8a000 r-xp 00000000 fc:01 262183                         /lib64/libc-2.12.so
3e95f8a000-3e9618a000 ---p 0018a000 fc:01 262183                         /lib64/libc-2.12.so
3e9618a000-3e9618e000 r--p 0018a000 fc:01 262183                         /lib64/libc-2.12.so
3e9618e000-3e9618f000 rw-p 0018e000 fc:01 262183                         /lib64/libc-2.12.so
3e9618f000-3e96194000 rw-p 00000000 00:00 0 
3e96200000-3e96217000 r-xp 00000000 fc:01 270868                         /lib64/libpthread-2.12.so
3e96217000-3e96417000 ---p 00017000 fc:01 270868                         /lib64/libpthread-2.12.so
3e96417000-3e96418000 r--p 00017000 fc:01 270868                         /lib64/libpthread-2.12.so
3e96418000-3e96419000 rw-p 00018000 fc:01 270868                         /lib64/libpthread-2.12.so
3e96419000-3e9641d000 rw-p 00000000 00:00 0 
3e96600000-3e96602000 r-xp 00000000 fc:01 262189                         /lib64/libdl-2.12.so
3e96602000-3e96802000 ---p 00002000 fc:01 262189                         /lib64/libdl-2.12.so
3e96802000-3e96803000 r--p 00002000 fc:01 262189                         /lib64/libdl-2.12.so
3e96803000-3e96804000 rw-p 00003000 fc:01 262189                         /lib64/libdl-2.12.so
3e96a00000-3e96a0e000 r-xp 00000000 fc:01 1327329                        /usr/lib/jvm/java-1.8.0-openjdk-1.8.0.101-3.b13.el6_8.x86_64/jre/lib/amd64/jli/libjli.so
3e96a0e000-3e96c0d000 ---p 0000e000 fc:01 1327329                        /usr/lib/jvm/java-1.8.0-openjdk-1.8.0.101-3.b13.el6_8.x86_64/jre/lib/amd64/jli/libjli.so
3e96c0d000-3e96c0e000 rw-p 0000d000 fc:01 1327329                        /usr/lib/jvm/java-1.8.0-openjdk-1.8.0.101-3.b13.el6_8.x86_64/jre/lib/amd64/jli/libjli.so
3e96e00000-3e96e83000 r-xp 00000000 fc:01 270874                         /lib64/libm-2.12.so
3e96e83000-3e97082000 ---p 00083000 fc:01 270874                         /lib64/libm-2.12.so
3e97082000-3e97083000 r--p 00082000 fc:01 270874                         /lib64/libm-2.12.so
3e97083000-3e97084000 rw-p 00083000 fc:01 270874                         /lib64/libm-2.12.so
7fa940000000-7fa94004d000 rw-p 00000000 00:00 0 
7fa94004d000-7fa944000000 ---p 00000000 00:00 0 
7fa944000000-7fa944021000 rw-p 00000000 00:00 0 
7fa944021000-7fa948000000 ---p 00000000 00:00 0 
7fa948000000-7fa9480e3000 rw-p 00000000 00:00 0 
7fa9480e3000-7fa94c000000 ---p 00000000 00:00 0 
7fa94c000000-7fa94c021000 rw-p 00000000 00:00 0 
7fa94c021000-7fa950000000 ---p 00000000 00:00 0 
7fa950000000-7fa9500e1000 rw-p 00000000 00:00 0 
7fa9500e1000-7fa954000000 ---p 00000000 00:00 0 
7fa954000000-7fa9540c6000 rw-p 00000000 00:00 0 
7fa9540c6000-7fa958000000 ---p 00000000 00:00 0 
7fa958000000-7fa958021000 rw-p 00000000 00:00 0 
7fa958021000-7fa95c000000 ---p 00000000 00:00 0 
7fa95c000000-7fa95c021000 rw-p 00000000 00:00 0 
7fa95c021000-7fa960000000 ---p 00000000 00:00 0 
7fa960000000-7fa960021000 rw-p 00000000 00:00 0 
7fa960021000-7fa964000000 ---p 00000000 00:00 0 
7fa964000000-7fa964021000 rw-p 00000000 00:00 0 
7fa964021000-7fa968000000 ---p 00000000 00:00 0 
7fa968000000-7fa968021000 rw-p 00000000 00:00 0 
7fa968021000-7fa96c000000 ---p 00000000 00:00 0 
7fa96c000000-7fa96c021000 rw-p 00000000 00:00 0 
7fa96c021000-7fa970000000 ---p 00000000 00:00 0 
7fa970000000-7fa970778000 rw-p 00000000 00:00 0 
7fa970778000-7fa974000000 ---p 00000000 00:00 0 
7fa974000000-7fa974021000 rw-p 00000000 00:00 0 
7fa974021000-7fa978000000 ---p 00000000 00:00 0 
7fa978000000-7fa978042000 rw-p 00000000 00:00 0 
7fa978042000-7fa97c000000 ---p 00000000 00:00 0 
7fa97c000000-7fa97c021000 rw-p 00000000 00:00 0 
7fa97c021000-7fa980000000 ---p 00000000 00:00 0 
7fa980000000-7fa980021000 rw-p 00000000 00:00 0 
7fa980021000-7fa984000000 ---p 00000000 00:00 0 
7fa984000000-7fa984021000 rw-p 00000000 00:00 0 
7fa984021000-7fa988000000 ---p 00000000 00:00 0 
7fa988000000-7fa98843a000 rw-p 00000000 00:00 0 
7fa98843a000-7fa98c000000 ---p 00000000 00:00 0 
7fa98c000000-7fa98c021000 rw-p 00000000 00:00 0 
7fa98c021000-7fa990000000 ---p 00000000 00:00 0 
7fa990000000-7fa990bff000 rw-p 00000000 00:00 0 
7fa990bff000-7fa994000000 ---p 00000000 00:00 0 
7fa9967eb000-7fa9967ee000 ---p 00000000 00:00 0 
7fa9967ee000-7fa9968ec000 rw-p 00000000 00:00 0 
7fa9968ec000-7fa9968ef000 ---p 00000000 00:00 0 
7fa9968ef000-7fa9969ed000 rw-p 00000000 00:00 0 
7fa9969ed000-7fa9969f0000 ---p 00000000 00:00 0 
7fa9969f0000-7fa996aee000 rw-p 00000000 00:00 0 
7fa996aee000-7fa996af1000 ---p 00000000 00:00 0 
7fa996af1000-7fa996def000 rw-p 00000000 00:00 0 
7fa996def000-7fa996df2000 ---p 00000000 00:00 0 
7fa996df2000-7fa996ff2000 rw-p 00000000 00:00 0 
7fa996ff2000-7fa996ff5000 ---p 00000000 00:00 0 
7fa996ff5000-7fa9970f3000 rw-p 00000000 00:00 0 
7fa9970f3000-7fa9970f6000 ---p 00000000 00:00 0 
7fa9970f6000-7fa9973f4000 rw-p 00000000 00:00 0 
7fa9973f4000-7fa9973f7000 ---p 00000000 00:00 0 
7fa9973f7000-7fa9974f5000 rw-p 00000000 00:00 0 
7fa9974f5000-7fa9974f8000 ---p 00000000 00:00 0 
7fa9974f8000-7fa9975f6000 rw-p 00000000 00:00 0 
7fa9975f6000-7fa9975f9000 ---p 00000000 00:00 0 
7fa9975f9000-7fa9976f7000 rw-p 00000000 00:00 0 
7fa9976f7000-7fa9976fa000 ---p 00000000 00:00 0 
7fa9976fa000-7fa9977f8000 rw-p 00000000 00:00 0 
7fa9977f8000-7fa9977fb000 ---p 00000000 00:00 0 
7fa9977fb000-7fa9978f9000 rw-p 00000000 00:00 0 
7fa9978f9000-7fa9978fc000 ---p 00000000 00:00 0 
7fa9978fc000-7fa9979fa000 rw-p 00000000 00:00 0 
7fa9979fa000-7fa9979fd000 ---p 00000000 00:00 0 
7fa9979fd000-7fa997afb000 rw-p 00000000 00:00 0 
7fa997afb000-7fa997afe000 ---p 00000000 00:00 0 
7fa997afe000-7fa997bfc000 rw-p 00000000 00:00 0 
7fa997bfc000-7fa997bff000 ---p 00000000 00:00 0 
7fa997bff000-7fa997cfd000 rw-p 00000000 00:00 0 
7fa997cfd000-7fa997d00000 ---p 00000000 00:00 0 
7fa997d00000-7fa997dfe000 rw-p 00000000 00:00 0 
7fa997dfe000-7fa997e01000 ---p 00000000 00:00 0 
7fa997e01000-7fa997eff000 rw-p 00000000 00:00 0 
7fa997eff000-7fa997f02000 ---p 00000000 00:00 0 
7fa997f02000-7fa998000000 rw-p 00000000 00:00 0 
7fa998000000-7fa998e3f000 rw-p 00000000 00:00 0 
7fa998e3f000-7fa99c000000 ---p 00000000 00:00 0 
7fa99c01c000-7fa99c021000 r--s 00309000 fc:01 1311530                    /usr/lib/jvm/java-1.8.0-openjdk-1.8.0.101-3.b13.el6_8.x86_64/jre/lib/charsets.jar
7fa99c021000-7fa99c0a2000 rw-p 00000000 00:00 0 
7fa99c0a2000-7fa99c0a5000 ---p 00000000 00:00 0 
7fa99c0a5000-7fa99c1a3000 rw-p 00000000 00:00 0 
7fa99c1a3000-7fa99c1a6000 ---p 00000000 00:00 0 
7fa99c1a6000-7fa99c4a4000 rw-p 00000000 00:00 0 
7fa99c4a4000-7fa99c6a4000 rw-p 00000000 00:00 0 
7fa99c6a4000-7fa99c6a7000 ---p 00000000 00:00 0 
7fa99c6a7000-7fa99c9a5000 rw-p 00000000 00:00 0 
7fa99c9a5000-7fa99c9a8000 ---p 00000000 00:00 0 
7fa99c9a8000-7fa99caa6000 rw-p 00000000 00:00 0 
7fa99caa6000-7fa99caa9000 ---p 00000000 00:00 0 
7fa99caa9000-7fa99cba7000 rw-p 00000000 00:00 0 
7fa99cba7000-7fa99cbaa000 ---p 00000000 00:00 0 
7fa99cbaa000-7fa99cca8000 rw-p 00000000 00:00 0 
7fa99cca8000-7fa99ccab000 ---p 00000000 00:00 0 
7fa99ccab000-7fa99cda9000 rw-p 00000000 00:00 0 
7fa99cda9000-7fa99cdac000 ---p 00000000 00:00 0 
7fa99cdac000-7fa99ceaa000 rw-p 00000000 00:00 0 
7fa99ceaa000-7fa99cead000 ---p 00000000 00:00 0 
7fa99cead000-7fa99cfab000 rw-p 00000000 00:00 0 
7fa99cfab000-7fa99cfaf000 r--s 000b0000 fc:01 1311565                    /usr/lib/jvm/java-1.8.0-openjdk-1.8.0.101-3.b13.el6_8.x86_64/jre/lib/jsse.jar
7fa99cfaf000-7fa99d1af000 rw-p 00000000 00:00 0 
7fa99d1af000-7fa99d1c0000 r-xp 00000000 fc:01 1311516                    /usr/lib/jvm/java-1.8.0-openjdk-1.8.0.101-3.b13.el6_8.x86_64/jre/lib/amd64/libnio.so
7fa99d1c0000-7fa99d3c0000 ---p 00011000 fc:01 1311516                    /usr/lib/jvm/java-1.8.0-openjdk-1.8.0.101-3.b13.el6_8.x86_64/jre/lib/amd64/libnio.so
7fa99d3c0000-7fa99d3c1000 rw-p 00011000 fc:01 1311516                    /usr/lib/jvm/java-1.8.0-openjdk-1.8.0.101-3.b13.el6_8.x86_64/jre/lib/amd64/libnio.so
7fa99d3c1000-7fa99d5c1000 rw-p 00000000 00:00 0 
7fa99d5c1000-7fa99d5dc000 r--s 001d5000 fc:01 1311546                    /usr/lib/jvm/java-1.8.0-openjdk-1.8.0.101-3.b13.el6_8.x86_64/jre/lib/ext/nashorn.jar
7fa99d5dc000-7fa99d618000 r--s 00000000 fc:01 786460                     /var/db/nscd/hosts
7fa99d618000-7fa99d918000 rw-p 00000000 00:00 0 
7fa99d918000-7fa99d92f000 r-xp 00000000 fc:01 1311515                    /usr/lib/jvm/java-1.8.0-openjdk-1.8.0.101-3.b13.el6_8.x86_64/jre/lib/amd64/libnet.so
7fa99d92f000-7fa99db2f000 ---p 00017000 fc:01 1311515                    /usr/lib/jvm/java-1.8.0-openjdk-1.8.0.101-3.b13.el6_8.x86_64/jre/lib/amd64/libnet.so
7fa99db2f000-7fa99db30000 rw-p 00017000 fc:01 1311515                    /usr/lib/jvm/java-1.8.0-openjdk-1.8.0.101-3.b13.el6_8.x86_64/jre/lib/amd64/libnet.so
7fa99db30000-7fa99db39000 r-xp 00000000 fc:01 1311513                    /usr/lib/jvm/java-1.8.0-openjdk-1.8.0.101-3.b13.el6_8.x86_64/jre/lib/amd64/libmanagement.so
7fa99db39000-7fa99dd38000 ---p 00009000 fc:01 1311513                    /usr/lib/jvm/java-1.8.0-openjdk-1.8.0.101-3.b13.el6_8.x86_64/jre/lib/amd64/libmanagement.so
7fa99dd38000-7fa99dd39000 rw-p 00008000 fc:01 1311513                    /usr/lib/jvm/java-1.8.0-openjdk-1.8.0.101-3.b13.el6_8.x86_64/jre/lib/amd64/libmanagement.so
7fa99dd39000-7fa99dd64000 r--s 001fc000 fc:10 1654787                    /data/elasticsearch-jdbc-2.3.3.0/lib/guava-18.0.jar
7fa99dd64000-7fa99dd68000 r--s 00035000 fc:10 1654822                    /data/elasticsearch-jdbc-2.3.3.0/lib/lucene-sandbox-5.5.0.jar
7fa99dd68000-7fa99dd6b000 r--s 0001d000 fc:10 1654818                    /data/elasticsearch-jdbc-2.3.3.0/lib/elasticsearch-jdbc-2.3.3.0.jar
7fa99dd6b000-7fa99dd6f000 r--s 00027000 fc:10 1654826                    /data/elasticsearch-jdbc-2.3.3.0/lib/lucene-misc-5.5.0.jar
7fa99dd6f000-7fa99dd72000 r--s 00021000 fc:10 1654800                    /data/elasticsearch-jdbc-2.3.3.0/lib/log4j-api-2.5.jar
7fa99dd72000-7fa99dd73000 r--s 00007000 fc:10 1654825                    /data/elasticsearch-jdbc-2.3.3.0/lib/slf4j-api-1.7.12.jar
7fa99dd73000-7fa99dd76000 r--s 00022000 fc:10 1654795                    /data/elasticsearch-jdbc-2.3.3.0/lib/spatial4j-0.5.jar
7fa99dd76000-7fa99dd7d000 r--s 00097000 fc:10 1654824                    /data/elasticsearch-jdbc-2.3.3.0/lib/postgresql-9.4.1208.jre7.jar
7fa99dd7d000-7fa99dd7e000 r--s 00005000 fc:10 1654799                    /data/elasticsearch-jdbc-2.3.3.0/lib/log4j-slf4j-impl-2.5.jar
7fa99dd7e000-7fa99dd82000 r--s 0003c000 fc:10 1654794                    /data/elasticsearch-jdbc-2.3.3.0/lib/jackson-core-2.6.6.jar
7fa99dd82000-7fa99dd8c000 r--s 00059000 fc:10 1654803                    /data/elasticsearch-jdbc-2.3.3.0/lib/lucene-queryparser-5.5.0.jar
7fa99dd8c000-7fa99ddbb000 r--s 002e5000 fc:10 1654792                    /data/elasticsearch-jdbc-2.3.3.0/lib/derby-10.12.1.1.jar
7fa99ddbb000-7fa99de6c000 r--s 0084c000 fc:10 1654798                    /data/elasticsearch-jdbc-2.3.3.0/lib/elasticsearch-2.3.3.jar
7fa99de6c000-7fa99de6d000 ---p 00000000 00:00 0 
7fa99de6d000-7fa99df6d000 rw-p 00000000 00:00 0 
7fa99df6d000-7fa99df70000 ---p 00000000 00:00 0 
7fa99df70000-7fa99e06e000 rw-p 00000000 00:00 0 
7fa99e06e000-7fa99e071000 ---p 00000000 00:00 0 
7fa99e071000-7fa99e16f000 rw-p 00000000 00:00 0 
7fa99e16f000-7fa9a4000000 r--p 00000000 fc:01 1059653                    /usr/lib/locale/locale-archive
7fa9a4000000-7fa9a4021000 rw-p 00000000 00:00 0 
7fa9a4021000-7fa9a8000000 ---p 00000000 00:00 0 
7fa9a8000000-7fa9a8021000 rw-p 00000000 00:00 0 
7fa9a8021000-7fa9ac000000 ---p 00000000 00:00 0 
7fa9ac000000-7fa9ac021000 rw-p 00000000 00:00 0 
7fa9ac021000-7fa9b0000000 ---p 00000000 00:00 0 
7fa9b0000000-7fa9b0021000 rw-p 00000000 00:00 0 
7fa9b0021000-7fa9b4000000 ---p 00000000 00:00 0 
7fa9b4000000-7fa9b4021000 rw-p 00000000 00:00 0 
7fa9b4021000-7fa9b8000000 ---p 00000000 00:00 0 
7fa9b8002000-7fa9b8003000 rw-p 00000000 00:00 0 
7fa9b8003000-7fa9b8005000 r--s 00012000 fc:10 1654809                    /data/elasticsearch-jdbc-2.3.3.0/lib/compress-lzf-1.0.2.jar
7fa9b8005000-7fa9b8009000 r--s 00020000 fc:10 1654813                    /data/elasticsearch-jdbc-2.3.3.0/lib/lucene-highlighter-5.5.0.jar
7fa9b8009000-7fa9b8017000 r--s 0015f000 fc:10 1654819                    /data/elasticsearch-jdbc-2.3.3.0/lib/hsqldb-2.3.3.jar
7fa9b8017000-7fa9b801e000 r--s 00037000 fc:10 1654814                    /data/elasticsearch-jdbc-2.3.3.0/lib/lucene-queries-5.5.0.jar
7fa9b801e000-7fa9b8024000 r--s 00044000 fc:10 1654797                    /data/elasticsearch-jdbc-2.3.3.0/lib/elasticsearch-helper-2.3.3.0.jar
7fa9b8024000-7fa9b8032000 r--s 001a1000 fc:10 1654790                    /data/elasticsearch-jdbc-2.3.3.0/lib/h2-1.4.191.jar
7fa9b8032000-7fa9b8034000 r--s 0000b000 fc:10 1654793                    /data/elasticsearch-jdbc-2.3.3.0/lib/t-digest-3.0.jar
7fa9b8034000-7fa9b8047000 r--s 0016f000 fc:10 1654791                    /data/elasticsearch-jdbc-2.3.3.0/lib/lucene-analyzers-common-5.5.0.jar
7fa9b8047000-7fa9b804a000 r--s 00032000 fc:10 1654827                    /data/elasticsearch-jdbc-2.3.3.0/lib/jdbc-driver-csv-1.0.0.jar
7fa9b804a000-7fa9b804d000 r--s 00018000 fc:10 1654789                    /data/elasticsearch-jdbc-2.3.3.0/lib/lucene-grouping-5.5.0.jar
7fa9b804d000-7fa9b8056000 r--s 00046000 fc:10 1654812                    /data/elasticsearch-jdbc-2.3.3.0/lib/jackson-dataformat-yaml-2.6.6.jar
7fa9b8056000-7fa9b806e000 r--s 000f7000 fc:10 1654802                    /data/elasticsearch-jdbc-2.3.3.0/lib/log4j-core-2.5.jar
7fa9b806e000-7fa9b8071000 ---p 00000000 00:00 0 
7fa9b8071000-7fa9b816f000 rw-p 00000000 00:00 0 
7fa9b816f000-7fa9b8172000 ---p 00000000 00:00 0 
7fa9b8172000-7fa9bc000000 rw-p 00000000 00:00 0 
7fa9bc000000-7fa9bc021000 rw-p 00000000 00:00 0 
7fa9bc021000-7fa9c0000000 ---p 00000000 00:00 0 
7fa9c0000000-7fa9c0021000 rw-p 00000000 00:00 0 
7fa9c0021000-7fa9c4000000 ---p 00000000 00:00 0 
7fa9c4000000-7fa9c4021000 rw-p 00000000 00:00 0 
7fa9c4021000-7fa9c8000000 ---p 00000000 00:00 0 
7fa9c8000000-7fa9c8005000 r--s 0003b000 fc:10 1654811                    /data/elasticsearch-jdbc-2.3.3.0/lib/lucene-spatial-5.5.0.jar
7fa9c8005000-7fa9c8009000 r--s 0001e000 fc:10 1654831                    /data/elasticsearch-jdbc-2.3.3.0/lib/lucene-join-5.5.0.jar
7fa9c8009000-7fa9c800a000 r--s 00001000 fc:10 1654801                    /data/elasticsearch-jdbc-2.3.3.0/lib/securesm-1.0.jar
7fa9c800a000-7fa9c800c000 r--s 00007000 fc:10 1654805                    /data/elasticsearch-jdbc-2.3.3.0/lib/lucene-memory-5.5.0.jar
7fa9c800c000-7fa9c8016000 r--s 000e7000 fc:10 1654815                    /data/elasticsearch-jdbc-2.3.3.0/lib/mysql-connector-java-5.1.38.jar
7fa9c8016000-7fa9c801e000 r--s 00062000 fc:10 1654823                    /data/elasticsearch-jdbc-2.3.3.0/lib/lucene-backward-codecs-5.5.0.jar
7fa9c801e000-7fa9c8020000 r--s 0000e000 fc:10 1654829                    /data/elasticsearch-jdbc-2.3.3.0/lib/jsr166e-1.1.0.jar
7fa9c8020000-7fa9c8047000 r--s 0021c000 fc:10 1654830                    /data/elasticsearch-jdbc-2.3.3.0/lib/lucene-core-5.5.0.jar
7fa9c8047000-7fa9c804c000 r--s 00038000 fc:10 1654806                    /data/elasticsearch-jdbc-2.3.3.0/lib/lucene-suggest-5.5.0.jar
7fa9c804c000-7fa9c804f000 ---p 00000000 00:00 0 
7fa9c804f000-7fa9c814d000 rw-p 00000000 00:00 0 
7fa9c814d000-7fa9c8150000 ---p 00000000 00:00 0 
7fa9c8150000-7fa9c824e000 rw-p 00000000 00:00 0 
7fa9c824e000-7fa9c824f000 ---p 00000000 00:00 0 
7fa9c824f000-7fa9c9000000 rw-p 00000000 00:00 0 
7fa9c9000000-7fa9c9780000 rwxp 00000000 00:00 0 
7fa9c9780000-7fa9d8000000 ---p 00000000 00:00 0 
7fa9d8000000-7fa9d850e000 rw-p 00000000 00:00 0 
7fa9d850e000-7fa9dc000000 ---p 00000000 00:00 0 
7fa9dc000000-7fa9dc004000 r--s 0002d000 fc:10 1654796                    /data/elasticsearch-jdbc-2.3.3.0/lib/lucene-spatial3d-5.5.0.jar
7fa9dc004000-7fa9dc014000 r--s 00088000 fc:10 1654817                    /data/elasticsearch-jdbc-2.3.3.0/lib/joda-time-2.8.2.jar
7fa9dc014000-7fa9dc016000 r--s 00019000 fc:10 1654820                    /data/elasticsearch-jdbc-2.3.3.0/lib/HdrHistogram-2.1.6.jar
7fa9dc016000-7fa9dc02f000 r--s 0012c000 fc:10 1654807                    /data/elasticsearch-jdbc-2.3.3.0/lib/netty-3.10.5.Final.jar
7fa9dc02f000-7fa9dc046000 r--s 00100000 fc:10 1654804                    /data/elasticsearch-jdbc-2.3.3.0/lib/hppc-0.7.1.jar
7fa9dc046000-7fa9dc057000 r--s 000b2000 fc:10 1654816                    /data/elasticsearch-jdbc-2.3.3.0/lib/jts-1.13.jar
7fa9dc057000-7fa9dc05d000 r--s 0003c000 fc:10 1654810                    /data/elasticsearch-jdbc-2.3.3.0/lib/snakeyaml-1.15.jar
7fa9dc05d000-7fa9dc3ad000 rw-p 00000000 00:00 0 
7fa9dc3ad000-7fa9dc57b000 r--s 043c8000 fc:01 1311579                    /usr/lib/jvm/java-1.8.0-openjdk-1.8.0.101-3.b13.el6_8.x86_64/jre/lib/rt.jar
7fa9dc57b000-7fa9dd274000 rw-p 00000000 00:00 0 
7fa9dd274000-7fa9dd275000 ---p 00000000 00:00 0 
7fa9dd275000-7fa9dd375000 rw-p 00000000 00:00 0 
7fa9dd375000-7fa9dd376000 ---p 00000000 00:00 0 
7fa9dd376000-7fa9dd476000 rw-p 00000000 00:00 0 
7fa9dd476000-7fa9dd477000 ---p 00000000 00:00 0 
7fa9dd477000-7fa9dd577000 rw-p 00000000 00:00 0 
7fa9dd577000-7fa9dd578000 ---p 00000000 00:00 0 
7fa9dd578000-7fa9dd68f000 rw-p 00000000 00:00 0 
7fa9dd68f000-7fa9dd909000 ---p 00000000 00:00 0 
7fa9dd909000-7fa9dd920000 rw-p 00000000 00:00 0 
7fa9dd920000-7fa9ddb99000 ---p 00000000 00:00 0 
7fa9ddb99000-7fa9ddce2000 rw-p 00000000 00:00 0 
7fa9ddce2000-7fa9ddd01000 rw-p 00000000 00:00 0 
7fa9ddd01000-7fa9de0a3000 ---p 00000000 00:00 0 
7fa9de0a3000-7fa9de0ab000 r-xp 00000000 fc:01 1311523                    /usr/lib/jvm/java-1.8.0-openjdk-1.8.0.101-3.b13.el6_8.x86_64/jre/lib/amd64/libzip.so
7fa9de0ab000-7fa9de2aa000 ---p 00008000 fc:01 1311523                    /usr/lib/jvm/java-1.8.0-openjdk-1.8.0.101-3.b13.el6_8.x86_64/jre/lib/amd64/libzip.so
7fa9de2aa000-7fa9de2ab000 rw-p 00007000 fc:01 1311523                    /usr/lib/jvm/java-1.8.0-openjdk-1.8.0.101-3.b13.el6_8.x86_64/jre/lib/amd64/libzip.so
7fa9de2ab000-7fa9de2b7000 r-xp 00000000 fc:01 262212                     /lib64/libnss_files-2.12.so
7fa9de2b7000-7fa9de4b7000 ---p 0000c000 fc:01 262212                     /lib64/libnss_files-2.12.so
7fa9de4b7000-7fa9de4b8000 r--p 0000c000 fc:01 262212                     /lib64/libnss_files-2.12.so
7fa9de4b8000-7fa9de4b9000 rw-p 0000d000 fc:01 262212                     /lib64/libnss_files-2.12.so
7fa9de4b9000-7fa9de4c1000 rw-s 00000000 fc:01 529455                     /tmp/hsperfdata_root/26871
7fa9de4c1000-7fa9de4eb000 r-xp 00000000 fc:01 1311505                    /usr/lib/jvm/java-1.8.0-openjdk-1.8.0.101-3.b13.el6_8.x86_64/jre/lib/amd64/libjava.so
7fa9de4eb000-7fa9de6eb000 ---p 0002a000 fc:01 1311505                    /usr/lib/jvm/java-1.8.0-openjdk-1.8.0.101-3.b13.el6_8.x86_64/jre/lib/amd64/libjava.so
7fa9de6eb000-7fa9de6ed000 rw-p 0002a000 fc:01 1311505                    /usr/lib/jvm/java-1.8.0-openjdk-1.8.0.101-3.b13.el6_8.x86_64/jre/lib/amd64/libjava.so
7fa9de6ed000-7fa9de6fb000 r-xp 00000000 fc:01 1311522                    /usr/lib/jvm/java-1.8.0-openjdk-1.8.0.101-3.b13.el6_8.x86_64/jre/lib/amd64/libverify.so
7fa9de6fb000-7fa9de8fa000 ---p 0000e000 fc:01 1311522                    /usr/lib/jvm/java-1.8.0-openjdk-1.8.0.101-3.b13.el6_8.x86_64/jre/lib/amd64/libverify.so
7fa9de8fa000-7fa9de8fc000 rw-p 0000d000 fc:01 1311522                    /usr/lib/jvm/java-1.8.0-openjdk-1.8.0.101-3.b13.el6_8.x86_64/jre/lib/amd64/libverify.so
7fa9de8fc000-7fa9de8ff000 ---p 00000000 00:00 0 
7fa9de8ff000-7fa9de9fd000 rw-p 00000000 00:00 0 
7fa9de9fd000-7fa9df625000 r-xp 00000000 fc:01 1311527                    /usr/lib/jvm/java-1.8.0-openjdk-1.8.0.101-3.b13.el6_8.x86_64/jre/lib/amd64/server/libjvm.so
7fa9df625000-7fa9df825000 ---p 00c28000 fc:01 1311527                    /usr/lib/jvm/java-1.8.0-openjdk-1.8.0.101-3.b13.el6_8.x86_64/jre/lib/amd64/server/libjvm.so
7fa9df825000-7fa9df8f3000 rw-p 00c28000 fc:01 1311527                    /usr/lib/jvm/java-1.8.0-openjdk-1.8.0.101-3.b13.el6_8.x86_64/jre/lib/amd64/server/libjvm.so
7fa9df8f3000-7fa9df928000 rw-p 00000000 00:00 0 
7fa9df928000-7fa9df92a000 r--s 00011000 fc:10 1654808                    /data/elasticsearch-jdbc-2.3.3.0/lib/jackson-dataformat-smile-2.6.6.jar
7fa9df92a000-7fa9df92b000 r--s 0000c000 fc:10 1654821                    /data/elasticsearch-jdbc-2.3.3.0/lib/commons-cli-1.3.1.jar
7fa9df92b000-7fa9df92d000 r--s 00008000 fc:10 1654828                    /data/elasticsearch-jdbc-2.3.3.0/lib/joda-convert-1.2.jar
7fa9df92d000-7fa9df92e000 r--s 0000b000 fc:10 1654788                    /data/elasticsearch-jdbc-2.3.3.0/lib/jackson-dataformat-cbor-2.6.6.jar
7fa9df92e000-7fa9df92f000 rw-p 00000000 00:00 0 
7fa9df92f000-7fa9df930000 ---p 00000000 00:00 0 
7fa9df930000-7fa9df931000 rw-p 00000000 00:00 0 
7fffd6c56000-7fffd6c6b000 rw-p 00000000 00:00 0                          [stack]
7fffd6de7000-7fffd6de8000 r-xp 00000000 00:00 0                          [vdso]
ffffffffff600000-ffffffffff601000 r-xp 00000000 00:00 0                  [vsyscall]

VM Arguments:
jvm_args: -Dlog4j.configurationFile=/data/elasticsearch-jdbc-2.3.3.0/bin/log4j2.xml 
java_command: org.xbib.tools.Runner org.xbib.tools.JDBCImporter
java_class_path (initial): /data/elasticsearch-jdbc-2.3.3.0/lib/jackson-dataformat-cbor-2.6.6.jar:/data/elasticsearch-jdbc-2.3.3.0/lib/snakeyaml-1.15.jar:/data/elasticsearch-jdbc-2.3.3.0/lib/jts-1.13.jar:/data/elasticsearch-jdbc-2.3.3.0/lib/joda-convert-1.2.jar:/data/elasticsearch-jdbc-2.3.3.0/lib/hppc-0.7.1.jar:/data/elasticsearch-jdbc-2.3.3.0/lib/netty-3.10.5.Final.jar:/data/elasticsearch-jdbc-2.3.3.0/lib/HdrHistogram-2.1.6.jar:/data/elasticsearch-jdbc-2.3.3.0/lib/joda-time-2.8.2.jar:/data/elasticsearch-jdbc-2.3.3.0/lib/lucene-suggest-5.5.0.jar:/data/elasticsearch-jdbc-2.3.3.0/lib/commons-cli-1.3.1.jar:/data/elasticsearch-jdbc-2.3.3.0/lib/lucene-spatial3d-5.5.0.jar:/data/elasticsearch-jdbc-2.3.3.0/lib/jackson-dataformat-smile-2.6.6.jar:/data/elasticsearch-jdbc-2.3.3.0/lib/lucene-core-5.5.0.jar:/data/elasticsearch-jdbc-2.3.3.0/lib/jsr166e-1.1.0.jar:/data/elasticsearch-jdbc-2.3.3.0/lib/lucene-backward-codecs-5.5.0.jar:/data/elasticsearch-jdbc-2.3.3.0/lib/log4j-core-2.5.jar:/data/elasticsearch-jdbc-2.3.3.0/lib/mysql-connector-java-5.1.38.jar:/data/elasticsearch-jdbc-2.3.3.0/lib/lucene-memory-5.5.0.jar:/data/elasticsearch-jdbc-2.3.3.0/lib/securesm-1.0.jar:/data/elasticsearch-jdbc-2.3.3.0/lib/lucene-join-5.5.0.jar:/data/elasticsearch-jdbc-2.3.3.0/lib/jackson-dataformat-yaml-2.6.6.jar:/data/elasticsearch-jdbc-2.3.3.0/lib/lucene-grouping-5.5.0.jar:/data/elasticsearch-jdbc-2.3.3.0/lib/jdbc-driver-csv-1.0.0.jar:/data/elasticsearch-jdbc-2.3.3.0/lib/lucene-analyzers-common-5.5.0.jar:/data/elasticsearch-jdbc-2.3.3.0/lib/elasticsearch-2.3.3.jar:/data/elasticsearch-jdbc-2.3.3.0/lib/lucene-spatial-5.5.0.jar:/data/elasticsearch-jdbc-2.3.3.0/lib/t-digest-3.0.jar:/data/elasticsearch-jdbc-2.3.3.0/lib/h2-1.4.191.jar:/data/elasticsearch-jdbc-2.3.3.0/lib/elasticsearch-helper-2.3.3.0.jar:/data/elasticsearch-jdbc-2.3.3.0/lib/lucene-queries-5.5.0.jar:/data/elasticsearch-jdbc-2.3.3.0/lib/hsqldb-2.3.3.jar:/data/elasticsearch-jdbc-2.3.3.0/lib/derby-10.12.1.1.jar:/data/elasticsearch-jdbc-2.
Launcher Type: SUN_STANDARD

Environment Variables:
PATH=/usr/local/sbin:/usr/local/bin:/sbin:/bin:/usr/sbin:/usr/bin:/data/node-v4/bin/:/data/node-v4/lib/node_modules/:/root/bin
SHELL=/bin/bash

Signal Handlers:
SIGSEGV: [libjvm.so+0xa2dff0], sa_mask[0]=11111111011111111101111111111110, sa_flags=SA_RESTART|SA_SIGINFO
SIGBUS: [libjvm.so+0xa2dff0], sa_mask[0]=11111111011111111101111111111110, sa_flags=SA_RESTART|SA_SIGINFO
SIGFPE: [libjvm.so+0x89ada0], sa_mask[0]=11111111011111111101111111111110, sa_flags=SA_RESTART|SA_SIGINFO
SIGPIPE: [libjvm.so+0x89ada0], sa_mask[0]=11111111011111111101111111111110, sa_flags=SA_RESTART|SA_SIGINFO
SIGXFSZ: [libjvm.so+0x89ada0], sa_mask[0]=11111111011111111101111111111110, sa_flags=SA_RESTART|SA_SIGINFO
SIGILL: [libjvm.so+0x89ada0], sa_mask[0]=11111111011111111101111111111110, sa_flags=SA_RESTART|SA_SIGINFO
SIGUSR1: SIG_DFL, sa_mask[0]=00000000000000000000000000000000, sa_flags=none
SIGUSR2: [libjvm.so+0x89c360], sa_mask[0]=00000000000000000000000000000000, sa_flags=SA_RESTART|SA_SIGINFO
SIGHUP: [libjvm.so+0x89dc40], sa_mask[0]=11111111011111111101111111111110, sa_flags=SA_RESTART|SA_SIGINFO
SIGINT: [libjvm.so+0x89dc40], sa_mask[0]=11111111011111111101111111111110, sa_flags=SA_RESTART|SA_SIGINFO
SIGTERM: [libjvm.so+0x89dc40], sa_mask[0]=11111111011111111101111111111110, sa_flags=SA_RESTART|SA_SIGINFO
SIGQUIT: [libjvm.so+0x89dc40], sa_mask[0]=11111111011111111101111111111110, sa_flags=SA_RESTART|SA_SIGINFO


---------------  S Y S T E M  ---------------

OS:CentOS release 6.5 (Final)

uname:Linux 2.6.32-431.23.3.el6.x86_64 #1 SMP Thu Jul 31 17:20:51 UTC 2014 x86_64
libc:glibc 2.12 NPTL 2.12 
rlimit: STACK 10240k, CORE 0k, NPROC 62820, NOFILE 65535, AS infinity
load average:1.45 0.83 0.69

/proc/meminfo:
MemTotal:        8061396 kB
MemFree:          105644 kB
Buffers:             388 kB
Cached:            10264 kB
SwapCached:            0 kB
Active:          7606344 kB
Inactive:           9084 kB
Active(anon):    7604964 kB
Inactive(anon):      204 kB
Active(file):       1380 kB
Inactive(file):     8880 kB
Unevictable:           0 kB
Mlocked:               0 kB
SwapTotal:             0 kB
SwapFree:              0 kB
Dirty:                56 kB
Writeback:             0 kB
AnonPages:       7604956 kB
Mapped:             2820 kB
Shmem:               256 kB
Slab:             103044 kB
SReclaimable:      14284 kB
SUnreclaim:        88760 kB
KernelStack:      114000 kB
PageTables:        58616 kB
NFS_Unstable:          0 kB
Bounce:                0 kB
WritebackTmp:          0 kB
CommitLimit:     4030696 kB
Committed_AS:   21029192 kB
VmallocTotal:   34359738367 kB
VmallocUsed:       25800 kB
VmallocChunk:   34359710080 kB
HardwareCorrupted:     0 kB
AnonHugePages:   4935680 kB
HugePages_Total:       0
HugePages_Free:        0
HugePages_Rsvd:        0
HugePages_Surp:        0
Hugepagesize:       2048 kB
DirectMap4k:        6016 kB
DirectMap2M:     2091008 kB
DirectMap1G:     6291456 kB


CPU:total 4 (4 cores per cpu, 1 threads per core) family 6 model 63 stepping 2, cmov, cx8, fxsr, mmx, sse, sse2, sse3, ssse3, sse4.1, sse4.2, popcnt, avx, aes, clmul, lzcnt, tsc

/proc/cpuinfo:
processor	: 0
vendor_id	: GenuineIntel
cpu family	: 6
model		: 63
model name	: Intel(R) Xeon(R) CPU E5-2680 v3 @ 2.50GHz
stepping	: 2
cpu MHz		: 2494.220
cache size	: 30720 KB
physical id	: 0
siblings	: 4
core id		: 0
cpu cores	: 4
apicid		: 0
initial apicid	: 0
fpu		: yes
fpu_exception	: yes
cpuid level	: 13
wp		: yes
flags		: fpu vme de pse tsc msr pae mce cx8 apic sep mtrr pge mca cmov pat pse36 clflush mmx fxsr sse sse2 ss ht syscall nx pdpe1gb rdtscp lm constant_tsc rep_good unfair_spinlock pni pclmulqdq ssse3 fma cx16 pcid sse4_1 sse4_2 x2apic movbe popcnt tsc_deadline_timer aes xsave avx f16c rdrand hypervisor lahf_lm abm xsaveopt
bogomips	: 4988.44
clflush size	: 64
cache_alignment	: 64
address sizes	: 46 bits physical, 48 bits virtual
power management:

processor	: 1
vendor_id	: GenuineIntel
cpu family	: 6
model		: 63
model name	: Intel(R) Xeon(R) CPU E5-2680 v3 @ 2.50GHz
stepping	: 2
cpu MHz		: 2494.220
cache size	: 30720 KB
physical id	: 0
siblings	: 4
core id		: 1
cpu cores	: 4
apicid		: 1
initial apicid	: 1
fpu		: yes
fpu_exception	: yes
cpuid level	: 13
wp		: yes
flags		: fpu vme de pse tsc msr pae mce cx8 apic sep mtrr pge mca cmov pat pse36 clflush mmx fxsr sse sse2 ss ht syscall nx pdpe1gb rdtscp lm constant_tsc rep_good unfair_spinlock pni pclmulqdq ssse3 fma cx16 pcid sse4_1 sse4_2 x2apic movbe popcnt tsc_deadline_timer aes xsave avx f16c rdrand hypervisor lahf_lm abm xsaveopt
bogomips	: 4988.44
clflush size	: 64
cache_alignment	: 64
address sizes	: 46 bits physical, 48 bits virtual
power management:

processor	: 2
vendor_id	: GenuineIntel
cpu family	: 6
model		: 63
model name	: Intel(R) Xeon(R) CPU E5-2680 v3 @ 2.50GHz
stepping	: 2
cpu MHz		: 2494.220
cache size	: 30720 KB
physical id	: 0
siblings	: 4
core id		: 2
cpu cores	: 4
apicid		: 2
initial apicid	: 2
fpu		: yes
fpu_exception	: yes
cpuid level	: 13
wp		: yes
flags		: fpu vme de pse tsc msr pae mce cx8 apic sep mtrr pge mca cmov pat pse36 clflush mmx fxsr sse sse2 ss ht syscall nx pdpe1gb rdtscp lm constant_tsc rep_good unfair_spinlock pni pclmulqdq ssse3 fma cx16 pcid sse4_1 sse4_2 x2apic movbe popcnt tsc_deadline_timer aes xsave avx f16c rdrand hypervisor lahf_lm abm xsaveopt
bogomips	: 4988.44
clflush size	: 64
cache_alignment	: 64
address sizes	: 46 bits physical, 48 bits virtual
power management:

processor	: 3
vendor_id	: GenuineIntel
cpu family	: 6
model		: 63
model name	: Intel(R) Xeon(R) CPU E5-2680 v3 @ 2.50GHz
stepping	: 2
cpu MHz		: 2494.220
cache size	: 30720 KB
physical id	: 0
siblings	: 4
core id		: 3
cpu cores	: 4
apicid		: 3
initial apicid	: 3
fpu		: yes
fpu_exception	: yes
cpuid level	: 13
wp		: yes
flags		: fpu vme de pse tsc msr pae mce cx8 apic sep mtrr pge mca cmov pat pse36 clflush mmx fxsr sse sse2 ss ht syscall nx pdpe1gb rdtscp lm constant_tsc rep_good unfair_spinlock pni pclmulqdq ssse3 fma cx16 pcid sse4_1 sse4_2 x2apic movbe popcnt tsc_deadline_timer aes xsave avx f16c rdrand hypervisor lahf_lm abm xsaveopt
bogomips	: 4988.44
clflush size	: 64
cache_alignment	: 64
address sizes	: 46 bits physical, 48 bits virtual
power management:



Memory: 4k page, physical 8061396k(105644k free), swap 0k(0k free)

vm_info: OpenJDK 64-Bit Server VM (25.101-b13) for linux-amd64 JRE (1.8.0_101-b13), built on Jul 20 2016 09:04:40 by "mockbuild" with gcc 4.4.7 20120313 (Red Hat 4.4.7-17)

time: Tue Dec 27 11:25:11 2016
elapsed time: 35 seconds (0d 0h 0m 35s)

