#
# There is insufficient memory for the Java Runtime Environment to continue.
# Native memory allocation (mmap) failed to map 259522560 bytes for committing reserved memory.
# Possible reasons:
#   The system is out of physical RAM or swap space
#   In 32 bit mode, the process size limit was hit
# Possible solutions:
#   Reduce memory load on the system
#   Increase physical memory or swap space
#   Check if swap backing store is full
#   Use 64 bit Java on a 64 bit OS
#   Decrease Java heap size (-Xmx/-Xms)
#   Decrease number of Java threads
#   Decrease Java thread stack sizes (-Xss)
#   Set larger code cache with -XX:ReservedCodeCacheSize=
# This output file may be truncated or incomplete.
#
#  Out of Memory Error (os_linux.cpp:2638), pid=9698, tid=0x00007fae1f06c700
#
# JRE version: OpenJDK Runtime Environment (8.0_101-b13) (build 1.8.0_101-b13)
# Java VM: OpenJDK 64-Bit Server VM (25.101-b13 mixed mode linux-amd64 compressed oops)
# Failed to write core dump. Core dumps have been disabled. To enable core dumping, try "ulimit -c unlimited" before starting Java again
#

---------------  T H R E A D  ---------------

Current thread (0x00007fae44086000):  VMThread [stack: 0x00007fae1ef6c000,0x00007fae1f06d000] [id=9718]

Stack: [0x00007fae1ef6c000,0x00007fae1f06d000],  sp=0x00007fae1f06afc0,  free space=1019k
Native frames: (J=compiled Java code, j=interpreted, Vv=VM code, C=native code)
V  [libjvm.so+0xa2d5dd]
V  [libjvm.so+0x4d7b69]
V  [libjvm.so+0x89e4c3]
V  [libjvm.so+0x89e869]
V  [libjvm.so+0x8987ea]
V  [libjvm.so+0x90526b]
V  [libjvm.so+0x8f5b79]
V  [libjvm.so+0x8f5cf2]
V  [libjvm.so+0x8f60eb]
V  [libjvm.so+0x8fdea6]
V  [libjvm.so+0x903529]
V  [libjvm.so+0x8be50d]
V  [libjvm.so+0xa2eff7]
V  [libjvm.so+0xa35a92]
V  [libjvm.so+0xa33eb5]
V  [libjvm.so+0xa3437b]
V  [libjvm.so+0xa34852]
V  [libjvm.so+0x8a18b2]

VM_Operation (0x00007fada7bba3c0): ParallelGCFailedAllocation, mode: safepoint, requested by thread 0x00007fadcc1e6800


---------------  P R O C E S S  ---------------

Java Threads: ( => current thread )
  0x00007fadcc369800 JavaThread "elasticsearch[importer][listener][T#2]" daemon [_thread_blocked, id=22592, stack(0x00007fada79ba000,0x00007fada7abb000)]
  0x00007fadcc1e6800 JavaThread "elasticsearch[importer][listener][T#1]" daemon [_thread_blocked, id=22584, stack(0x00007fada7abb000,0x00007fada7bbc000)]
  0x00007fadcc022800 JavaThread "MySQL Statement Cancellation Timer" daemon [_thread_blocked, id=22567, stack(0x00007fae096e7000,0x00007fae097e8000)]
  0x00007fadcc8d8000 JavaThread "elasticsearch[importer][generic][T#1]" daemon [_thread_blocked, id=22566, stack(0x00007fadaa1e2000,0x00007fadaa2e3000)]
  0x00007fadcc8d7800 JavaThread "elasticsearch[importer][transport_client_timer][T#1]{Hashed wheel timer #44}" daemon [_thread_blocked, id=22564, stack(0x00007fada8ecf000,0x00007fada8fd0000)]
  0x00007fadcc17a800 JavaThread "elasticsearch[importer][bulk_processor][T#1]" daemon [_thread_blocked, id=22563, stack(0x00007fada90d1000,0x00007fada91d2000)]
  0x00007fadcc179800 JavaThread "pool-92-thread-1" [_thread_blocked, id=22562, stack(0x00007fada80c1000,0x00007fada81c2000)]
  0x00007fadcc05c000 JavaThread "elasticsearch[importer][transport_client_boss][T#1]{New I/O boss #396}" daemon [_thread_in_native, id=22561, stack(0x00007fada85c6000,0x00007fada86c7000)]
  0x00007fadcc05b800 JavaThread "elasticsearch[importer][transport_client_worker][T#8]{New I/O worker #395}" daemon [_thread_in_native, id=22560, stack(0x00007fada81c2000,0x00007fada82c3000)]
  0x00007fadcc385000 JavaThread "elasticsearch[importer][transport_client_worker][T#7]{New I/O worker #394}" daemon [_thread_in_native, id=22557, stack(0x00007fada88c9000,0x00007fada89ca000)]
  0x00007fadcc472000 JavaThread "elasticsearch[importer][transport_client_worker][T#6]{New I/O worker #393}" daemon [_thread_in_native, id=22556, stack(0x00007fadaa8e9000,0x00007fadaa9ea000)]
  0x00007fadcca9c000 JavaThread "elasticsearch[importer][transport_client_worker][T#5]{New I/O worker #392}" daemon [_thread_blocked, id=22554, stack(0x00007fada92d3000,0x00007fada93d4000)]
  0x00007fadcc61e000 JavaThread "elasticsearch[importer][transport_client_worker][T#4]{New I/O worker #391}" daemon [_thread_blocked, id=22553, stack(0x00007fada8fd0000,0x00007fada90d1000)]
  0x00007fadcc444000 JavaThread "elasticsearch[importer][transport_client_worker][T#3]{New I/O worker #390}" daemon [_thread_in_native, id=22551, stack(0x00007fada83c4000,0x00007fada84c5000)]
  0x00007fadcc1b5000 JavaThread "elasticsearch[importer][transport_client_worker][T#2]{New I/O worker #389}" daemon [_thread_in_native, id=22550, stack(0x00007fada7ebf000,0x00007fada7fc0000)]
  0x00007fadcc05d800 JavaThread "elasticsearch[importer][transport_client_worker][T#1]{New I/O worker #388}" daemon [_thread_in_native, id=22540, stack(0x00007fada7dbe000,0x00007fada7ebf000)]
  0x00007fadcc073800 JavaThread "elasticsearch[importer][scheduler][T#1]" daemon [_thread_blocked, id=22538, stack(0x00007fada7cbd000,0x00007fada7dbe000)]
  0x00007fadcc05a000 JavaThread "elasticsearch[importer][[timer]]" daemon [_thread_blocked, id=22537, stack(0x00007fada9adb000,0x00007fada9bdc000)]
  0x00007fade4047800 JavaThread "pool-91-thread-1" [_thread_blocked, id=22532, stack(0x00007fada7bbc000,0x00007fada7cbd000)]
  0x00007fadcca9b000 JavaThread "pool-90-thread-1" [_thread_blocked, id=22119, stack(0x00007fada91d2000,0x00007fada92d3000)]
  0x00007fade4046800 JavaThread "pool-89-thread-1" [_thread_blocked, id=22091, stack(0x00007fada8acb000,0x00007fada8bcc000)]
  0x00007fadcc386000 JavaThread "pool-88-thread-1" [_thread_blocked, id=21858, stack(0x00007fada89ca000,0x00007fada8acb000)]
  0x00007fade4045800 JavaThread "pool-87-thread-1" [_thread_blocked, id=21832, stack(0x00007fada7fc0000,0x00007fada80c1000)]
  0x00007fadcc025000 JavaThread "pool-86-thread-1" [_thread_blocked, id=21619, stack(0x00007fada98d9000,0x00007fada99da000)]
  0x00007fade4044000 JavaThread "pool-85-thread-1" [_thread_blocked, id=21584, stack(0x00007fada82c3000,0x00007fada83c4000)]
  0x00007fadcc47a800 JavaThread "pool-84-thread-1" [_thread_blocked, id=21285, stack(0x00007fadaa0e1000,0x00007fadaa1e2000)]
  0x00007fade4043000 JavaThread "pool-83-thread-1" [_thread_blocked, id=21248, stack(0x00007fada84c5000,0x00007fada85c6000)]
  0x00007fadcc165000 JavaThread "pool-82-thread-1" [_thread_blocked, id=20996, stack(0x00007fada8ccd000,0x00007fada8dce000)]
  0x00007fade4042000 JavaThread "pool-81-thread-1" [_thread_blocked, id=20968, stack(0x00007fada86c7000,0x00007fada87c8000)]
  0x00007fadcc08b000 JavaThread "pool-80-thread-1" [_thread_blocked, id=20747, stack(0x00007fadab8f9000,0x00007fadab9fa000)]
  0x00007fade4041000 JavaThread "pool-79-thread-1" [_thread_blocked, id=20709, stack(0x00007fada87c8000,0x00007fada88c9000)]
  0x00007fadcc7e1000 JavaThread "pool-78-thread-1" [_thread_blocked, id=20272, stack(0x00007fada97d8000,0x00007fada98d9000)]
  0x00007fade4040000 JavaThread "pool-77-thread-1" [_thread_blocked, id=20243, stack(0x00007fada9cdd000,0x00007fada9dde000)]
  0x00007fadcc3db000 JavaThread "pool-76-thread-1" [_thread_blocked, id=20142, stack(0x00007fada95d6000,0x00007fada96d7000)]
  0x00007fade403f000 JavaThread "pool-75-thread-1" [_thread_blocked, id=20100, stack(0x00007fada8bcc000,0x00007fada8ccd000)]
  0x00007fadcc064800 JavaThread "pool-74-thread-1" [_thread_blocked, id=19809, stack(0x00007fae085d8000,0x00007fae086d9000)]
  0x00007fade403e000 JavaThread "pool-73-thread-1" [_thread_blocked, id=19781, stack(0x00007fada8dce000,0x00007fada8ecf000)]
  0x00007fadcc1ba800 JavaThread "pool-72-thread-1" [_thread_blocked, id=19388, stack(0x00007fada94d5000,0x00007fada95d6000)]
  0x00007fade403d000 JavaThread "pool-71-thread-1" [_thread_blocked, id=19354, stack(0x00007fadaa2e3000,0x00007fadaa3e4000)]
  0x00007fadcc3dd000 JavaThread "pool-70-thread-1" [_thread_blocked, id=19185, stack(0x00007fadaaced000,0x00007fadaadee000)]
  0x00007fade403c000 JavaThread "pool-69-thread-1" [_thread_blocked, id=19149, stack(0x00007fadaa5e6000,0x00007fadaa6e7000)]
  0x00007fadcc3de800 JavaThread "pool-68-thread-1" [_thread_blocked, id=18954, stack(0x00007fae08de0000,0x00007fae08ee1000)]
  0x00007fade403b000 JavaThread "pool-67-thread-1" [_thread_blocked, id=18913, stack(0x00007fada93d4000,0x00007fada94d5000)]
  0x00007fadcc6dc000 JavaThread "pool-66-thread-1" [_thread_blocked, id=18794, stack(0x00007fada9dde000,0x00007fada9edf000)]
  0x00007fade4039800 JavaThread "pool-65-thread-1" [_thread_blocked, id=18764, stack(0x00007fada96d7000,0x00007fada97d8000)]
  0x00007fadcc47d000 JavaThread "pool-64-thread-1" [_thread_blocked, id=18471, stack(0x00007fadaadee000,0x00007fadaaeef000)]
  0x00007fade4038800 JavaThread "pool-63-thread-1" [_thread_blocked, id=18441, stack(0x00007fae082d5000,0x00007fae083d6000)]
  0x00007fadcc448000 JavaThread "pool-62-thread-1" [_thread_blocked, id=18262, stack(0x00007fada9edf000,0x00007fada9fe0000)]
  0x00007fade4037800 JavaThread "pool-61-thread-1" [_thread_blocked, id=18234, stack(0x00007fada99da000,0x00007fada9adb000)]
  0x00007fadcc6a0800 JavaThread "pool-60-thread-1" [_thread_blocked, id=17957, stack(0x00007fadab0f1000,0x00007fadab1f2000)]
  0x00007fade4036800 JavaThread "pool-59-thread-1" [_thread_blocked, id=17926, stack(0x00007fada9bdc000,0x00007fada9cdd000)]
  0x00007fadcc088800 JavaThread "pool-58-thread-1" [_thread_blocked, id=17650, stack(0x00007fae088db000,0x00007fae089dc000)]
  0x00007fade4035800 JavaThread "pool-57-thread-1" [_thread_blocked, id=17616, stack(0x00007fadab5f6000,0x00007fadab6f7000)]
  0x00007fadcc163800 JavaThread "pool-56-thread-1" [_thread_blocked, id=17371, stack(0x00007fadaabec000,0x00007fadaaced000)]
  0x00007fade4034800 JavaThread "pool-55-thread-1" [_thread_blocked, id=17336, stack(0x00007fada9fe0000,0x00007fadaa0e1000)]
  0x00007fadcc487000 JavaThread "pool-54-thread-1" [_thread_blocked, id=17068, stack(0x00007fadaa4e5000,0x00007fadaa5e6000)]
  0x00007fade4033800 JavaThread "pool-53-thread-1" [_thread_blocked, id=17033, stack(0x00007fadaa6e7000,0x00007fadaa7e8000)]
  0x00007fadcc1bd000 JavaThread "pool-52-thread-1" [_thread_blocked, id=16564, stack(0x00007fadaa7e8000,0x00007fadaa8e9000)]
  0x00007fade4032000 JavaThread "pool-51-thread-1" [_thread_blocked, id=16527, stack(0x00007fadaa3e4000,0x00007fadaa4e5000)]
  0x00007fadcc458000 JavaThread "pool-50-thread-1" [_thread_blocked, id=16376, stack(0x00007fadaa9ea000,0x00007fadaaaeb000)]
  0x00007fade4031000 JavaThread "pool-49-thread-1" [_thread_blocked, id=16353, stack(0x00007fadab1f2000,0x00007fadab2f3000)]
  0x00007fadcc1ea000 JavaThread "pool-48-thread-1" [_thread_blocked, id=16100, stack(0x00007fae1c659000,0x00007fae1c75a000)]
  0x00007fade4030000 JavaThread "pool-47-thread-1" [_thread_blocked, id=16064, stack(0x00007fadab3f4000,0x00007fadab4f5000)]
  0x00007fadcc3eb800 JavaThread "pool-46-thread-1" [_thread_blocked, id=15892, stack(0x00007fadabdfe000,0x00007fadabeff000)]
  0x00007fade402f000 JavaThread "pool-45-thread-1" [_thread_blocked, id=15862, stack(0x00007fadaaaeb000,0x00007fadaabec000)]
  0x00007fadcc489000 JavaThread "pool-44-thread-1" [_thread_blocked, id=15498, stack(0x00007fadaaff0000,0x00007fadab0f1000)]
  0x00007fade402e000 JavaThread "pool-43-thread-1" [_thread_blocked, id=15480, stack(0x00007fae087da000,0x00007fae088db000)]
  0x00007fadcc3e6000 JavaThread "pool-42-thread-1" [_thread_blocked, id=15033, stack(0x00007fae091e2000,0x00007fae092e3000)]
  0x00007fade402d000 JavaThread "pool-41-thread-1" [_thread_blocked, id=15007, stack(0x00007fadaaeef000,0x00007fadaaff0000)]
  0x00007fadcc3e5800 JavaThread "pool-40-thread-1" [_thread_blocked, id=14775, stack(0x00007fadabcfd000,0x00007fadabdfe000)]
  0x00007fade402c000 JavaThread "pool-39-thread-1" [_thread_blocked, id=14742, stack(0x00007fadab2f3000,0x00007fadab3f4000)]
  0x00007fadcc1e9000 JavaThread "pool-38-thread-1" [_thread_blocked, id=14360, stack(0x00007fadabbfc000,0x00007fadabcfd000)]
  0x00007fade402b000 JavaThread "pool-37-thread-1" [_thread_blocked, id=14325, stack(0x00007fae08ee1000,0x00007fae08fe2000)]
  0x00007fadcc16c000 JavaThread "pool-36-thread-1" [_thread_blocked, id=14231, stack(0x00007fae1c558000,0x00007fae1c659000)]
  0x00007fade4029800 JavaThread "pool-35-thread-1" [_thread_blocked, id=14192, stack(0x00007fadab4f5000,0x00007fadab5f6000)]
  0x00007fadcc3ea800 JavaThread "pool-34-thread-1" [_thread_blocked, id=13934, stack(0x00007fadab9fa000,0x00007fadabafb000)]
  0x00007fade4028800 JavaThread "pool-33-thread-1" [_thread_blocked, id=13912, stack(0x00007fadab6f7000,0x00007fadab7f8000)]
  0x00007fadcc1ee800 JavaThread "pool-32-thread-1" [_thread_blocked, id=13461, stack(0x00007fae083d6000,0x00007fae084d7000)]
  0x00007fade4027800 JavaThread "pool-31-thread-1" [_thread_blocked, id=13431, stack(0x00007fadab7f8000,0x00007fadab8f9000)]
  0x00007fadcc16d800 JavaThread "pool-30-thread-1" [_thread_blocked, id=13273, stack(0x00007fadabeff000,0x00007fadac000000)]
  0x00007fade4026800 JavaThread "pool-29-thread-1" [_thread_blocked, id=13250, stack(0x00007fadabafb000,0x00007fadabbfc000)]
  0x00007fadcc48a800 JavaThread "pool-28-thread-1" [_thread_blocked, id=12995, stack(0x00007fae081d4000,0x00007fae082d5000)]
  0x00007fade4025800 JavaThread "pool-27-thread-1" [_thread_blocked, id=12960, stack(0x00007fae08bde000,0x00007fae08cdf000)]
  0x00007fadcc3e9000 JavaThread "pool-26-thread-1" [_thread_blocked, id=12830, stack(0x00007fae1ca5d000,0x00007fae1cb5e000)]
  0x00007fade4024800 JavaThread "pool-25-thread-1" [_thread_blocked, id=12803, stack(0x00007fae08cdf000,0x00007fae08de0000)]
  0x00007fadcc089800 JavaThread "pool-24-thread-1" [_thread_blocked, id=12433, stack(0x00007fae1c255000,0x00007fae1c356000)]
  0x00007fade4023800 JavaThread "pool-23-thread-1" [_thread_blocked, id=12404, stack(0x00007fae080d3000,0x00007fae081d4000)]
  0x00007fadcc6e0800 JavaThread "pool-22-thread-1" [_thread_blocked, id=12294, stack(0x00007fae086d9000,0x00007fae087da000)]
  0x00007fade4022800 JavaThread "pool-21-thread-1" [_thread_blocked, id=12269, stack(0x00007fae1d05f000,0x00007fae1d160000)]
  0x00007fadcc6e2800 JavaThread "pool-20-thread-1" [_thread_blocked, id=12149, stack(0x00007fae089dc000,0x00007fae08add000)]
  0x00007fade4015800 JavaThread "pool-19-thread-1" [_thread_blocked, id=12122, stack(0x00007fae084d7000,0x00007fae085d8000)]
  0x00007fadcc08a000 JavaThread "pool-18-thread-1" [_thread_blocked, id=11774, stack(0x00007fae1c75a000,0x00007fae1c85b000)]
  0x00007fade4014800 JavaThread "pool-17-thread-1" [_thread_blocked, id=11746, stack(0x00007fae093e4000,0x00007fae094e5000)]
  0x00007fadcc088000 JavaThread "pool-16-thread-1" [_thread_blocked, id=11539, stack(0x00007fae1cb5e000,0x00007fae1cc5f000)]
  0x00007fade4013800 JavaThread "pool-15-thread-1" [_thread_blocked, id=11507, stack(0x00007fae1c85b000,0x00007fae1c95c000)]
  0x00007fadcc1fb000 JavaThread "pool-14-thread-1" [_thread_blocked, id=11279, stack(0x00007fae09b6b000,0x00007fae09c6c000)]
  0x00007fade4012800 JavaThread "pool-13-thread-1" [_thread_blocked, id=11254, stack(0x00007fae08add000,0x00007fae08bde000)]
  0x00007fadcc1fc800 JavaThread "pool-12-thread-1" [_thread_blocked, id=10921, stack(0x00007fae1c356000,0x00007fae1c457000)]
  0x00007fade4011800 JavaThread "pool-11-thread-1" [_thread_blocked, id=10879, stack(0x00007fae09d6d000,0x00007fae09e6e000)]
  0x00007fadbc278800 JavaThread "pool-10-thread-1" [_thread_blocked, id=10594, stack(0x00007fae1c95c000,0x00007fae1ca5d000)]
  0x00007fade4010800 JavaThread "pool-9-thread-1" [_thread_blocked, id=10569, stack(0x00007fae0a06e000,0x00007fae0a16f000)]
  0x00007fadb8179800 JavaThread "pool-8-thread-1" [_thread_blocked, id=10304, stack(0x00007fae1c457000,0x00007fae1c558000)]
  0x00007fade400f800 JavaThread "pool-7-thread-1" [_thread_blocked, id=10262, stack(0x00007fae09c6c000,0x00007fae09d6d000)]
  0x00007fade8002800 JavaThread "pool-3-thread-3" [_thread_blocked, id=10103, stack(0x00007fae092e3000,0x00007fae093e4000)]
  0x00007fade0001000 JavaThread "pool-5-thread-3" [_thread_blocked, id=10086, stack(0x00007fae094e5000,0x00007fae095e6000)]
  0x00007fade8001000 JavaThread "pool-3-thread-2" [_thread_blocked, id=10085, stack(0x00007fae095e6000,0x00007fae096e7000)]
  0x00007faddc4f1000 JavaThread "Abandoned connection cleanup thread" daemon [_thread_blocked, id=9962, stack(0x00007fae099e8000,0x00007fae09ae9000)]
  0x00007faddc49d000 JavaThread "pool-5-thread-2" [_thread_blocked, id=9943, stack(0x00007fae1c053000,0x00007fae1c154000)]
  0x00007faddc49c000 JavaThread "pool-6-thread-1" [_thread_blocked, id=9942, stack(0x00007fae1c154000,0x00007fae1c255000)]
  0x00007faddc010800 JavaThread "pool-5-thread-1" [_thread_blocked, id=9835, stack(0x00007fae1d360000,0x00007fae1d461000)]
  0x00007fade4020800 JavaThread "pool-4-thread-1" [_thread_blocked, id=9809, stack(0x00007fae1d461000,0x00007fae1d562000)]
  0x00007fade4004000 JavaThread "pool-3-thread-1" [_thread_blocked, id=9808, stack(0x00007fae1d562000,0x00007fae1d663000)]
  0x00007fadf0003800 JavaThread "pool-2-thread-2" [_thread_blocked, id=9735, stack(0x00007fae1d663000,0x00007fae1d764000)]
  0x00007fae4450c000 JavaThread "pool-2-thread-1" [_thread_blocked, id=9732, stack(0x00007fae1d764000,0x00007fae1d865000)]
  0x00007fae440da800 JavaThread "Service Thread" daemon [_thread_blocked, id=9726, stack(0x00007fae1e865000,0x00007fae1e966000)]
  0x00007fae440cf800 JavaThread "C1 CompilerThread2" daemon [_thread_blocked, id=9725, stack(0x00007fae1e966000,0x00007fae1ea67000)]
  0x00007fae440cd800 JavaThread "C2 CompilerThread1" daemon [_thread_blocked, id=9724, stack(0x00007fae1ea67000,0x00007fae1eb68000)]
  0x00007fae440c0000 JavaThread "C2 CompilerThread0" daemon [_thread_blocked, id=9723, stack(0x00007fae1eb68000,0x00007fae1ec69000)]
  0x00007fae440be000 JavaThread "Signal Dispatcher" daemon [_thread_blocked, id=9722, stack(0x00007fae1ec69000,0x00007fae1ed6a000)]
  0x00007fae44094000 JavaThread "Finalizer" daemon [_thread_blocked, id=9721, stack(0x00007fae1ed6a000,0x00007fae1ee6b000)]
  0x00007fae4408f800 JavaThread "Reference Handler" daemon [_thread_blocked, id=9719, stack(0x00007fae1ee6b000,0x00007fae1ef6c000)]
  0x00007fae4400a000 JavaThread "main" [_thread_blocked, id=9699, stack(0x00007fae49427000,0x00007fae49528000)]

Other Threads:
=>0x00007fae44086000 VMThread [stack: 0x00007fae1ef6c000,0x00007fae1f06d000] [id=9718]
  0x00007fae440dd000 WatcherThread [stack: 0x00007fae1e764000,0x00007fae1e865000] [id=9728]

VM state:at safepoint (normal execution)

VM Mutex/Monitor currently owned by a thread:  ([mutex/lock_event])
[0x00007fae440072b0] ExpandHeap_lock - owner thread: 0x00007fae44086000
[0x00007fae44007930] Threads_lock - owner thread: 0x00007fae44086000
[0x00007fae44007e30] Heap_lock - owner thread: 0x00007fadcc1e6800

Heap:
 PSYoungGen      total 629760K, used 0K [0x00000000d6f80000, 0x0000000100000000, 0x0000000100000000)
  eden space 587264K, 0% used [0x00000000d6f80000,0x00000000d6f80000,0x00000000fad00000)
  from space 42496K, 0% used [0x00000000fad00000,0x00000000fad00000,0x00000000fd680000)
  to   space 42496K, 0% used [0x00000000fd680000,0x00000000fd680000,0x0000000100000000)
 ParOldGen       total 500736K, used 269611K [0x0000000084e00000, 0x00000000a3700000, 0x00000000d6f80000)
  object space 500736K, 53% used [0x0000000084e00000,0x000000009554ad80,0x00000000a3700000)
 Metaspace       used 27285K, capacity 27576K, committed 27904K, reserved 1073152K
  class space    used 3100K, capacity 3199K, committed 3328K, reserved 1048576K

Card table byte_map: [0x00007fae48434000,0x00007fae4880e000] byte_map_base: 0x00007fae4800d000

Marking Bits: (ParMarkBitMap*) 0x00007fae4a431de0
 Begin Bits: [0x00007fae24270000, 0x00007fae26138000)
 End Bits:   [0x00007fae26138000, 0x00007fae28000000)

Polling page: 0x00007fae4a45a000

CodeCache: size=245760Kb used=13150Kb max_used=13164Kb free=232609Kb
 bounds [0x00007fae35000000, 0x00007fae35d00000, 0x00007fae44000000]
 total_blobs=4522 nmethods=4023 adapters=413
 compilation: enabled

Compilation events (10 events):
Event: 3951.892 Thread 0x00007fae440cf800 5173       3       org.jboss.netty.util.internal.DeadLockProofWorker::start (44 bytes)
Event: 3951.896 Thread 0x00007fae440cf800 nmethod 5173 0x00007fae35cf2050 code [0x00007fae35cf2200, 0x00007fae35cf2728]
Event: 3951.906 Thread 0x00007fae440c0000 5174       4       java.util.TreeMap$PrivateEntryIterator::hasNext (13 bytes)
Event: 3951.906 Thread 0x00007fae440c0000 nmethod 5174 0x00007fae355cfd10 code [0x00007fae355cfe60, 0x00007fae355cfed8]
Event: 3951.910 Thread 0x00007fae440cd800 5175       4       com.mysql.jdbc.ConnectionPropertiesImpl$BooleanConnectionProperty::<init> (20 bytes)
Event: 3951.910 Thread 0x00007fae440c0000 5176       4       com.mysql.jdbc.ConnectionPropertiesImpl$BooleanConnectionProperty::initializeFrom (67 bytes)
Event: 3951.911 Thread 0x00007fae440c0000 nmethod 5176 0x00007fae35cf3090 code [0x00007fae35cf31e0, 0x00007fae35cf3278]
Event: 3951.911 Thread 0x00007fae440c0000 5177       4       java.lang.String::toLowerCase (439 bytes)
Event: 3951.912 Thread 0x00007fae440cd800 nmethod 5175 0x00007fae35cf1dd0 code [0x00007fae35cf1f20, 0x00007fae35cf1ff8]
Event: 3951.934 Thread 0x00007fae440c0000 nmethod 5177 0x00007fae35cf77d0 code [0x00007fae35cf79c0, 0x00007fae35cf83f8]

GC Heap History (10 events):
Event: 3989.298 GC heap after
Heap after GC invocations=6602 (full 77):
 PSYoungGen      total 668672K, used 2340K [0x00000000d6f80000, 0x0000000100000000, 0x0000000100000000)
  eden space 665088K, 0% used [0x00000000d6f80000,0x00000000d6f80000,0x00000000ff900000)
  from space 3584K, 65% used [0x00000000ff900000,0x00000000ffb49278,0x00000000ffc80000)
  to   space 3584K, 0% used [0x00000000ffc80000,0x00000000ffc80000,0x0000000100000000)
 ParOldGen       total 500736K, used 284451K [0x0000000084e00000, 0x00000000a3700000, 0x00000000d6f80000)
  object space 500736K, 56% used [0x0000000084e00000,0x00000000963c8cf8,0x00000000a3700000)
 Metaspace       used 27285K, capacity 27576K, committed 27904K, reserved 1073152K
  class space    used 3100K, capacity 3199K, committed 3328K, reserved 1048576K
}
Event: 3989.649 GC heap before
{Heap before GC invocations=6603 (full 77):
 PSYoungGen      total 668672K, used 667428K [0x00000000d6f80000, 0x0000000100000000, 0x0000000100000000)
  eden space 665088K, 100% used [0x00000000d6f80000,0x00000000ff900000,0x00000000ff900000)
  from space 3584K, 65% used [0x00000000ff900000,0x00000000ffb49278,0x00000000ffc80000)
  to   space 3584K, 0% used [0x00000000ffc80000,0x00000000ffc80000,0x0000000100000000)
 ParOldGen       total 500736K, used 284451K [0x0000000084e00000, 0x00000000a3700000, 0x00000000d6f80000)
  object space 500736K, 56% used [0x0000000084e00000,0x00000000963c8cf8,0x00000000a3700000)
 Metaspace       used 27285K, capacity 27576K, committed 27904K, reserved 1073152K
  class space    used 3100K, capacity 3199K, committed 3328K, reserved 1048576K
Event: 3989.653 GC heap after
Heap after GC invocations=6603 (full 77):
 PSYoungGen      total 667648K, used 2390K [0x00000000d6f80000, 0x00000000fff00000, 0x0000000100000000)
  eden space 665088K, 0% used [0x00000000d6f80000,0x00000000d6f80000,0x00000000ff900000)
  from space 2560K, 93% used [0x00000000ffc80000,0x00000000ffed5ba8,0x00000000fff00000)
  to   space 3072K, 0% used [0x00000000ff900000,0x00000000ff900000,0x00000000ffc00000)
 ParOldGen       total 500736K, used 286691K [0x0000000084e00000, 0x00000000a3700000, 0x00000000d6f80000)
  object space 500736K, 57% used [0x0000000084e00000,0x00000000965f8cf8,0x00000000a3700000)
 Metaspace       used 27285K, capacity 27576K, committed 27904K, reserved 1073152K
  class space    used 3100K, capacity 3199K, committed 3328K, reserved 1048576K
}
Event: 3989.948 GC heap before
{Heap before GC invocations=6604 (full 77):
 PSYoungGen      total 667648K, used 667478K [0x00000000d6f80000, 0x00000000fff00000, 0x0000000100000000)
  eden space 665088K, 100% used [0x00000000d6f80000,0x00000000ff900000,0x00000000ff900000)
  from space 2560K, 93% used [0x00000000ffc80000,0x00000000ffed5ba8,0x00000000fff00000)
  to   space 3072K, 0% used [0x00000000ff900000,0x00000000ff900000,0x00000000ffc00000)
 ParOldGen       total 500736K, used 286691K [0x0000000084e00000, 0x00000000a3700000, 0x00000000d6f80000)
  object space 500736K, 57% used [0x0000000084e00000,0x00000000965f8cf8,0x00000000a3700000)
 Metaspace       used 27285K, capacity 27576K, committed 27904K, reserved 1073152K
  class space    used 3100K, capacity 3199K, committed 3328K, reserved 1048576K
Event: 3989.954 GC heap after
Heap after GC invocations=6604 (full 77):
 PSYoungGen      total 668160K, used 3042K [0x00000000d6f80000, 0x0000000100000000, 0x0000000100000000)
  eden space 665088K, 0% used [0x00000000d6f80000,0x00000000d6f80000,0x00000000ff900000)
  from space 3072K, 99% used [0x00000000ff900000,0x00000000ffbf88c8,0x00000000ffc00000)
  to   space 4096K, 0% used [0x00000000ffc00000,0x00000000ffc00000,0x0000000100000000)
 ParOldGen       total 500736K, used 315583K [0x0000000084e00000, 0x00000000a3700000, 0x00000000d6f80000)
  object space 500736K, 63% used [0x0000000084e00000,0x000000009822fe68,0x00000000a3700000)
 Metaspace       used 27285K, capacity 27576K, committed 27904K, reserved 1073152K
  class space    used 3100K, capacity 3199K, committed 3328K, reserved 1048576K
}
Event: 3990.205 GC heap before
{Heap before GC invocations=6605 (full 77):
 PSYoungGen      total 668160K, used 668130K [0x00000000d6f80000, 0x0000000100000000, 0x0000000100000000)
  eden space 665088K, 100% used [0x00000000d6f80000,0x00000000ff900000,0x00000000ff900000)
  from space 3072K, 99% used [0x00000000ff900000,0x00000000ffbf88c8,0x00000000ffc00000)
  to   space 4096K, 0% used [0x00000000ffc00000,0x00000000ffc00000,0x0000000100000000)
 ParOldGen       total 500736K, used 315583K [0x0000000084e00000, 0x00000000a3700000, 0x00000000d6f80000)
  object space 500736K, 63% used [0x0000000084e00000,0x000000009822fe68,0x00000000a3700000)
 Metaspace       used 27285K, capacity 27576K, committed 27904K, reserved 1073152K
  class space    used 3100K, capacity 3199K, committed 3328K, reserved 1048576K
Event: 3990.247 GC heap after
Heap after GC invocations=6605 (full 77):
 PSYoungGen      total 591360K, used 4082K [0x00000000d6f80000, 0x0000000100000000, 0x0000000100000000)
  eden space 587264K, 0% used [0x00000000d6f80000,0x00000000d6f80000,0x00000000fad00000)
  from space 4096K, 99% used [0x00000000ffc00000,0x00000000ffffcb78,0x0000000100000000)
  to   space 42496K, 0% used [0x00000000fad00000,0x00000000fad00000,0x00000000fd680000)
 ParOldGen       total 500736K, used 396105K [0x0000000084e00000, 0x00000000a3700000, 0x00000000d6f80000)
  object space 500736K, 79% used [0x0000000084e00000,0x000000009d0d24b8,0x00000000a3700000)
 Metaspace       used 27285K, capacity 27576K, committed 27904K, reserved 1073152K
  class space    used 3100K, capacity 3199K, committed 3328K, reserved 1048576K
}
Event: 3990.489 GC heap before
{Heap before GC invocations=6606 (full 77):
 PSYoungGen      total 591360K, used 591346K [0x00000000d6f80000, 0x0000000100000000, 0x0000000100000000)
  eden space 587264K, 100% used [0x00000000d6f80000,0x00000000fad00000,0x00000000fad00000)
  from space 4096K, 99% used [0x00000000ffc00000,0x00000000ffffcb78,0x0000000100000000)
  to   space 42496K, 0% used [0x00000000fad00000,0x00000000fad00000,0x00000000fd680000)
 ParOldGen       total 500736K, used 396105K [0x0000000084e00000, 0x00000000a3700000, 0x00000000d6f80000)
  object space 500736K, 79% used [0x0000000084e00000,0x000000009d0d24b8,0x00000000a3700000)
 Metaspace       used 27285K, capacity 27576K, committed 27904K, reserved 1073152K
  class space    used 3100K, capacity 3199K, committed 3328K, reserved 1048576K
Event: 3990.570 GC heap after
Heap after GC invocations=6606 (full 77):
 PSYoungGen      total 629760K, used 42468K [0x00000000d6f80000, 0x0000000100000000, 0x0000000100000000)
  eden space 587264K, 0% used [0x00000000d6f80000,0x00000000d6f80000,0x00000000fad00000)
  from space 42496K, 99% used [0x00000000fad00000,0x00000000fd679278,0x00000000fd680000)
  to   space 42496K, 0% used [0x00000000fd680000,0x00000000fd680000,0x0000000100000000)
 ParOldGen       total 500736K, used 462108K [0x0000000084e00000, 0x00000000a3700000, 0x00000000d6f80000)
  object space 500736K, 92% used [0x0000000084e00000,0x00000000a1147068,0x00000000a3700000)
 Metaspace       used 27285K, capacity 27576K, committed 27904K, reserved 1073152K
  class space    used 3100K, capacity 3199K, committed 3328K, reserved 1048576K
}
Event: 3990.570 GC heap before
{Heap before GC invocations=6607 (full 78):
 PSYoungGen      total 629760K, used 42468K [0x00000000d6f80000, 0x0000000100000000, 0x0000000100000000)
  eden space 587264K, 0% used [0x00000000d6f80000,0x00000000d6f80000,0x00000000fad00000)
  from space 42496K, 99% used [0x00000000fad00000,0x00000000fd679278,0x00000000fd680000)
  to   space 42496K, 0% used [0x00000000fd680000,0x00000000fd680000,0x0000000100000000)
 ParOldGen       total 500736K, used 462108K [0x0000000084e00000, 0x00000000a3700000, 0x00000000d6f80000)
  object space 500736K, 92% used [0x0000000084e00000,0x00000000a1147068,0x00000000a3700000)
 Metaspace       used 27285K, capacity 27576K, committed 27904K, reserved 1073152K
  class space    used 3100K, capacity 3199K, committed 3328K, reserved 1048576K

Deoptimization events (10 events):
Event: 1415.102 Thread 0x00007fadcc1f9000 Uncommon trap: reason=unstable_if action=reinterpret pc=0x00007fae359ad698 method=java.util.concurrent.locks.AbstractQueuedSynchronizer$ConditionObject.awaitNanos(J)J @ 115
Event: 1420.170 Thread 0x00007fade4029800 Uncommon trap: reason=unstable_if action=reinterpret pc=0x00007fae354f0aa4 method=java.util.concurrent.ScheduledThreadPoolExecutor$DelayedWorkQueue.offer(Ljava/lang/Runnable;)Z @ 39
Event: 1687.368 Thread 0x00007faddc010800 Uncommon trap: reason=unstable_if action=reinterpret pc=0x00007fae35aeefd0 method=java.util.concurrent.ScheduledThreadPoolExecutor$DelayedWorkQueue.take()Ljava/util/concurrent/RunnableScheduledFuture; @ 59
Event: 3220.576 Thread 0x00007fadcc47e000 Uncommon trap: reason=unstable_if action=reinterpret pc=0x00007fae35c0185c method=java.util.concurrent.SynchronousQueue$TransferStack.awaitFulfill(Ljava/util/concurrent/SynchronousQueue$TransferStack$SNode;ZJ)Ljava/util/concurrent/SynchronousQueue$Transfe
Event: 3318.035 Thread 0x00007fade403f000 Uncommon trap: reason=null_check action=make_not_entrant pc=0x00007fae35c77e94 method=org.elasticsearch.transport.netty.NettyTransport$ChannelCloseListener.operationComplete(Lorg/jboss/netty/channel/ChannelFuture;)V @ 16
Event: 3677.699 Thread 0x00007fade4044000 Uncommon trap: reason=predicate action=maybe_recompile pc=0x00007fae356e7f8c method=java.util.AbstractCollection.toArray([Ljava/lang/Object;)[Ljava/lang/Object; @ 49
Event: 3758.609 Thread 0x00007fade4045800 Uncommon trap: reason=array_check action=maybe_recompile pc=0x00007fae351c0740 method=java.util.AbstractCollection.toArray([Ljava/lang/Object;)[Ljava/lang/Object; @ 119
Event: 3758.609 Thread 0x00007fade4045800 Uncommon trap: reason=array_check action=maybe_recompile pc=0x00007fae351c0740 method=java.util.AbstractCollection.toArray([Ljava/lang/Object;)[Ljava/lang/Object; @ 119
Event: 3758.609 Thread 0x00007fade4045800 Uncommon trap: reason=array_check action=maybe_recompile pc=0x00007fae351c0740 method=java.util.AbstractCollection.toArray([Ljava/lang/Object;)[Ljava/lang/Object; @ 119
Event: 3758.609 Thread 0x00007fade4045800 Uncommon trap: reason=array_check action=maybe_recompile pc=0x00007fae351c0740 method=java.util.AbstractCollection.toArray([Ljava/lang/Object;)[Ljava/lang/Object; @ 119

Internal exceptions (10 events):
Event: 3576.852 Thread 0x00007fadcc05b800 Exception <a 'java/lang/InterruptedException': sleep interrupted> (0x00000000e491c7b8) thrown at [/builddir/build/BUILD/java-1.8.0-openjdk-1.8.0.101-3.b13.el6_8.x86_64/openjdk/hotspot/src/share/vm/prims/jvm.cpp, line 3225]
Event: 3576.855 Thread 0x00007fadcc6e3000 Exception <a 'java/lang/InterruptedException': sleep interrupted> (0x00000000e4955780) thrown at [/builddir/build/BUILD/java-1.8.0-openjdk-1.8.0.101-3.b13.el6_8.x86_64/openjdk/hotspot/src/share/vm/prims/jvm.cpp, line 3225]
Event: 3672.682 Thread 0x00007fadcc472000 Exception <a 'java/lang/InterruptedException': sleep interrupted> (0x00000000eac7cc10) thrown at [/builddir/build/BUILD/java-1.8.0-openjdk-1.8.0.101-3.b13.el6_8.x86_64/openjdk/hotspot/src/share/vm/prims/jvm.cpp, line 3225]
Event: 3672.683 Thread 0x00007fadcc444000 Exception <a 'java/lang/InterruptedException': sleep interrupted> (0x00000000eacd48a0) thrown at [/builddir/build/BUILD/java-1.8.0-openjdk-1.8.0.101-3.b13.el6_8.x86_64/openjdk/hotspot/src/share/vm/prims/jvm.cpp, line 3225]
Event: 3753.598 Thread 0x00007fadcc05c000 Exception <a 'java/lang/InterruptedException': sleep interrupted> (0x00000000dff26588) thrown at [/builddir/build/BUILD/java-1.8.0-openjdk-1.8.0.101-3.b13.el6_8.x86_64/openjdk/hotspot/src/share/vm/prims/jvm.cpp, line 3225]
Event: 3753.600 Thread 0x00007fadcc1b5000 Exception <a 'java/lang/InterruptedException': sleep interrupted> (0x00000000dff563c8) thrown at [/builddir/build/BUILD/java-1.8.0-openjdk-1.8.0.101-3.b13.el6_8.x86_64/openjdk/hotspot/src/share/vm/prims/jvm.cpp, line 3225]
Event: 3861.018 Thread 0x00007fadcc05c000 Exception <a 'java/lang/InterruptedException': sleep interrupted> (0x00000000fbc9f8f8) thrown at [/builddir/build/BUILD/java-1.8.0-openjdk-1.8.0.101-3.b13.el6_8.x86_64/openjdk/hotspot/src/share/vm/prims/jvm.cpp, line 3225]
Event: 3861.020 Thread 0x00007fadcc05a000 Exception <a 'java/lang/InterruptedException': sleep interrupted> (0x00000000fbd01ac8) thrown at [/builddir/build/BUILD/java-1.8.0-openjdk-1.8.0.101-3.b13.el6_8.x86_64/openjdk/hotspot/src/share/vm/prims/jvm.cpp, line 3225]
Event: 3946.876 Thread 0x00007fadcc8d8000 Exception <a 'java/lang/InterruptedException': sleep interrupted> (0x00000000dd544ea8) thrown at [/builddir/build/BUILD/java-1.8.0-openjdk-1.8.0.101-3.b13.el6_8.x86_64/openjdk/hotspot/src/share/vm/prims/jvm.cpp, line 3225]
Event: 3946.878 Thread 0x00007fadcc1b5000 Exception <a 'java/lang/InterruptedException': sleep interrupted> (0x00000000dd587880) thrown at [/builddir/build/BUILD/java-1.8.0-openjdk-1.8.0.101-3.b13.el6_8.x86_64/openjdk/hotspot/src/share/vm/prims/jvm.cpp, line 3225]

Events (10 events):
Event: 3989.008 Executing VM operation: ParallelGCFailedAllocation done
Event: 3989.294 Executing VM operation: ParallelGCFailedAllocation
Event: 3989.298 Executing VM operation: ParallelGCFailedAllocation done
Event: 3989.648 Executing VM operation: ParallelGCFailedAllocation
Event: 3989.653 Executing VM operation: ParallelGCFailedAllocation done
Event: 3989.947 Executing VM operation: ParallelGCFailedAllocation
Event: 3989.955 Executing VM operation: ParallelGCFailedAllocation done
Event: 3990.204 Executing VM operation: ParallelGCFailedAllocation
Event: 3990.247 Executing VM operation: ParallelGCFailedAllocation done
Event: 3990.488 Executing VM operation: ParallelGCFailedAllocation


Dynamic libraries:
00400000-00401000 r-xp 00000000 fc:01 1312875                            /usr/lib/jvm/java-1.8.0-openjdk-1.8.0.101-3.b13.el6_8.x86_64/jre/bin/java
00600000-00602000 rw-p 00000000 fc:01 1312875                            /usr/lib/jvm/java-1.8.0-openjdk-1.8.0.101-3.b13.el6_8.x86_64/jre/bin/java
01a81000-01aa2000 rw-p 00000000 00:00 0                                  [heap]
84e00000-a3700000 rw-p 00000000 00:00 0 
b2e80000-d6f80000 ---p 00000000 00:00 0 
d6f80000-100000000 rw-p 00000000 00:00 0 
100000000-100340000 rw-p 00000000 00:00 0 
100340000-140000000 ---p 00000000 00:00 0 
36e1400000-36e1416000 r-xp 00000000 fc:01 262263                         /lib64/libgcc_s-4.4.7-20120601.so.1
36e1416000-36e1615000 ---p 00016000 fc:01 262263                         /lib64/libgcc_s-4.4.7-20120601.so.1
36e1615000-36e1616000 rw-p 00015000 fc:01 262263                         /lib64/libgcc_s-4.4.7-20120601.so.1
36e1c00000-36e1ce8000 r-xp 00000000 fc:01 1065322                        /usr/lib64/libstdc++.so.6.0.13
36e1ce8000-36e1ee8000 ---p 000e8000 fc:01 1065322                        /usr/lib64/libstdc++.so.6.0.13
36e1ee8000-36e1eef000 r--p 000e8000 fc:01 1065322                        /usr/lib64/libstdc++.so.6.0.13
36e1eef000-36e1ef1000 rw-p 000ef000 fc:01 1065322                        /usr/lib64/libstdc++.so.6.0.13
36e1ef1000-36e1f06000 rw-p 00000000 00:00 0 
36e2000000-36e2007000 r-xp 00000000 fc:01 262267                         /lib64/librt-2.12.so
36e2007000-36e2206000 ---p 00007000 fc:01 262267                         /lib64/librt-2.12.so
36e2206000-36e2207000 r--p 00006000 fc:01 262267                         /lib64/librt-2.12.so
36e2207000-36e2208000 rw-p 00007000 fc:01 262267                         /lib64/librt-2.12.so
3e95600000-3e95620000 r-xp 00000000 fc:01 262181                         /lib64/ld-2.12.so
3e9581f000-3e95820000 r--p 0001f000 fc:01 262181                         /lib64/ld-2.12.so
3e95820000-3e95821000 rw-p 00020000 fc:01 262181                         /lib64/ld-2.12.so
3e95821000-3e95822000 rw-p 00000000 00:00 0 
3e95a00000-3e95a15000 r-xp 00000000 fc:01 270873                         /lib64/libz.so.1.2.3
3e95a15000-3e95c14000 ---p 00015000 fc:01 270873                         /lib64/libz.so.1.2.3
3e95c14000-3e95c15000 r--p 00014000 fc:01 270873                         /lib64/libz.so.1.2.3
3e95c15000-3e95c16000 rw-p 00015000 fc:01 270873                         /lib64/libz.so.1.2.3
3e95e00000-3e95f8a000 r-xp 00000000 fc:01 262183                         /lib64/libc-2.12.so
3e95f8a000-3e9618a000 ---p 0018a000 fc:01 262183                         /lib64/libc-2.12.so
3e9618a000-3e9618e000 r--p 0018a000 fc:01 262183                         /lib64/libc-2.12.so
3e9618e000-3e9618f000 rw-p 0018e000 fc:01 262183                         /lib64/libc-2.12.so
3e9618f000-3e96194000 rw-p 00000000 00:00 0 
3e96200000-3e96217000 r-xp 00000000 fc:01 270868                         /lib64/libpthread-2.12.so
3e96217000-3e96417000 ---p 00017000 fc:01 270868                         /lib64/libpthread-2.12.so
3e96417000-3e96418000 r--p 00017000 fc:01 270868                         /lib64/libpthread-2.12.so
3e96418000-3e96419000 rw-p 00018000 fc:01 270868                         /lib64/libpthread-2.12.so
3e96419000-3e9641d000 rw-p 00000000 00:00 0 
3e96600000-3e96602000 r-xp 00000000 fc:01 262189                         /lib64/libdl-2.12.so
3e96602000-3e96802000 ---p 00002000 fc:01 262189                         /lib64/libdl-2.12.so
3e96802000-3e96803000 r--p 00002000 fc:01 262189                         /lib64/libdl-2.12.so
3e96803000-3e96804000 rw-p 00003000 fc:01 262189                         /lib64/libdl-2.12.so
3e96a00000-3e96a0e000 r-xp 00000000 fc:01 1327329                        /usr/lib/jvm/java-1.8.0-openjdk-1.8.0.101-3.b13.el6_8.x86_64/jre/lib/amd64/jli/libjli.so
3e96a0e000-3e96c0d000 ---p 0000e000 fc:01 1327329                        /usr/lib/jvm/java-1.8.0-openjdk-1.8.0.101-3.b13.el6_8.x86_64/jre/lib/amd64/jli/libjli.so
3e96c0d000-3e96c0e000 rw-p 0000d000 fc:01 1327329                        /usr/lib/jvm/java-1.8.0-openjdk-1.8.0.101-3.b13.el6_8.x86_64/jre/lib/amd64/jli/libjli.so
3e96e00000-3e96e83000 r-xp 00000000 fc:01 270874                         /lib64/libm-2.12.so
3e96e83000-3e97082000 ---p 00083000 fc:01 270874                         /lib64/libm-2.12.so
3e97082000-3e97083000 r--p 00082000 fc:01 270874                         /lib64/libm-2.12.so
3e97083000-3e97084000 rw-p 00083000 fc:01 270874                         /lib64/libm-2.12.so
7fada79ba000-7fada79bd000 ---p 00000000 00:00 0 
7fada79bd000-7fada7abb000 rw-p 00000000 00:00 0 
7fada7abb000-7fada7abe000 ---p 00000000 00:00 0 
7fada7abe000-7fada7bbc000 rw-p 00000000 00:00 0 
7fada7bbc000-7fada7bbf000 ---p 00000000 00:00 0 
7fada7bbf000-7fada7cbd000 rw-p 00000000 00:00 0 
7fada7cbd000-7fada7cc0000 ---p 00000000 00:00 0 
7fada7cc0000-7fada7dbe000 rw-p 00000000 00:00 0 
7fada7dbe000-7fada7dc1000 ---p 00000000 00:00 0 
7fada7dc1000-7fada7ebf000 rw-p 00000000 00:00 0 
7fada7ebf000-7fada7ec2000 ---p 00000000 00:00 0 
7fada7ec2000-7fada7fc0000 rw-p 00000000 00:00 0 
7fada7fc0000-7fada7fc3000 ---p 00000000 00:00 0 
7fada7fc3000-7fada80c1000 rw-p 00000000 00:00 0 
7fada80c1000-7fada80c4000 ---p 00000000 00:00 0 
7fada80c4000-7fada81c2000 rw-p 00000000 00:00 0 
7fada81c2000-7fada81c5000 ---p 00000000 00:00 0 
7fada81c5000-7fada82c3000 rw-p 00000000 00:00 0 
7fada82c3000-7fada82c6000 ---p 00000000 00:00 0 
7fada82c6000-7fada83c4000 rw-p 00000000 00:00 0 
7fada83c4000-7fada83c7000 ---p 00000000 00:00 0 
7fada83c7000-7fada84c5000 rw-p 00000000 00:00 0 
7fada84c5000-7fada84c8000 ---p 00000000 00:00 0 
7fada84c8000-7fada85c6000 rw-p 00000000 00:00 0 
7fada85c6000-7fada85c9000 ---p 00000000 00:00 0 
7fada85c9000-7fada86c7000 rw-p 00000000 00:00 0 
7fada86c7000-7fada86ca000 ---p 00000000 00:00 0 
7fada86ca000-7fada87c8000 rw-p 00000000 00:00 0 
7fada87c8000-7fada87cb000 ---p 00000000 00:00 0 
7fada87cb000-7fada88c9000 rw-p 00000000 00:00 0 
7fada88c9000-7fada88cc000 ---p 00000000 00:00 0 
7fada88cc000-7fada89ca000 rw-p 00000000 00:00 0 
7fada89ca000-7fada89cd000 ---p 00000000 00:00 0 
7fada89cd000-7fada8acb000 rw-p 00000000 00:00 0 
7fada8acb000-7fada8ace000 ---p 00000000 00:00 0 
7fada8ace000-7fada8bcc000 rw-p 00000000 00:00 0 
7fada8bcc000-7fada8bcf000 ---p 00000000 00:00 0 
7fada8bcf000-7fada8ccd000 rw-p 00000000 00:00 0 
7fada8ccd000-7fada8cd0000 ---p 00000000 00:00 0 
7fada8cd0000-7fada8dce000 rw-p 00000000 00:00 0 
7fada8dce000-7fada8dd1000 ---p 00000000 00:00 0 
7fada8dd1000-7fada8ecf000 rw-p 00000000 00:00 0 
7fada8ecf000-7fada8ed2000 ---p 00000000 00:00 0 
7fada8ed2000-7fada8fd0000 rw-p 00000000 00:00 0 
7fada8fd0000-7fada8fd3000 ---p 00000000 00:00 0 
7fada8fd3000-7fada90d1000 rw-p 00000000 00:00 0 
7fada90d1000-7fada90d4000 ---p 00000000 00:00 0 
7fada90d4000-7fada91d2000 rw-p 00000000 00:00 0 
7fada91d2000-7fada91d5000 ---p 00000000 00:00 0 
7fada91d5000-7fada92d3000 rw-p 00000000 00:00 0 
7fada92d3000-7fada92d6000 ---p 00000000 00:00 0 
7fada92d6000-7fada93d4000 rw-p 00000000 00:00 0 
7fada93d4000-7fada93d7000 ---p 00000000 00:00 0 
7fada93d7000-7fada94d5000 rw-p 00000000 00:00 0 
7fada94d5000-7fada94d8000 ---p 00000000 00:00 0 
7fada94d8000-7fada95d6000 rw-p 00000000 00:00 0 
7fada95d6000-7fada95d9000 ---p 00000000 00:00 0 
7fada95d9000-7fada96d7000 rw-p 00000000 00:00 0 
7fada96d7000-7fada96da000 ---p 00000000 00:00 0 
7fada96da000-7fada97d8000 rw-p 00000000 00:00 0 
7fada97d8000-7fada97db000 ---p 00000000 00:00 0 
7fada97db000-7fada98d9000 rw-p 00000000 00:00 0 
7fada98d9000-7fada98dc000 ---p 00000000 00:00 0 
7fada98dc000-7fada99da000 rw-p 00000000 00:00 0 
7fada99da000-7fada99dd000 ---p 00000000 00:00 0 
7fada99dd000-7fada9adb000 rw-p 00000000 00:00 0 
7fada9adb000-7fada9ade000 ---p 00000000 00:00 0 
7fada9ade000-7fada9bdc000 rw-p 00000000 00:00 0 
7fada9bdc000-7fada9bdf000 ---p 00000000 00:00 0 
7fada9bdf000-7fada9cdd000 rw-p 00000000 00:00 0 
7fada9cdd000-7fada9ce0000 ---p 00000000 00:00 0 
7fada9ce0000-7fada9dde000 rw-p 00000000 00:00 0 
7fada9dde000-7fada9de1000 ---p 00000000 00:00 0 
7fada9de1000-7fada9edf000 rw-p 00000000 00:00 0 
7fada9edf000-7fada9ee2000 ---p 00000000 00:00 0 
7fada9ee2000-7fada9fe0000 rw-p 00000000 00:00 0 
7fada9fe0000-7fada9fe3000 ---p 00000000 00:00 0 
7fada9fe3000-7fadaa0e1000 rw-p 00000000 00:00 0 
7fadaa0e1000-7fadaa0e4000 ---p 00000000 00:00 0 
7fadaa0e4000-7fadaa1e2000 rw-p 00000000 00:00 0 
7fadaa1e2000-7fadaa1e5000 ---p 00000000 00:00 0 
7fadaa1e5000-7fadaa2e3000 rw-p 00000000 00:00 0 
7fadaa2e3000-7fadaa2e6000 ---p 00000000 00:00 0 
7fadaa2e6000-7fadaa3e4000 rw-p 00000000 00:00 0 
7fadaa3e4000-7fadaa3e7000 ---p 00000000 00:00 0 
7fadaa3e7000-7fadaa4e5000 rw-p 00000000 00:00 0 
7fadaa4e5000-7fadaa4e8000 ---p 00000000 00:00 0 
7fadaa4e8000-7fadaa5e6000 rw-p 00000000 00:00 0 
7fadaa5e6000-7fadaa5e9000 ---p 00000000 00:00 0 
7fadaa5e9000-7fadaa6e7000 rw-p 00000000 00:00 0 
7fadaa6e7000-7fadaa6ea000 ---p 00000000 00:00 0 
7fadaa6ea000-7fadaa7e8000 rw-p 00000000 00:00 0 
7fadaa7e8000-7fadaa7eb000 ---p 00000000 00:00 0 
7fadaa7eb000-7fadaa8e9000 rw-p 00000000 00:00 0 
7fadaa8e9000-7fadaa8ec000 ---p 00000000 00:00 0 
7fadaa8ec000-7fadaa9ea000 rw-p 00000000 00:00 0 
7fadaa9ea000-7fadaa9ed000 ---p 00000000 00:00 0 
7fadaa9ed000-7fadaaaeb000 rw-p 00000000 00:00 0 
7fadaaaeb000-7fadaaaee000 ---p 00000000 00:00 0 
7fadaaaee000-7fadaabec000 rw-p 00000000 00:00 0 
7fadaabec000-7fadaabef000 ---p 00000000 00:00 0 
7fadaabef000-7fadaaced000 rw-p 00000000 00:00 0 
7fadaaced000-7fadaacf0000 ---p 00000000 00:00 0 
7fadaacf0000-7fadaadee000 rw-p 00000000 00:00 0 
7fadaadee000-7fadaadf1000 ---p 00000000 00:00 0 
7fadaadf1000-7fadaaeef000 rw-p 00000000 00:00 0 
7fadaaeef000-7fadaaef2000 ---p 00000000 00:00 0 
7fadaaef2000-7fadaaff0000 rw-p 00000000 00:00 0 
7fadaaff0000-7fadaaff3000 ---p 00000000 00:00 0 
7fadaaff3000-7fadab0f1000 rw-p 00000000 00:00 0 
7fadab0f1000-7fadab0f4000 ---p 00000000 00:00 0 
7fadab0f4000-7fadab1f2000 rw-p 00000000 00:00 0 
7fadab1f2000-7fadab1f5000 ---p 00000000 00:00 0 
7fadab1f5000-7fadab2f3000 rw-p 00000000 00:00 0 
7fadab2f3000-7fadab2f6000 ---p 00000000 00:00 0 
7fadab2f6000-7fadab3f4000 rw-p 00000000 00:00 0 
7fadab3f4000-7fadab3f7000 ---p 00000000 00:00 0 
7fadab3f7000-7fadab4f5000 rw-p 00000000 00:00 0 
7fadab4f5000-7fadab4f8000 ---p 00000000 00:00 0 
7fadab4f8000-7fadab5f6000 rw-p 00000000 00:00 0 
7fadab5f6000-7fadab5f9000 ---p 00000000 00:00 0 
7fadab5f9000-7fadab6f7000 rw-p 00000000 00:00 0 
7fadab6f7000-7fadab6fa000 ---p 00000000 00:00 0 
7fadab6fa000-7fadab7f8000 rw-p 00000000 00:00 0 
7fadab7f8000-7fadab7fb000 ---p 00000000 00:00 0 
7fadab7fb000-7fadab8f9000 rw-p 00000000 00:00 0 
7fadab8f9000-7fadab8fc000 ---p 00000000 00:00 0 
7fadab8fc000-7fadab9fa000 rw-p 00000000 00:00 0 
7fadab9fa000-7fadab9fd000 ---p 00000000 00:00 0 
7fadab9fd000-7fadabafb000 rw-p 00000000 00:00 0 
7fadabafb000-7fadabafe000 ---p 00000000 00:00 0 
7fadabafe000-7fadabbfc000 rw-p 00000000 00:00 0 
7fadabbfc000-7fadabbff000 ---p 00000000 00:00 0 
7fadabbff000-7fadabcfd000 rw-p 00000000 00:00 0 
7fadabcfd000-7fadabd00000 ---p 00000000 00:00 0 
7fadabd00000-7fadabdfe000 rw-p 00000000 00:00 0 
7fadabdfe000-7fadabe01000 ---p 00000000 00:00 0 
7fadabe01000-7fadabeff000 rw-p 00000000 00:00 0 
7fadabeff000-7fadabf02000 ---p 00000000 00:00 0 
7fadabf02000-7fadac000000 rw-p 00000000 00:00 0 
7fadac000000-7fadac021000 rw-p 00000000 00:00 0 
7fadac021000-7fadb0000000 ---p 00000000 00:00 0 
7fadb0000000-7fadb005e000 rw-p 00000000 00:00 0 
7fadb005e000-7fadb4000000 ---p 00000000 00:00 0 
7fadb4000000-7fadb4021000 rw-p 00000000 00:00 0 
7fadb4021000-7fadb8000000 ---p 00000000 00:00 0 
7fadb8000000-7fadb81d8000 rw-p 00000000 00:00 0 
7fadb81d8000-7fadbc000000 ---p 00000000 00:00 0 
7fadbc000000-7fadbc2d9000 rw-p 00000000 00:00 0 
7fadbc2d9000-7fadc0000000 ---p 00000000 00:00 0 
7fadc0000000-7fadc019b000 rw-p 00000000 00:00 0 
7fadc019b000-7fadc4000000 ---p 00000000 00:00 0 
7fadc4000000-7fadc43bc000 rw-p 00000000 00:00 0 
7fadc43bc000-7fadc8000000 ---p 00000000 00:00 0 
7fadc8000000-7fadc81a3000 rw-p 00000000 00:00 0 
7fadc81a3000-7fadcc000000 ---p 00000000 00:00 0 
7fadcc000000-7fadccdf4000 rw-p 00000000 00:00 0 
7fadccdf4000-7fadd0000000 ---p 00000000 00:00 0 
7fadd0000000-7fadd0081000 rw-p 00000000 00:00 0 
7fadd0081000-7fadd4000000 ---p 00000000 00:00 0 
7fadd4000000-7fadd4082000 rw-p 00000000 00:00 0 
7fadd4082000-7fadd8000000 ---p 00000000 00:00 0 
7fadd8000000-7fadd808b000 rw-p 00000000 00:00 0 
7fadd808b000-7faddc000000 ---p 00000000 00:00 0 
7faddc000000-7faddc6de000 rw-p 00000000 00:00 0 
7faddc6de000-7fade0000000 ---p 00000000 00:00 0 
7fade0000000-7fade0021000 rw-p 00000000 00:00 0 
7fade0021000-7fade4000000 ---p 00000000 00:00 0 
7fade4000000-7fade4049000 rw-p 00000000 00:00 0 
7fade4049000-7fade8000000 ---p 00000000 00:00 0 
7fade8000000-7fade8021000 rw-p 00000000 00:00 0 
7fade8021000-7fadec000000 ---p 00000000 00:00 0 
7fadec000000-7fadec021000 rw-p 00000000 00:00 0 
7fadec021000-7fadf0000000 ---p 00000000 00:00 0 
7fadf0000000-7fadf0021000 rw-p 00000000 00:00 0 
7fadf0021000-7fadf4000000 ---p 00000000 00:00 0 
7fadf4000000-7fadf464d000 rw-p 00000000 00:00 0 
7fadf464d000-7fadf8000000 ---p 00000000 00:00 0 
7fadf8000000-7fadf8021000 rw-p 00000000 00:00 0 
7fadf8021000-7fadfc000000 ---p 00000000 00:00 0 
7fadfc000000-7fadfd7ca000 rw-p 00000000 00:00 0 
7fadfd7ca000-7fae00000000 ---p 00000000 00:00 0 
7fae00000000-7fae01a27000 rw-p 00000000 00:00 0 
7fae01a27000-7fae04000000 ---p 00000000 00:00 0 
7fae04000000-7fae04021000 rw-p 00000000 00:00 0 
7fae04021000-7fae08000000 ---p 00000000 00:00 0 
7fae080d3000-7fae080d6000 ---p 00000000 00:00 0 
7fae080d6000-7fae081d4000 rw-p 00000000 00:00 0 
7fae081d4000-7fae081d7000 ---p 00000000 00:00 0 
7fae081d7000-7fae082d5000 rw-p 00000000 00:00 0 
7fae082d5000-7fae082d8000 ---p 00000000 00:00 0 
7fae082d8000-7fae083d6000 rw-p 00000000 00:00 0 
7fae083d6000-7fae083d9000 ---p 00000000 00:00 0 
7fae083d9000-7fae084d7000 rw-p 00000000 00:00 0 
7fae084d7000-7fae084da000 ---p 00000000 00:00 0 
7fae084da000-7fae085d8000 rw-p 00000000 00:00 0 
7fae085d8000-7fae085db000 ---p 00000000 00:00 0 
7fae085db000-7fae086d9000 rw-p 00000000 00:00 0 
7fae086d9000-7fae086dc000 ---p 00000000 00:00 0 
7fae086dc000-7fae087da000 rw-p 00000000 00:00 0 
7fae087da000-7fae087dd000 ---p 00000000 00:00 0 
7fae087dd000-7fae088db000 rw-p 00000000 00:00 0 
7fae088db000-7fae088de000 ---p 00000000 00:00 0 
7fae088de000-7fae089dc000 rw-p 00000000 00:00 0 
7fae089dc000-7fae089df000 ---p 00000000 00:00 0 
7fae089df000-7fae08add000 rw-p 00000000 00:00 0 
7fae08add000-7fae08ae0000 ---p 00000000 00:00 0 
7fae08ae0000-7fae08bde000 rw-p 00000000 00:00 0 
7fae08bde000-7fae08be1000 ---p 00000000 00:00 0 
7fae08be1000-7fae08cdf000 rw-p 00000000 00:00 0 
7fae08cdf000-7fae08ce2000 ---p 00000000 00:00 0 
7fae08ce2000-7fae08de0000 rw-p 00000000 00:00 0 
7fae08de0000-7fae08de3000 ---p 00000000 00:00 0 
7fae08de3000-7fae08ee1000 rw-p 00000000 00:00 0 
7fae08ee1000-7fae08ee4000 ---p 00000000 00:00 0 
7fae08ee4000-7fae091e2000 rw-p 00000000 00:00 0 
7fae091e2000-7fae091e5000 ---p 00000000 00:00 0 
7fae091e5000-7fae092e3000 rw-p 00000000 00:00 0 
7fae092e3000-7fae092e6000 ---p 00000000 00:00 0 
7fae092e6000-7fae093e4000 rw-p 00000000 00:00 0 
7fae093e4000-7fae093e7000 ---p 00000000 00:00 0 
7fae093e7000-7fae094e5000 rw-p 00000000 00:00 0 
7fae094e5000-7fae094e8000 ---p 00000000 00:00 0 
7fae094e8000-7fae095e6000 rw-p 00000000 00:00 0 
7fae095e6000-7fae095e9000 ---p 00000000 00:00 0 
7fae095e9000-7fae096e7000 rw-p 00000000 00:00 0 
7fae096e7000-7fae096ea000 ---p 00000000 00:00 0 
7fae096ea000-7fae099e8000 rw-p 00000000 00:00 0 
7fae099e8000-7fae099eb000 ---p 00000000 00:00 0 
7fae099eb000-7fae09ae9000 rw-p 00000000 00:00 0 
7fae09b6b000-7fae09b6e000 ---p 00000000 00:00 0 
7fae09b6e000-7fae09c6c000 rw-p 00000000 00:00 0 
7fae09c6c000-7fae09c6f000 ---p 00000000 00:00 0 
7fae09c6f000-7fae09d6d000 rw-p 00000000 00:00 0 
7fae09d6d000-7fae09d70000 ---p 00000000 00:00 0 
7fae09d70000-7fae0a06e000 rw-p 00000000 00:00 0 
7fae0a06e000-7fae0a071000 ---p 00000000 00:00 0 
7fae0a071000-7fae0a16f000 rw-p 00000000 00:00 0 
7fae0a16f000-7fae10000000 r--p 00000000 fc:01 1059653                    /usr/lib/locale/locale-archive
7fae10000000-7fae10021000 rw-p 00000000 00:00 0 
7fae10021000-7fae14000000 ---p 00000000 00:00 0 
7fae14000000-7fae14021000 rw-p 00000000 00:00 0 
7fae14021000-7fae18000000 ---p 00000000 00:00 0 
7fae18000000-7fae181ca000 rw-p 00000000 00:00 0 
7fae181ca000-7fae1c000000 ---p 00000000 00:00 0 
7fae1c04e000-7fae1c053000 r--s 00309000 fc:01 1311530                    /usr/lib/jvm/java-1.8.0-openjdk-1.8.0.101-3.b13.el6_8.x86_64/jre/lib/charsets.jar
7fae1c053000-7fae1c056000 ---p 00000000 00:00 0 
7fae1c056000-7fae1c154000 rw-p 00000000 00:00 0 
7fae1c154000-7fae1c157000 ---p 00000000 00:00 0 
7fae1c157000-7fae1c255000 rw-p 00000000 00:00 0 
7fae1c255000-7fae1c258000 ---p 00000000 00:00 0 
7fae1c258000-7fae1c356000 rw-p 00000000 00:00 0 
7fae1c356000-7fae1c359000 ---p 00000000 00:00 0 
7fae1c359000-7fae1c457000 rw-p 00000000 00:00 0 
7fae1c457000-7fae1c45a000 ---p 00000000 00:00 0 
7fae1c45a000-7fae1c558000 rw-p 00000000 00:00 0 
7fae1c558000-7fae1c55b000 ---p 00000000 00:00 0 
7fae1c55b000-7fae1c659000 rw-p 00000000 00:00 0 
7fae1c659000-7fae1c65c000 ---p 00000000 00:00 0 
7fae1c65c000-7fae1c75a000 rw-p 00000000 00:00 0 
7fae1c75a000-7fae1c75d000 ---p 00000000 00:00 0 
7fae1c75d000-7fae1c85b000 rw-p 00000000 00:00 0 
7fae1c85b000-7fae1c85e000 ---p 00000000 00:00 0 
7fae1c85e000-7fae1c95c000 rw-p 00000000 00:00 0 
7fae1c95c000-7fae1c95f000 ---p 00000000 00:00 0 
7fae1c95f000-7fae1ca5d000 rw-p 00000000 00:00 0 
7fae1ca5d000-7fae1ca60000 ---p 00000000 00:00 0 
7fae1ca60000-7fae1cb5e000 rw-p 00000000 00:00 0 
7fae1cb5e000-7fae1cb61000 ---p 00000000 00:00 0 
7fae1cb61000-7fae1ce5f000 rw-p 00000000 00:00 0 
7fae1ce5f000-7fae1d05f000 rw-p 00000000 00:00 0 
7fae1d05f000-7fae1d062000 ---p 00000000 00:00 0 
7fae1d062000-7fae1d360000 rw-p 00000000 00:00 0 
7fae1d360000-7fae1d363000 ---p 00000000 00:00 0 
7fae1d363000-7fae1d461000 rw-p 00000000 00:00 0 
7fae1d461000-7fae1d464000 ---p 00000000 00:00 0 
7fae1d464000-7fae1d562000 rw-p 00000000 00:00 0 
7fae1d562000-7fae1d565000 ---p 00000000 00:00 0 
7fae1d565000-7fae1d663000 rw-p 00000000 00:00 0 
7fae1d663000-7fae1d666000 ---p 00000000 00:00 0 
7fae1d666000-7fae1d764000 rw-p 00000000 00:00 0 
7fae1d764000-7fae1d767000 ---p 00000000 00:00 0 
7fae1d767000-7fae1d865000 rw-p 00000000 00:00 0 
7fae1d865000-7fae1d869000 r--s 000b0000 fc:01 1311565                    /usr/lib/jvm/java-1.8.0-openjdk-1.8.0.101-3.b13.el6_8.x86_64/jre/lib/jsse.jar
7fae1d869000-7fae1da69000 rw-p 00000000 00:00 0 
7fae1da69000-7fae1da7a000 r-xp 00000000 fc:01 1311516                    /usr/lib/jvm/java-1.8.0-openjdk-1.8.0.101-3.b13.el6_8.x86_64/jre/lib/amd64/libnio.so
7fae1da7a000-7fae1dc7a000 ---p 00011000 fc:01 1311516                    /usr/lib/jvm/java-1.8.0-openjdk-1.8.0.101-3.b13.el6_8.x86_64/jre/lib/amd64/libnio.so
7fae1dc7a000-7fae1dc7b000 rw-p 00011000 fc:01 1311516                    /usr/lib/jvm/java-1.8.0-openjdk-1.8.0.101-3.b13.el6_8.x86_64/jre/lib/amd64/libnio.so
7fae1dc7b000-7fae1de7b000 rw-p 00000000 00:00 0 
7fae1de7b000-7fae1de96000 r--s 001d5000 fc:01 1311546                    /usr/lib/jvm/java-1.8.0-openjdk-1.8.0.101-3.b13.el6_8.x86_64/jre/lib/ext/nashorn.jar
7fae1de96000-7fae1ded2000 r--s 00000000 fc:01 786460                     /var/db/nscd/hosts
7fae1ded2000-7fae1e1d2000 rw-p 00000000 00:00 0 
7fae1e1d2000-7fae1e1e9000 r-xp 00000000 fc:01 1311515                    /usr/lib/jvm/java-1.8.0-openjdk-1.8.0.101-3.b13.el6_8.x86_64/jre/lib/amd64/libnet.so
7fae1e1e9000-7fae1e3e9000 ---p 00017000 fc:01 1311515                    /usr/lib/jvm/java-1.8.0-openjdk-1.8.0.101-3.b13.el6_8.x86_64/jre/lib/amd64/libnet.so
7fae1e3e9000-7fae1e3ea000 rw-p 00017000 fc:01 1311515                    /usr/lib/jvm/java-1.8.0-openjdk-1.8.0.101-3.b13.el6_8.x86_64/jre/lib/amd64/libnet.so
7fae1e3ea000-7fae1e3f3000 r-xp 00000000 fc:01 1311513                    /usr/lib/jvm/java-1.8.0-openjdk-1.8.0.101-3.b13.el6_8.x86_64/jre/lib/amd64/libmanagement.so
7fae1e3f3000-7fae1e5f2000 ---p 00009000 fc:01 1311513                    /usr/lib/jvm/java-1.8.0-openjdk-1.8.0.101-3.b13.el6_8.x86_64/jre/lib/amd64/libmanagement.so
7fae1e5f2000-7fae1e5f3000 rw-p 00008000 fc:01 1311513                    /usr/lib/jvm/java-1.8.0-openjdk-1.8.0.101-3.b13.el6_8.x86_64/jre/lib/amd64/libmanagement.so
7fae1e5f3000-7fae1e61e000 r--s 001fc000 fc:10 1654787                    /data/elasticsearch-jdbc-2.3.3.0/lib/guava-18.0.jar
7fae1e61e000-7fae1e621000 r--s 0001d000 fc:10 1654818                    /data/elasticsearch-jdbc-2.3.3.0/lib/elasticsearch-jdbc-2.3.3.0.jar
7fae1e621000-7fae1e625000 r--s 00027000 fc:10 1654826                    /data/elasticsearch-jdbc-2.3.3.0/lib/lucene-misc-5.5.0.jar
7fae1e625000-7fae1e628000 r--s 00021000 fc:10 1654800                    /data/elasticsearch-jdbc-2.3.3.0/lib/log4j-api-2.5.jar
7fae1e628000-7fae1e629000 r--s 00007000 fc:10 1654825                    /data/elasticsearch-jdbc-2.3.3.0/lib/slf4j-api-1.7.12.jar
7fae1e629000-7fae1e62c000 r--s 00022000 fc:10 1654795                    /data/elasticsearch-jdbc-2.3.3.0/lib/spatial4j-0.5.jar
7fae1e62c000-7fae1e633000 r--s 00097000 fc:10 1654824                    /data/elasticsearch-jdbc-2.3.3.0/lib/postgresql-9.4.1208.jre7.jar
7fae1e633000-7fae1e634000 r--s 00005000 fc:10 1654799                    /data/elasticsearch-jdbc-2.3.3.0/lib/log4j-slf4j-impl-2.5.jar
7fae1e634000-7fae1e638000 r--s 0003c000 fc:10 1654794                    /data/elasticsearch-jdbc-2.3.3.0/lib/jackson-core-2.6.6.jar
7fae1e638000-7fae1e642000 r--s 00059000 fc:10 1654803                    /data/elasticsearch-jdbc-2.3.3.0/lib/lucene-queryparser-5.5.0.jar
7fae1e642000-7fae1e644000 r--s 00012000 fc:10 1654809                    /data/elasticsearch-jdbc-2.3.3.0/lib/compress-lzf-1.0.2.jar
7fae1e644000-7fae1e648000 r--s 00020000 fc:10 1654813                    /data/elasticsearch-jdbc-2.3.3.0/lib/lucene-highlighter-5.5.0.jar
7fae1e648000-7fae1e677000 r--s 002e5000 fc:10 1654792                    /data/elasticsearch-jdbc-2.3.3.0/lib/derby-10.12.1.1.jar
7fae1e677000-7fae1e685000 r--s 0015f000 fc:10 1654819                    /data/elasticsearch-jdbc-2.3.3.0/lib/hsqldb-2.3.3.jar
7fae1e685000-7fae1e68c000 r--s 00037000 fc:10 1654814                    /data/elasticsearch-jdbc-2.3.3.0/lib/lucene-queries-5.5.0.jar
7fae1e68c000-7fae1e692000 r--s 00044000 fc:10 1654797                    /data/elasticsearch-jdbc-2.3.3.0/lib/elasticsearch-helper-2.3.3.0.jar
7fae1e692000-7fae1e6a0000 r--s 001a1000 fc:10 1654790                    /data/elasticsearch-jdbc-2.3.3.0/lib/h2-1.4.191.jar
7fae1e6a0000-7fae1e751000 r--s 0084c000 fc:10 1654798                    /data/elasticsearch-jdbc-2.3.3.0/lib/elasticsearch-2.3.3.jar
7fae1e751000-7fae1e764000 r--s 0016f000 fc:10 1654791                    /data/elasticsearch-jdbc-2.3.3.0/lib/lucene-analyzers-common-5.5.0.jar
7fae1e764000-7fae1e765000 ---p 00000000 00:00 0 
7fae1e765000-7fae1e865000 rw-p 00000000 00:00 0 
7fae1e865000-7fae1e868000 ---p 00000000 00:00 0 
7fae1e868000-7fae1e966000 rw-p 00000000 00:00 0 
7fae1e966000-7fae1e969000 ---p 00000000 00:00 0 
7fae1e969000-7fae1ea67000 rw-p 00000000 00:00 0 
7fae1ea67000-7fae1ea6a000 ---p 00000000 00:00 0 
7fae1ea6a000-7fae1eb68000 rw-p 00000000 00:00 0 
7fae1eb68000-7fae1eb6b000 ---p 00000000 00:00 0 
7fae1eb6b000-7fae1ec69000 rw-p 00000000 00:00 0 
7fae1ec69000-7fae1ec6c000 ---p 00000000 00:00 0 
7fae1ec6c000-7fae1ed6a000 rw-p 00000000 00:00 0 
7fae1ed6a000-7fae1ed6d000 ---p 00000000 00:00 0 
7fae1ed6d000-7fae1ee6b000 rw-p 00000000 00:00 0 
7fae1ee6b000-7fae1ee6e000 ---p 00000000 00:00 0 
7fae1ee6e000-7fae1ef6c000 rw-p 00000000 00:00 0 
7fae1ef6c000-7fae1ef6d000 ---p 00000000 00:00 0 
7fae1ef6d000-7fae20000000 rw-p 00000000 00:00 0 
7fae20000000-7fae20021000 rw-p 00000000 00:00 0 
7fae20021000-7fae24000000 ---p 00000000 00:00 0 
7fae24000000-7fae24002000 r--s 0000b000 fc:10 1654793                    /data/elasticsearch-jdbc-2.3.3.0/lib/t-digest-3.0.jar
7fae24002000-7fae24007000 r--s 0003b000 fc:10 1654811                    /data/elasticsearch-jdbc-2.3.3.0/lib/lucene-spatial-5.5.0.jar
7fae24007000-7fae2400a000 r--s 00032000 fc:10 1654827                    /data/elasticsearch-jdbc-2.3.3.0/lib/jdbc-driver-csv-1.0.0.jar
7fae2400a000-7fae2400d000 r--s 00018000 fc:10 1654789                    /data/elasticsearch-jdbc-2.3.3.0/lib/lucene-grouping-5.5.0.jar
7fae2400d000-7fae24016000 r--s 00046000 fc:10 1654812                    /data/elasticsearch-jdbc-2.3.3.0/lib/jackson-dataformat-yaml-2.6.6.jar
7fae24016000-7fae2402e000 r--s 000f7000 fc:10 1654802                    /data/elasticsearch-jdbc-2.3.3.0/lib/log4j-core-2.5.jar
7fae2402e000-7fae24055000 r--s 0021c000 fc:10 1654830                    /data/elasticsearch-jdbc-2.3.3.0/lib/lucene-core-5.5.0.jar
7fae24055000-7fae240a2000 rw-p 00000000 00:00 0 
7fae240a2000-7fae24270000 r--s 043c8000 fc:01 1311579                    /usr/lib/jvm/java-1.8.0-openjdk-1.8.0.101-3.b13.el6_8.x86_64/jre/lib/rt.jar
7fae24270000-7fae28000000 rw-p 00000000 00:00 0 
7fae28000000-7fae28021000 rw-p 00000000 00:00 0 
7fae28021000-7fae2c000000 ---p 00000000 00:00 0 
7fae2c000000-7fae2c021000 rw-p 00000000 00:00 0 
7fae2c021000-7fae30000000 ---p 00000000 00:00 0 
7fae30000000-7fae30021000 rw-p 00000000 00:00 0 
7fae30021000-7fae34000000 ---p 00000000 00:00 0 
7fae34003000-7fae34007000 r--s 0001e000 fc:10 1654831                    /data/elasticsearch-jdbc-2.3.3.0/lib/lucene-join-5.5.0.jar
7fae34007000-7fae34008000 r--s 00001000 fc:10 1654801                    /data/elasticsearch-jdbc-2.3.3.0/lib/securesm-1.0.jar
7fae34008000-7fae3400a000 r--s 00007000 fc:10 1654805                    /data/elasticsearch-jdbc-2.3.3.0/lib/lucene-memory-5.5.0.jar
7fae3400a000-7fae34014000 r--s 000e7000 fc:10 1654815                    /data/elasticsearch-jdbc-2.3.3.0/lib/mysql-connector-java-5.1.38.jar
7fae34014000-7fae3401c000 r--s 00062000 fc:10 1654823                    /data/elasticsearch-jdbc-2.3.3.0/lib/lucene-backward-codecs-5.5.0.jar
7fae3401c000-7fae3401e000 r--s 00011000 fc:10 1654808                    /data/elasticsearch-jdbc-2.3.3.0/lib/jackson-dataformat-smile-2.6.6.jar
7fae3401e000-7fae34022000 r--s 0002d000 fc:10 1654796                    /data/elasticsearch-jdbc-2.3.3.0/lib/lucene-spatial3d-5.5.0.jar
7fae34022000-7fae34023000 r--s 0000c000 fc:10 1654821                    /data/elasticsearch-jdbc-2.3.3.0/lib/commons-cli-1.3.1.jar
7fae34023000-7fae34028000 r--s 00038000 fc:10 1654806                    /data/elasticsearch-jdbc-2.3.3.0/lib/lucene-suggest-5.5.0.jar
7fae34028000-7fae34038000 r--s 00088000 fc:10 1654817                    /data/elasticsearch-jdbc-2.3.3.0/lib/joda-time-2.8.2.jar
7fae34038000-7fae3403a000 r--s 00019000 fc:10 1654820                    /data/elasticsearch-jdbc-2.3.3.0/lib/HdrHistogram-2.1.6.jar
7fae3403a000-7fae34053000 r--s 0012c000 fc:10 1654807                    /data/elasticsearch-jdbc-2.3.3.0/lib/netty-3.10.5.Final.jar
7fae34053000-7fae34cfd000 rw-p 00000000 00:00 0 
7fae34cfd000-7fae34cfe000 ---p 00000000 00:00 0 
7fae34cfe000-7fae34dfe000 rw-p 00000000 00:00 0 
7fae34dfe000-7fae34dff000 ---p 00000000 00:00 0 
7fae34dff000-7fae34eff000 rw-p 00000000 00:00 0 
7fae34eff000-7fae34f00000 ---p 00000000 00:00 0 
7fae34f00000-7fae35000000 rw-p 00000000 00:00 0 
7fae35000000-7fae35d00000 rwxp 00000000 00:00 0 
7fae35d00000-7fae44000000 ---p 00000000 00:00 0 
7fae44000000-7fae4452e000 rw-p 00000000 00:00 0 
7fae4452e000-7fae48000000 ---p 00000000 00:00 0 
7fae48000000-7fae48004000 r--s 00035000 fc:10 1654822                    /data/elasticsearch-jdbc-2.3.3.0/lib/lucene-sandbox-5.5.0.jar
7fae48004000-7fae4801b000 r--s 00100000 fc:10 1654804                    /data/elasticsearch-jdbc-2.3.3.0/lib/hppc-0.7.1.jar
7fae4801b000-7fae4802c000 r--s 000b2000 fc:10 1654816                    /data/elasticsearch-jdbc-2.3.3.0/lib/jts-1.13.jar
7fae4802c000-7fae48032000 r--s 0003c000 fc:10 1654810                    /data/elasticsearch-jdbc-2.3.3.0/lib/snakeyaml-1.15.jar
7fae48032000-7fae480a2000 rw-p 00000000 00:00 0 
7fae480a2000-7fae480a3000 ---p 00000000 00:00 0 
7fae480a3000-7fae48298000 rw-p 00000000 00:00 0 
7fae48298000-7fae48434000 ---p 00000000 00:00 0 
7fae48434000-7fae48529000 rw-p 00000000 00:00 0 
7fae48529000-7fae486c4000 ---p 00000000 00:00 0 
7fae486c4000-7fae4880d000 rw-p 00000000 00:00 0 
7fae4880d000-7fae48842000 rw-p 00000000 00:00 0 
7fae48842000-7fae48bce000 ---p 00000000 00:00 0 
7fae48bce000-7fae48bd6000 r-xp 00000000 fc:01 1311523                    /usr/lib/jvm/java-1.8.0-openjdk-1.8.0.101-3.b13.el6_8.x86_64/jre/lib/amd64/libzip.so
7fae48bd6000-7fae48dd5000 ---p 00008000 fc:01 1311523                    /usr/lib/jvm/java-1.8.0-openjdk-1.8.0.101-3.b13.el6_8.x86_64/jre/lib/amd64/libzip.so
7fae48dd5000-7fae48dd6000 rw-p 00007000 fc:01 1311523                    /usr/lib/jvm/java-1.8.0-openjdk-1.8.0.101-3.b13.el6_8.x86_64/jre/lib/amd64/libzip.so
7fae48dd6000-7fae48de2000 r-xp 00000000 fc:01 262212                     /lib64/libnss_files-2.12.so
7fae48de2000-7fae48fe2000 ---p 0000c000 fc:01 262212                     /lib64/libnss_files-2.12.so
7fae48fe2000-7fae48fe3000 r--p 0000c000 fc:01 262212                     /lib64/libnss_files-2.12.so
7fae48fe3000-7fae48fe4000 rw-p 0000d000 fc:01 262212                     /lib64/libnss_files-2.12.so
7fae48fe4000-7fae48fec000 rw-s 00000000 fc:01 529455                     /tmp/hsperfdata_root/9698
7fae48fec000-7fae49016000 r-xp 00000000 fc:01 1311505                    /usr/lib/jvm/java-1.8.0-openjdk-1.8.0.101-3.b13.el6_8.x86_64/jre/lib/amd64/libjava.so
7fae49016000-7fae49216000 ---p 0002a000 fc:01 1311505                    /usr/lib/jvm/java-1.8.0-openjdk-1.8.0.101-3.b13.el6_8.x86_64/jre/lib/amd64/libjava.so
7fae49216000-7fae49218000 rw-p 0002a000 fc:01 1311505                    /usr/lib/jvm/java-1.8.0-openjdk-1.8.0.101-3.b13.el6_8.x86_64/jre/lib/amd64/libjava.so
7fae49218000-7fae49226000 r-xp 00000000 fc:01 1311522                    /usr/lib/jvm/java-1.8.0-openjdk-1.8.0.101-3.b13.el6_8.x86_64/jre/lib/amd64/libverify.so
7fae49226000-7fae49425000 ---p 0000e000 fc:01 1311522                    /usr/lib/jvm/java-1.8.0-openjdk-1.8.0.101-3.b13.el6_8.x86_64/jre/lib/amd64/libverify.so
7fae49425000-7fae49427000 rw-p 0000d000 fc:01 1311522                    /usr/lib/jvm/java-1.8.0-openjdk-1.8.0.101-3.b13.el6_8.x86_64/jre/lib/amd64/libverify.so
7fae49427000-7fae4942a000 ---p 00000000 00:00 0 
7fae4942a000-7fae49528000 rw-p 00000000 00:00 0 
7fae49528000-7fae4a150000 r-xp 00000000 fc:01 1311527                    /usr/lib/jvm/java-1.8.0-openjdk-1.8.0.101-3.b13.el6_8.x86_64/jre/lib/amd64/server/libjvm.so
7fae4a150000-7fae4a350000 ---p 00c28000 fc:01 1311527                    /usr/lib/jvm/java-1.8.0-openjdk-1.8.0.101-3.b13.el6_8.x86_64/jre/lib/amd64/server/libjvm.so
7fae4a350000-7fae4a41e000 rw-p 00c28000 fc:01 1311527                    /usr/lib/jvm/java-1.8.0-openjdk-1.8.0.101-3.b13.el6_8.x86_64/jre/lib/amd64/server/libjvm.so
7fae4a41e000-7fae4a454000 rw-p 00000000 00:00 0 
7fae4a454000-7fae4a456000 r--s 0000e000 fc:10 1654829                    /data/elasticsearch-jdbc-2.3.3.0/lib/jsr166e-1.1.0.jar
7fae4a456000-7fae4a458000 r--s 00008000 fc:10 1654828                    /data/elasticsearch-jdbc-2.3.3.0/lib/joda-convert-1.2.jar
7fae4a458000-7fae4a459000 r--s 0000b000 fc:10 1654788                    /data/elasticsearch-jdbc-2.3.3.0/lib/jackson-dataformat-cbor-2.6.6.jar
7fae4a459000-7fae4a45a000 rw-p 00000000 00:00 0 
7fae4a45a000-7fae4a45b000 ---p 00000000 00:00 0 
7fae4a45b000-7fae4a45c000 rw-p 00000000 00:00 0 
7fffe4fd9000-7fffe4fee000 rw-p 00000000 00:00 0                          [stack]
7fffe4fff000-7fffe5000000 r-xp 00000000 00:00 0                          [vdso]
ffffffffff600000-ffffffffff601000 r-xp 00000000 00:00 0                  [vsyscall]

VM Arguments:
jvm_args: -Dlog4j.configurationFile=/data/elasticsearch-jdbc-2.3.3.0/bin/log4j2.xml 
java_command: org.xbib.tools.Runner org.xbib.tools.JDBCImporter
java_class_path (initial): /data/elasticsearch-jdbc-2.3.3.0/lib/jackson-dataformat-cbor-2.6.6.jar:/data/elasticsearch-jdbc-2.3.3.0/lib/snakeyaml-1.15.jar:/data/elasticsearch-jdbc-2.3.3.0/lib/jts-1.13.jar:/data/elasticsearch-jdbc-2.3.3.0/lib/joda-convert-1.2.jar:/data/elasticsearch-jdbc-2.3.3.0/lib/hppc-0.7.1.jar:/data/elasticsearch-jdbc-2.3.3.0/lib/netty-3.10.5.Final.jar:/data/elasticsearch-jdbc-2.3.3.0/lib/HdrHistogram-2.1.6.jar:/data/elasticsearch-jdbc-2.3.3.0/lib/joda-time-2.8.2.jar:/data/elasticsearch-jdbc-2.3.3.0/lib/lucene-suggest-5.5.0.jar:/data/elasticsearch-jdbc-2.3.3.0/lib/commons-cli-1.3.1.jar:/data/elasticsearch-jdbc-2.3.3.0/lib/lucene-spatial3d-5.5.0.jar:/data/elasticsearch-jdbc-2.3.3.0/lib/jackson-dataformat-smile-2.6.6.jar:/data/elasticsearch-jdbc-2.3.3.0/lib/lucene-core-5.5.0.jar:/data/elasticsearch-jdbc-2.3.3.0/lib/jsr166e-1.1.0.jar:/data/elasticsearch-jdbc-2.3.3.0/lib/lucene-backward-codecs-5.5.0.jar:/data/elasticsearch-jdbc-2.3.3.0/lib/log4j-core-2.5.jar:/data/elasticsearch-jdbc-2.3.3.0/lib/mysql-connector-java-5.1.38.jar:/data/elasticsearch-jdbc-2.3.3.0/lib/lucene-memory-5.5.0.jar:/data/elasticsearch-jdbc-2.3.3.0/lib/securesm-1.0.jar:/data/elasticsearch-jdbc-2.3.3.0/lib/lucene-join-5.5.0.jar:/data/elasticsearch-jdbc-2.3.3.0/lib/jackson-dataformat-yaml-2.6.6.jar:/data/elasticsearch-jdbc-2.3.3.0/lib/lucene-grouping-5.5.0.jar:/data/elasticsearch-jdbc-2.3.3.0/lib/jdbc-driver-csv-1.0.0.jar:/data/elasticsearch-jdbc-2.3.3.0/lib/lucene-analyzers-common-5.5.0.jar:/data/elasticsearch-jdbc-2.3.3.0/lib/elasticsearch-2.3.3.jar:/data/elasticsearch-jdbc-2.3.3.0/lib/lucene-spatial-5.5.0.jar:/data/elasticsearch-jdbc-2.3.3.0/lib/t-digest-3.0.jar:/data/elasticsearch-jdbc-2.3.3.0/lib/h2-1.4.191.jar:/data/elasticsearch-jdbc-2.3.3.0/lib/elasticsearch-helper-2.3.3.0.jar:/data/elasticsearch-jdbc-2.3.3.0/lib/lucene-queries-5.5.0.jar:/data/elasticsearch-jdbc-2.3.3.0/lib/hsqldb-2.3.3.jar:/data/elasticsearch-jdbc-2.3.3.0/lib/derby-10.12.1.1.jar:/data/elasticsearch-jdbc-2.
Launcher Type: SUN_STANDARD

Environment Variables:
PATH=/usr/local/sbin:/usr/local/bin:/sbin:/bin:/usr/sbin:/usr/bin:/data/node-v4/bin/:/data/node-v4/lib/node_modules/:/root/bin
SHELL=/bin/bash

Signal Handlers:
SIGSEGV: [libjvm.so+0xa2dff0], sa_mask[0]=11111111011111111101111111111110, sa_flags=SA_RESTART|SA_SIGINFO
SIGBUS: [libjvm.so+0xa2dff0], sa_mask[0]=11111111011111111101111111111110, sa_flags=SA_RESTART|SA_SIGINFO
SIGFPE: [libjvm.so+0x89ada0], sa_mask[0]=11111111011111111101111111111110, sa_flags=SA_RESTART|SA_SIGINFO
SIGPIPE: [libjvm.so+0x89ada0], sa_mask[0]=11111111011111111101111111111110, sa_flags=SA_RESTART|SA_SIGINFO
SIGXFSZ: [libjvm.so+0x89ada0], sa_mask[0]=11111111011111111101111111111110, sa_flags=SA_RESTART|SA_SIGINFO
SIGILL: [libjvm.so+0x89ada0], sa_mask[0]=11111111011111111101111111111110, sa_flags=SA_RESTART|SA_SIGINFO
SIGUSR1: SIG_DFL, sa_mask[0]=00000000000000000000000000000000, sa_flags=none
SIGUSR2: [libjvm.so+0x89c360], sa_mask[0]=00000000000000000000000000000000, sa_flags=SA_RESTART|SA_SIGINFO
SIGHUP: SIG_IGN, sa_mask[0]=00000000000000000000000000000000, sa_flags=none
SIGINT: [libjvm.so+0x89dc40], sa_mask[0]=11111111011111111101111111111110, sa_flags=SA_RESTART|SA_SIGINFO
SIGTERM: [libjvm.so+0x89dc40], sa_mask[0]=11111111011111111101111111111110, sa_flags=SA_RESTART|SA_SIGINFO
SIGQUIT: [libjvm.so+0x89dc40], sa_mask[0]=11111111011111111101111111111110, sa_flags=SA_RESTART|SA_SIGINFO


---------------  S Y S T E M  ---------------

OS:CentOS release 6.5 (Final)

uname:Linux 2.6.32-431.23.3.el6.x86_64 #1 SMP Thu Jul 31 17:20:51 UTC 2014 x86_64
libc:glibc 2.12 NPTL 2.12 
rlimit: STACK 10240k, CORE 0k, NPROC 62820, NOFILE 65535, AS infinity
load average:0.86 0.89 0.89

/proc/meminfo:
MemTotal:        8061396 kB
MemFree:          231844 kB
Buffers:            7540 kB
Cached:           100804 kB
SwapCached:            0 kB
Active:          7347888 kB
Inactive:          58028 kB
Active(anon):    7296592 kB
Inactive(anon):     1264 kB
Active(file):      51296 kB
Inactive(file):    56764 kB
Unevictable:           0 kB
Mlocked:               0 kB
SwapTotal:             0 kB
SwapFree:              0 kB
Dirty:               148 kB
Writeback:             0 kB
AnonPages:       7299904 kB
Mapped:            25372 kB
Shmem:               264 kB
Slab:             128196 kB
SReclaimable:      13588 kB
SUnreclaim:       114608 kB
KernelStack:      162336 kB
PageTables:        66540 kB
NFS_Unstable:          0 kB
Bounce:                0 kB
WritebackTmp:          0 kB
CommitLimit:     4030696 kB
Committed_AS:   26187388 kB
VmallocTotal:   34359738367 kB
VmallocUsed:       25800 kB
VmallocChunk:   34359710080 kB
HardwareCorrupted:     0 kB
AnonHugePages:   5455872 kB
HugePages_Total:       0
HugePages_Free:        0
HugePages_Rsvd:        0
HugePages_Surp:        0
Hugepagesize:       2048 kB
DirectMap4k:        6016 kB
DirectMap2M:     2091008 kB
DirectMap1G:     6291456 kB


CPU:total 4 (4 cores per cpu, 1 threads per core) family 6 model 63 stepping 2, cmov, cx8, fxsr, mmx, sse, sse2, sse3, ssse3, sse4.1, sse4.2, popcnt, avx, aes, clmul, lzcnt, tsc

/proc/cpuinfo:
processor	: 0
vendor_id	: GenuineIntel
cpu family	: 6
model		: 63
model name	: Intel(R) Xeon(R) CPU E5-2680 v3 @ 2.50GHz
stepping	: 2
cpu MHz		: 2494.220
cache size	: 30720 KB
physical id	: 0
siblings	: 4
core id		: 0
cpu cores	: 4
apicid		: 0
initial apicid	: 0
fpu		: yes
fpu_exception	: yes
cpuid level	: 13
wp		: yes
flags		: fpu vme de pse tsc msr pae mce cx8 apic sep mtrr pge mca cmov pat pse36 clflush mmx fxsr sse sse2 ss ht syscall nx pdpe1gb rdtscp lm constant_tsc rep_good unfair_spinlock pni pclmulqdq ssse3 fma cx16 pcid sse4_1 sse4_2 x2apic movbe popcnt tsc_deadline_timer aes xsave avx f16c rdrand hypervisor lahf_lm abm xsaveopt
bogomips	: 4988.44
clflush size	: 64
cache_alignment	: 64
address sizes	: 46 bits physical, 48 bits virtual
power management:

processor	: 1
vendor_id	: GenuineIntel
cpu family	: 6
model		: 63
model name	: Intel(R) Xeon(R) CPU E5-2680 v3 @ 2.50GHz
stepping	: 2
cpu MHz		: 2494.220
cache size	: 30720 KB
physical id	: 0
siblings	: 4
core id		: 1
cpu cores	: 4
apicid		: 1
initial apicid	: 1
fpu		: yes
fpu_exception	: yes
cpuid level	: 13
wp		: yes
flags		: fpu vme de pse tsc msr pae mce cx8 apic sep mtrr pge mca cmov pat pse36 clflush mmx fxsr sse sse2 ss ht syscall nx pdpe1gb rdtscp lm constant_tsc rep_good unfair_spinlock pni pclmulqdq ssse3 fma cx16 pcid sse4_1 sse4_2 x2apic movbe popcnt tsc_deadline_timer aes xsave avx f16c rdrand hypervisor lahf_lm abm xsaveopt
bogomips	: 4988.44
clflush size	: 64
cache_alignment	: 64
address sizes	: 46 bits physical, 48 bits virtual
power management:

processor	: 2
vendor_id	: GenuineIntel
cpu family	: 6
model		: 63
model name	: Intel(R) Xeon(R) CPU E5-2680 v3 @ 2.50GHz
stepping	: 2
cpu MHz		: 2494.220
cache size	: 30720 KB
physical id	: 0
siblings	: 4
core id		: 2
cpu cores	: 4
apicid		: 2
initial apicid	: 2
fpu		: yes
fpu_exception	: yes
cpuid level	: 13
wp		: yes
flags		: fpu vme de pse tsc msr pae mce cx8 apic sep mtrr pge mca cmov pat pse36 clflush mmx fxsr sse sse2 ss ht syscall nx pdpe1gb rdtscp lm constant_tsc rep_good unfair_spinlock pni pclmulqdq ssse3 fma cx16 pcid sse4_1 sse4_2 x2apic movbe popcnt tsc_deadline_timer aes xsave avx f16c rdrand hypervisor lahf_lm abm xsaveopt
bogomips	: 4988.44
clflush size	: 64
cache_alignment	: 64
address sizes	: 46 bits physical, 48 bits virtual
power management:

processor	: 3
vendor_id	: GenuineIntel
cpu family	: 6
model		: 63
model name	: Intel(R) Xeon(R) CPU E5-2680 v3 @ 2.50GHz
stepping	: 2
cpu MHz		: 2494.220
cache size	: 30720 KB
physical id	: 0
siblings	: 4
core id		: 3
cpu cores	: 4
apicid		: 3
initial apicid	: 3
fpu		: yes
fpu_exception	: yes
cpuid level	: 13
wp		: yes
flags		: fpu vme de pse tsc msr pae mce cx8 apic sep mtrr pge mca cmov pat pse36 clflush mmx fxsr sse sse2 ss ht syscall nx pdpe1gb rdtscp lm constant_tsc rep_good unfair_spinlock pni pclmulqdq ssse3 fma cx16 pcid sse4_1 sse4_2 x2apic movbe popcnt tsc_deadline_timer aes xsave avx f16c rdrand hypervisor lahf_lm abm xsaveopt
bogomips	: 4988.44
clflush size	: 64
cache_alignment	: 64
address sizes	: 46 bits physical, 48 bits virtual
power management:



Memory: 4k page, physical 8061396k(231844k free), swap 0k(0k free)

vm_info: OpenJDK 64-Bit Server VM (25.101-b13) for linux-amd64 JRE (1.8.0_101-b13), built on Jul 20 2016 09:04:40 by "mockbuild" with gcc 4.4.7 20120313 (Red Hat 4.4.7-17)

time: Thu Dec  1 13:15:53 2016
elapsed time: 3990 seconds (0d 1h 6m 30s)

